#
# There is insufficient memory for the Java Runtime Environment to continue.
# Native memory allocation (malloc) failed to allocate 2097152 bytes for AllocateHeap
# Possible reasons:
#   The system is out of physical RAM or swap space
#   The process is running with CompressedOops enabled, and the Java Heap may be blocking the growth of the native heap
# Possible solutions:
#   Reduce memory load on the system
#   Increase physical memory or swap space
#   Check if swap backing store is full
#   Decrease Java heap size (-Xmx/-Xms)
#   Decrease number of Java threads
#   Decrease Java thread stack sizes (-Xss)
#   Set larger code cache with -XX:ReservedCodeCacheSize=
#   JVM is running with Zero Based Compressed Oops mode in which the Java heap is
#     placed in the first 32GB address space. The Java Heap base address is the
#     maximum limit for the native heap growth. Please use -XX:HeapBaseMinAddress
#     to set the Java Heap base and to place the Java Heap above 32GB virtual address.
# This output file may be truncated or incomplete.
#
#  Out of Memory Error (allocation.cpp:44), pid=12656, tid=15292
#
# JRE version: OpenJDK Runtime Environment Temurin-17.0.8.1+1 (17.0.8.1+1) (build 17.0.8.1+1)
# Java VM: OpenJDK 64-Bit Server VM Temurin-17.0.8.1+1 (17.0.8.1+1, mixed mode, emulated-client, tiered, compressed oops, compressed class ptrs, g1 gc, windows-amd64)
# No core dump will be written. Minidumps are not enabled by default on client versions of Windows
#

---------------  S U M M A R Y ------------

Command Line: -Dcom.sun.management.jmxremote -Dcom.sun.management.jmxremote.port=51884 -Dcom.sun.management.jmxremote.authenticate=false -Dcom.sun.management.jmxremote.ssl=false -Djava.rmi.server.hostname=localhost -Dspring.jmx.enabled=true -Dmanagement.endpoints.jmx.exposure.include=* -Dspring.application.admin.enabled=true -XX:TieredStopAtLevel=1 -Dspring.boot.project.name=noninoni -Dfile.encoding=UTF-8 -Dstdout.encoding=UTF-8 -Dstderr.encoding=UTF-8 -XX:+ShowCodeDetailsInExceptionMessages noninoni.NoninoniApplication --spring.output.ansi.enabled=always

Host: AMD Ryzen 5 5625U with Radeon Graphics         , 12 cores, 13G,  Windows 11 , 64 bit Build 22621 (10.0.22621.2506)
Time: Fri Jan 19 05:51:13 2024  Windows 11 , 64 bit Build 22621 (10.0.22621.2506) elapsed time: 1552.545321 seconds (0d 0h 25m 52s)

---------------  T H R E A D  ---------------

Current thread (0x00000220eb53de80):  VMThread "VM Thread" [stack: 0x000000245f000000,0x000000245f100000] [id=15292]

Stack: [0x000000245f000000,0x000000245f100000]
Native frames: (J=compiled Java code, j=interpreted, Vv=VM code, C=native code)
V  [jvm.dll+0x678b0a]
V  [jvm.dll+0x835e84]
V  [jvm.dll+0x83762e]
V  [jvm.dll+0x837c93]
V  [jvm.dll+0x24746f]
V  [jvm.dll+0xa697b]
V  [jvm.dll+0x2f7f41]
V  [jvm.dll+0x2f3b80]
V  [jvm.dll+0x2dc1c7]
V  [jvm.dll+0x31f227]
V  [jvm.dll+0x83c15b]
V  [jvm.dll+0x83ce94]
V  [jvm.dll+0x83d3ac]
V  [jvm.dll+0x83d784]
V  [jvm.dll+0x83d850]
V  [jvm.dll+0x7e64ca]
V  [jvm.dll+0x677955]
C  [ucrtbase.dll+0x29363]
C  [KERNEL32.DLL+0x1257d]
C  [ntdll.dll+0x5aa58]

VM_Operation (0x000000245e7fef30): G1CollectFull, mode: safepoint, requested by thread 0x00000220f316f7a0


---------------  P R O C E S S  ---------------

Threads class SMR info:
_java_thread_list=0x00000220f2f0c950, length=20, elements={
0x00000220eb541640, 0x00000220eb581030, 0x00000220eb593ea0, 0x00000220eb596650,
0x00000220eb5d3650, 0x00000220eb5d3f20, 0x00000220eb5d7cf0, 0x00000220eb5e0610,
0x00000220eb64e3b0, 0x00000220eb7bc010, 0x00000220f0610a40, 0x00000220f0611290,
0x00000220f06661f0, 0x00000220f0720500, 0x00000220f077c2a0, 0x00000220f077b370,
0x00000220f3173970, 0x00000220f3171b10, 0x00000220f31701c0, 0x00000220f316f7a0
}

Java Threads: ( => current thread )
  0x00000220eb541640 JavaThread "Reference Handler" daemon [_thread_blocked, id=4512, stack(0x000000245f100000,0x000000245f200000)]
  0x00000220eb581030 JavaThread "Finalizer" daemon [_thread_blocked, id=8088, stack(0x000000245f200000,0x000000245f300000)]
  0x00000220eb593ea0 JavaThread "Signal Dispatcher" daemon [_thread_blocked, id=14900, stack(0x000000245f300000,0x000000245f400000)]
  0x00000220eb596650 JavaThread "Attach Listener" daemon [_thread_blocked, id=11032, stack(0x000000245f400000,0x000000245f500000)]
  0x00000220eb5d3650 JavaThread "Service Thread" daemon [_thread_blocked, id=19768, stack(0x000000245f500000,0x000000245f600000)]
  0x00000220eb5d3f20 JavaThread "Monitor Deflation Thread" daemon [_thread_blocked, id=18028, stack(0x000000245f600000,0x000000245f700000)]
  0x00000220eb5d7cf0 JavaThread "C1 CompilerThread0" daemon [_thread_blocked, id=17656, stack(0x000000245f700000,0x000000245f800000)]
  0x00000220eb5e0610 JavaThread "Sweeper thread" daemon [_thread_blocked, id=14896, stack(0x000000245f800000,0x000000245f900000)]
  0x00000220eb64e3b0 JavaThread "Common-Cleaner" daemon [_thread_blocked, id=5920, stack(0x000000245f900000,0x000000245fa00000)]
  0x00000220eb7bc010 JavaThread "Notification Thread" daemon [_thread_blocked, id=16764, stack(0x000000245fc00000,0x000000245fd00000)]
  0x00000220f0610a40 JavaThread "RMI TCP Accept-0" daemon [_thread_in_native, id=16172, stack(0x000000245fd00000,0x000000245fe00000)]
  0x00000220f0611290 JavaThread "RMI TCP Accept-51884" daemon [_thread_in_native, id=5364, stack(0x000000245fe00000,0x000000245ff00000)]
  0x00000220f06661f0 JavaThread "RMI TCP Accept-0" daemon [_thread_in_native, id=5540, stack(0x000000245ff00000,0x0000002460000000)]
  0x00000220f0720500 JavaThread "RMI Scheduler(0)" daemon [_thread_blocked, id=18172, stack(0x0000002460200000,0x0000002460300000)]
  0x00000220f077c2a0 JavaThread "JMX server connection timeout 22" daemon [_thread_blocked, id=18148, stack(0x0000002460400000,0x0000002460500000)]
  0x00000220f077b370 JavaThread "mysql-cj-abandoned-connection-cleanup" daemon [_thread_blocked, id=7420, stack(0x0000002461200000,0x0000002461300000)]
  0x00000220f3173970 JavaThread "Live Reload Server" daemon [_thread_in_native, id=13072, stack(0x0000002461e00000,0x0000002461f00000)]
  0x00000220f3171b10 JavaThread "DestroyJavaVM" [_thread_blocked, id=3432, stack(0x000000245ea00000,0x000000245eb00000)]
  0x00000220f31701c0 JavaThread "RMI TCP Connection(idle)" daemon [_thread_blocked, id=14244, stack(0x0000002460e00000,0x0000002460f00000)]
  0x00000220f316f7a0 JavaThread "Thread-27" [_thread_blocked, id=16388, stack(0x000000245e700000,0x000000245e800000)]

Other Threads:
=>0x00000220eb53de80 VMThread "VM Thread" [stack: 0x000000245f000000,0x000000245f100000] [id=15292]
  0x00000220f06666d0 WatcherThread [stack: 0x0000002460000000,0x0000002460100000] [id=18836]
  0x00000220d9ac0430 GCTaskThread "GC Thread#0" [stack: 0x000000245eb00000,0x000000245ec00000] [id=19848]
  0x00000220f07f1260 GCTaskThread "GC Thread#1" [stack: 0x0000002460500000,0x0000002460600000] [id=6248]
  0x00000220f0a266b0 GCTaskThread "GC Thread#2" [stack: 0x0000002460600000,0x0000002460700000] [id=9328]
  0x00000220f079b6e0 GCTaskThread "GC Thread#3" [stack: 0x0000002460700000,0x0000002460800000] [id=14884]
  0x00000220f0820040 GCTaskThread "GC Thread#4" [stack: 0x0000002460800000,0x0000002460900000] [id=6100]
  0x00000220f0820300 GCTaskThread "GC Thread#5" [stack: 0x0000002460900000,0x0000002460a00000] [id=3692]
  0x00000220f0a8b320 GCTaskThread "GC Thread#6" [stack: 0x0000002460a00000,0x0000002460b00000] [id=6392]
  0x00000220f0a8b5e0 GCTaskThread "GC Thread#7" [stack: 0x0000002460b00000,0x0000002460c00000] [id=17516]
  0x00000220f0c68690 GCTaskThread "GC Thread#8" [stack: 0x0000002461000000,0x0000002461100000] [id=19228]
  0x00000220f0c69960 GCTaskThread "GC Thread#9" [stack: 0x0000002461100000,0x0000002461200000] [id=6812]
  0x00000220d9acf8e0 ConcurrentGCThread "G1 Main Marker" [stack: 0x000000245ec00000,0x000000245ed00000] [id=20432]
  0x00000220d9ad0900 ConcurrentGCThread "G1 Conc#0" [stack: 0x000000245ed00000,0x000000245ee00000] [id=5368]
  0x00000220f0cf9b70 ConcurrentGCThread "G1 Conc#1" [stack: 0x0000002461300000,0x0000002461400000] [id=15600]
  0x00000220f0d5de70 ConcurrentGCThread "G1 Conc#2" [stack: 0x0000002461400000,0x0000002461500000] [id=18916]
  0x00000220d9aeebe0 ConcurrentGCThread "G1 Refine#0" [stack: 0x000000245ee00000,0x000000245ef00000] [id=5100]
  0x00000220f0a694a0 ConcurrentGCThread "G1 Refine#1" [stack: 0x0000002460c00000,0x0000002460d00000] [id=11420]
  0x00000220f0a69b90 ConcurrentGCThread "G1 Refine#2" [stack: 0x0000002460d00000,0x0000002460e00000] [id=15812]
  0x00000220eb07bcb0 ConcurrentGCThread "G1 Service" [stack: 0x000000245ef00000,0x000000245f000000] [id=4036]

Threads with active compile tasks:

VM state: at safepoint (normal execution)

VM Mutex/Monitor currently owned by a thread:  ([mutex/lock_event])
[0x00000220d9a5a460] Threads_lock - owner thread: 0x00000220eb53de80
[0x00000220d9a59f50] Heap_lock - owner thread: 0x00000220f316f7a0

Heap address: 0x0000000722400000, size: 3548 MB, Compressed Oops mode: Zero based, Oop shift amount: 3

CDS archive(s) not mapped
Compressed class space mapped at: 0x0000000800000000-0x0000000840000000, reserved size: 1073741824
Narrow klass base: 0x0000000800000000, Narrow klass shift: 0, Narrow klass range: 0x40000000

GC Precious Log:
 CPUs: 12 total, 12 available
 Memory: 14188M
 Large Page Support: Disabled
 NUMA Support: Disabled
 Compressed Oops: Enabled (Zero based)
 Heap Region Size: 2M
 Heap Min Capacity: 8M
 Heap Initial Capacity: 222M
 Heap Max Capacity: 3548M
 Pre-touch: Disabled
 Parallel Workers: 10
 Concurrent Workers: 3
 Concurrent Refinement Workers: 10
 Periodic GC: Disabled

Heap:
 garbage-first heap   total 528384K, used 192269K [0x0000000722400000, 0x0000000800000000)
  region size 2048K, 72 young (147456K), 13 survivors (26624K)
 Metaspace       used 113401K, committed 114304K, reserved 1179648K
  class space    used 15316K, committed 15744K, reserved 1048576K

Heap Regions: E=young(eden), S=young(survivor), O=old, HS=humongous(starts), HC=humongous(continues), CS=collection set, F=free, OA=open archive, CA=closed archive, TAMS=top-at-mark-start (previous, next)
|   0|0x0000000722400000, 0x0000000722600000, 0x0000000722600000|100%| O|  |TAMS 0x0000000722600000, 0x0000000722400000| Untracked 
|   1|0x0000000722600000, 0x00000007227ff570, 0x0000000722800000| 99%| O|  |TAMS 0x00000007227ff570, 0x0000000722600000| Untracked 
|   2|0x0000000722800000, 0x0000000722a00000, 0x0000000722a00000|100%| O|  |TAMS 0x0000000722a00000, 0x0000000722800000| Untracked 
|   3|0x0000000722a00000, 0x0000000722c00000, 0x0000000722c00000|100%| O|  |TAMS 0x0000000722c00000, 0x0000000722a00000| Untracked 
|   4|0x0000000722c00000, 0x0000000722dfffc8, 0x0000000722e00000| 99%| O|  |TAMS 0x0000000722dfffc8, 0x0000000722c00000| Untracked 
|   5|0x0000000722e00000, 0x0000000722fffff0, 0x0000000723000000| 99%| O|  |TAMS 0x0000000722fffff0, 0x0000000722e00000| Untracked 
|   6|0x0000000723000000, 0x00000007231febb0, 0x0000000723200000| 99%| O|  |TAMS 0x00000007231febb0, 0x0000000723000000| Untracked 
|   7|0x0000000723200000, 0x00000007233ffff8, 0x0000000723400000| 99%| O|  |TAMS 0x00000007233ffff8, 0x0000000723200000| Untracked 
|   8|0x0000000723400000, 0x00000007235ffff0, 0x0000000723600000| 99%| O|  |TAMS 0x0000000723400000, 0x0000000723400000| Untracked 
|   9|0x0000000723600000, 0x00000007237ffe40, 0x0000000723800000| 99%| O|  |TAMS 0x00000007237ffe40, 0x0000000723600000| Untracked 
|  10|0x0000000723800000, 0x00000007239ffff0, 0x0000000723a00000| 99%| O|  |TAMS 0x0000000723800000, 0x0000000723800000| Untracked 
|  11|0x0000000723a00000, 0x0000000723bfffe0, 0x0000000723c00000| 99%| O|  |TAMS 0x0000000723bfffe0, 0x0000000723a00000| Untracked 
|  12|0x0000000723c00000, 0x0000000723dffff0, 0x0000000723e00000| 99%| O|  |TAMS 0x0000000723c00000, 0x0000000723c00000| Untracked 
|  13|0x0000000723e00000, 0x0000000723fffff0, 0x0000000724000000| 99%| O|  |TAMS 0x0000000723fffff0, 0x0000000723e00000| Untracked 
|  14|0x0000000724000000, 0x00000007241fff20, 0x0000000724200000| 99%| O|  |TAMS 0x0000000724000000, 0x0000000724000000| Untracked 
|  15|0x0000000724200000, 0x00000007243fffe8, 0x0000000724400000| 99%| O|  |TAMS 0x0000000724200000, 0x0000000724200000| Untracked 
|  16|0x0000000724400000, 0x00000007245ffff8, 0x0000000724600000| 99%| O|  |TAMS 0x0000000724400000, 0x0000000724400000| Untracked 
|  17|0x0000000724600000, 0x00000007247fffe0, 0x0000000724800000| 99%| O|  |TAMS 0x0000000724600000, 0x0000000724600000| Untracked 
|  18|0x0000000724800000, 0x000000072487f740, 0x0000000724a00000| 24%| O|  |TAMS 0x0000000724800000, 0x0000000724800000| Untracked 
|  19|0x0000000724a00000, 0x0000000724a7b0f0, 0x0000000724c00000| 24%| O|  |TAMS 0x0000000724a00000, 0x0000000724a00000| Untracked 
|  20|0x0000000724c00000, 0x0000000724d41838, 0x0000000724e00000| 62%| O|  |TAMS 0x0000000724c00000, 0x0000000724c00000| Untracked 
|  21|0x0000000724e00000, 0x0000000724ffffe8, 0x0000000725000000| 99%| O|  |TAMS 0x0000000724e00000, 0x0000000724e00000| Untracked 
|  22|0x0000000725000000, 0x0000000725000000, 0x0000000725200000|  0%| F|  |TAMS 0x0000000725000000, 0x0000000725000000| Untracked 
|  23|0x0000000725200000, 0x0000000725200000, 0x0000000725400000|  0%| F|  |TAMS 0x0000000725200000, 0x0000000725200000| Untracked 
|  24|0x0000000725400000, 0x00000007255becd8, 0x0000000725600000| 87%| O|  |TAMS 0x0000000725400000, 0x0000000725400000| Untracked 
|  25|0x0000000725600000, 0x0000000725600000, 0x0000000725800000|  0%| F|  |TAMS 0x0000000725600000, 0x0000000725600000| Untracked 
|  26|0x0000000725800000, 0x0000000725a00000, 0x0000000725a00000|100%| O|  |TAMS 0x0000000725800000, 0x0000000725800000| Untracked 
|  27|0x0000000725a00000, 0x0000000725ad81f8, 0x0000000725c00000| 42%| O|  |TAMS 0x0000000725a00000, 0x0000000725a00000| Untracked 
|  28|0x0000000725c00000, 0x0000000725c00000, 0x0000000725e00000|  0%| F|  |TAMS 0x0000000725c00000, 0x0000000725c00000| Untracked 
|  29|0x0000000725e00000, 0x0000000725e00000, 0x0000000726000000|  0%| F|  |TAMS 0x0000000725e00000, 0x0000000725e00000| Untracked 
|  30|0x0000000726000000, 0x00000007260b42c0, 0x0000000726200000| 35%| O|  |TAMS 0x0000000726000000, 0x0000000726000000| Untracked 
|  31|0x0000000726200000, 0x0000000726200000, 0x0000000726400000|  0%| F|  |TAMS 0x0000000726200000, 0x0000000726200000| Untracked 
|  32|0x0000000726400000, 0x0000000726400000, 0x0000000726600000|  0%| F|  |TAMS 0x0000000726400000, 0x0000000726400000| Untracked 
|  33|0x0000000726600000, 0x0000000726600000, 0x0000000726800000|  0%| F|  |TAMS 0x0000000726600000, 0x0000000726600000| Untracked 
|  34|0x0000000726800000, 0x0000000726800000, 0x0000000726a00000|  0%| F|  |TAMS 0x0000000726800000, 0x0000000726800000| Untracked 
|  35|0x0000000726a00000, 0x0000000726a00000, 0x0000000726c00000|  0%| F|  |TAMS 0x0000000726a00000, 0x0000000726a00000| Untracked 
|  36|0x0000000726c00000, 0x0000000726c00000, 0x0000000726e00000|  0%| F|  |TAMS 0x0000000726c00000, 0x0000000726c00000| Untracked 
|  37|0x0000000726e00000, 0x0000000726e00000, 0x0000000727000000|  0%| F|  |TAMS 0x0000000726e00000, 0x0000000726e00000| Untracked 
|  38|0x0000000727000000, 0x0000000727000000, 0x0000000727200000|  0%| F|  |TAMS 0x0000000727000000, 0x0000000727000000| Untracked 
|  39|0x0000000727200000, 0x0000000727200000, 0x0000000727400000|  0%| F|  |TAMS 0x0000000727200000, 0x0000000727200000| Untracked 
|  40|0x0000000727400000, 0x00000007274cb880, 0x0000000727600000| 39%| O|  |TAMS 0x0000000727400000, 0x0000000727400000| Untracked 
|  41|0x0000000727600000, 0x0000000727600000, 0x0000000727800000|  0%| F|  |TAMS 0x0000000727600000, 0x0000000727600000| Untracked 
|  42|0x0000000727800000, 0x0000000727800000, 0x0000000727a00000|  0%| F|  |TAMS 0x0000000727800000, 0x0000000727800000| Untracked 
|  43|0x0000000727a00000, 0x0000000727a00000, 0x0000000727c00000|  0%| F|  |TAMS 0x0000000727a00000, 0x0000000727a00000| Untracked 
|  44|0x0000000727c00000, 0x0000000727c00000, 0x0000000727e00000|  0%| F|  |TAMS 0x0000000727c00000, 0x0000000727c00000| Untracked 
|  45|0x0000000727e00000, 0x0000000727e00000, 0x0000000728000000|  0%| F|  |TAMS 0x0000000727e00000, 0x0000000727e00000| Untracked 
|  46|0x0000000728000000, 0x0000000728000000, 0x0000000728200000|  0%| F|  |TAMS 0x0000000728000000, 0x0000000728000000| Untracked 
|  47|0x0000000728200000, 0x0000000728200000, 0x0000000728400000|  0%| F|  |TAMS 0x0000000728200000, 0x0000000728200000| Untracked 
|  48|0x0000000728400000, 0x0000000728400000, 0x0000000728600000|  0%| F|  |TAMS 0x0000000728400000, 0x0000000728400000| Untracked 
|  49|0x0000000728600000, 0x0000000728600000, 0x0000000728800000|  0%| F|  |TAMS 0x0000000728600000, 0x0000000728600000| Untracked 
|  50|0x0000000728800000, 0x0000000728800000, 0x0000000728a00000|  0%| F|  |TAMS 0x0000000728800000, 0x0000000728800000| Untracked 
|  51|0x0000000728a00000, 0x0000000728a00000, 0x0000000728c00000|  0%| F|  |TAMS 0x0000000728a00000, 0x0000000728a00000| Untracked 
|  52|0x0000000728c00000, 0x0000000728c00000, 0x0000000728e00000|  0%| F|  |TAMS 0x0000000728c00000, 0x0000000728c00000| Untracked 
|  53|0x0000000728e00000, 0x0000000728e00000, 0x0000000729000000|  0%| F|  |TAMS 0x0000000728e00000, 0x0000000728e00000| Untracked 
|  54|0x0000000729000000, 0x0000000729000000, 0x0000000729200000|  0%| F|  |TAMS 0x0000000729000000, 0x0000000729000000| Untracked 
|  55|0x0000000729200000, 0x0000000729200000, 0x0000000729400000|  0%| F|  |TAMS 0x0000000729200000, 0x0000000729200000| Untracked 
|  56|0x0000000729400000, 0x0000000729400000, 0x0000000729600000|  0%| F|  |TAMS 0x0000000729400000, 0x0000000729400000| Untracked 
|  57|0x0000000729600000, 0x0000000729600000, 0x0000000729800000|  0%| F|  |TAMS 0x0000000729600000, 0x0000000729600000| Untracked 
|  58|0x0000000729800000, 0x0000000729800000, 0x0000000729a00000|  0%| F|  |TAMS 0x0000000729800000, 0x0000000729800000| Untracked 
|  59|0x0000000729a00000, 0x0000000729a00000, 0x0000000729c00000|  0%| F|  |TAMS 0x0000000729a00000, 0x0000000729a00000| Untracked 
|  60|0x0000000729c00000, 0x0000000729c00000, 0x0000000729e00000|  0%| F|  |TAMS 0x0000000729c00000, 0x0000000729c00000| Untracked 
|  61|0x0000000729e00000, 0x0000000729e00000, 0x000000072a000000|  0%| F|  |TAMS 0x0000000729e00000, 0x0000000729e00000| Untracked 
|  62|0x000000072a000000, 0x000000072a000000, 0x000000072a200000|  0%| F|  |TAMS 0x000000072a000000, 0x000000072a000000| Untracked 
|  63|0x000000072a200000, 0x000000072a200000, 0x000000072a400000|  0%| F|  |TAMS 0x000000072a200000, 0x000000072a200000| Untracked 
|  64|0x000000072a400000, 0x000000072a400000, 0x000000072a600000|  0%| F|  |TAMS 0x000000072a400000, 0x000000072a400000| Untracked 
|  65|0x000000072a600000, 0x000000072a600000, 0x000000072a800000|  0%| F|  |TAMS 0x000000072a600000, 0x000000072a600000| Untracked 
|  66|0x000000072a800000, 0x000000072a800000, 0x000000072aa00000|  0%| F|  |TAMS 0x000000072a800000, 0x000000072a800000| Untracked 
|  67|0x000000072aa00000, 0x000000072aa00000, 0x000000072ac00000|  0%| F|  |TAMS 0x000000072aa00000, 0x000000072aa00000| Untracked 
|  68|0x000000072ac00000, 0x000000072ac00000, 0x000000072ae00000|  0%| F|  |TAMS 0x000000072ac00000, 0x000000072ac00000| Untracked 
|  69|0x000000072ae00000, 0x000000072ae00000, 0x000000072b000000|  0%| F|  |TAMS 0x000000072ae00000, 0x000000072ae00000| Untracked 
|  70|0x000000072b000000, 0x000000072b000000, 0x000000072b200000|  0%| F|  |TAMS 0x000000072b000000, 0x000000072b000000| Untracked 
|  71|0x000000072b200000, 0x000000072b200000, 0x000000072b400000|  0%| F|  |TAMS 0x000000072b200000, 0x000000072b200000| Untracked 
|  72|0x000000072b400000, 0x000000072b400000, 0x000000072b600000|  0%| F|  |TAMS 0x000000072b400000, 0x000000072b400000| Untracked 
|  73|0x000000072b600000, 0x000000072b600000, 0x000000072b800000|  0%| F|  |TAMS 0x000000072b600000, 0x000000072b600000| Untracked 
|  74|0x000000072b800000, 0x000000072b800000, 0x000000072ba00000|  0%| F|  |TAMS 0x000000072b800000, 0x000000072b800000| Untracked 
|  75|0x000000072ba00000, 0x000000072ba00000, 0x000000072bc00000|  0%| F|  |TAMS 0x000000072ba00000, 0x000000072ba00000| Untracked 
|  76|0x000000072bc00000, 0x000000072bc00000, 0x000000072be00000|  0%| F|  |TAMS 0x000000072bc00000, 0x000000072bc00000| Untracked 
|  77|0x000000072be00000, 0x000000072be00000, 0x000000072c000000|  0%| F|  |TAMS 0x000000072be00000, 0x000000072be00000| Untracked 
|  78|0x000000072c000000, 0x000000072c000000, 0x000000072c200000|  0%| F|  |TAMS 0x000000072c000000, 0x000000072c000000| Untracked 
|  79|0x000000072c200000, 0x000000072c200000, 0x000000072c400000|  0%| F|  |TAMS 0x000000072c200000, 0x000000072c200000| Untracked 
|  80|0x000000072c400000, 0x000000072c400000, 0x000000072c600000|  0%| F|  |TAMS 0x000000072c400000, 0x000000072c400000| Untracked 
|  81|0x000000072c600000, 0x000000072c600000, 0x000000072c800000|  0%| F|  |TAMS 0x000000072c600000, 0x000000072c600000| Untracked 
|  82|0x000000072c800000, 0x000000072c800000, 0x000000072ca00000|  0%| F|  |TAMS 0x000000072c800000, 0x000000072c800000| Untracked 
|  83|0x000000072ca00000, 0x000000072ca00000, 0x000000072cc00000|  0%| F|  |TAMS 0x000000072ca00000, 0x000000072ca00000| Untracked 
|  84|0x000000072cc00000, 0x000000072cc00000, 0x000000072ce00000|  0%| F|  |TAMS 0x000000072cc00000, 0x000000072cc00000| Untracked 
|  85|0x000000072ce00000, 0x000000072ce00000, 0x000000072d000000|  0%| F|  |TAMS 0x000000072ce00000, 0x000000072ce00000| Untracked 
|  86|0x000000072d000000, 0x000000072d000000, 0x000000072d200000|  0%| F|  |TAMS 0x000000072d000000, 0x000000072d000000| Untracked 
|  87|0x000000072d200000, 0x000000072d200000, 0x000000072d400000|  0%| F|  |TAMS 0x000000072d200000, 0x000000072d200000| Untracked 
|  88|0x000000072d400000, 0x000000072d400000, 0x000000072d600000|  0%| F|  |TAMS 0x000000072d400000, 0x000000072d400000| Untracked 
|  89|0x000000072d600000, 0x000000072d600000, 0x000000072d800000|  0%| F|  |TAMS 0x000000072d600000, 0x000000072d600000| Untracked 
|  90|0x000000072d800000, 0x000000072d800000, 0x000000072da00000|  0%| F|  |TAMS 0x000000072d800000, 0x000000072d800000| Untracked 
|  91|0x000000072da00000, 0x000000072db72ed8, 0x000000072dc00000| 72%| S|CS|TAMS 0x000000072da00000, 0x000000072da00000| Complete 
|  92|0x000000072dc00000, 0x000000072de00000, 0x000000072de00000|100%| S|CS|TAMS 0x000000072dc00000, 0x000000072dc00000| Complete 
|  93|0x000000072de00000, 0x000000072e000000, 0x000000072e000000|100%| S|CS|TAMS 0x000000072de00000, 0x000000072de00000| Complete 
|  94|0x000000072e000000, 0x000000072e200000, 0x000000072e200000|100%| S|CS|TAMS 0x000000072e000000, 0x000000072e000000| Complete 
|  95|0x000000072e200000, 0x000000072e400000, 0x000000072e400000|100%| S|CS|TAMS 0x000000072e200000, 0x000000072e200000| Complete 
|  96|0x000000072e400000, 0x000000072e600000, 0x000000072e600000|100%| S|CS|TAMS 0x000000072e400000, 0x000000072e400000| Complete 
|  97|0x000000072e600000, 0x000000072e800000, 0x000000072e800000|100%| S|CS|TAMS 0x000000072e600000, 0x000000072e600000| Complete 
|  98|0x000000072e800000, 0x000000072ea00000, 0x000000072ea00000|100%| S|CS|TAMS 0x000000072e800000, 0x000000072e800000| Complete 
|  99|0x000000072ea00000, 0x000000072ea00000, 0x000000072ec00000|  0%| F|  |TAMS 0x000000072ea00000, 0x000000072ea00000| Untracked 
| 100|0x000000072ec00000, 0x000000072ec00000, 0x000000072ee00000|  0%| F|  |TAMS 0x000000072ec00000, 0x000000072ec00000| Untracked 
| 101|0x000000072ee00000, 0x000000072ee00000, 0x000000072f000000|  0%| F|  |TAMS 0x000000072ee00000, 0x000000072ee00000| Untracked 
| 102|0x000000072f000000, 0x000000072f000000, 0x000000072f200000|  0%| F|  |TAMS 0x000000072f000000, 0x000000072f000000| Untracked 
| 103|0x000000072f200000, 0x000000072f200000, 0x000000072f400000|  0%| F|  |TAMS 0x000000072f200000, 0x000000072f200000| Untracked 
| 104|0x000000072f400000, 0x000000072f400000, 0x000000072f600000|  0%| F|  |TAMS 0x000000072f400000, 0x000000072f400000| Untracked 
| 105|0x000000072f600000, 0x000000072f600000, 0x000000072f800000|  0%| F|  |TAMS 0x000000072f600000, 0x000000072f600000| Untracked 
| 106|0x000000072f800000, 0x000000072f800000, 0x000000072fa00000|  0%| F|  |TAMS 0x000000072f800000, 0x000000072f800000| Untracked 
| 107|0x000000072fa00000, 0x000000072fa00000, 0x000000072fc00000|  0%| F|  |TAMS 0x000000072fa00000, 0x000000072fa00000| Untracked 
| 108|0x000000072fc00000, 0x000000072fe00000, 0x000000072fe00000|100%| S|CS|TAMS 0x000000072fc00000, 0x000000072fc00000| Complete 
| 109|0x000000072fe00000, 0x0000000730000000, 0x0000000730000000|100%| S|CS|TAMS 0x000000072fe00000, 0x000000072fe00000| Complete 
| 110|0x0000000730000000, 0x0000000730200000, 0x0000000730200000|100%| S|CS|TAMS 0x0000000730000000, 0x0000000730000000| Complete 
| 111|0x0000000730200000, 0x0000000730400000, 0x0000000730400000|100%| S|CS|TAMS 0x0000000730200000, 0x0000000730200000| Complete 
| 112|0x0000000730400000, 0x0000000730600000, 0x0000000730600000|100%| S|CS|TAMS 0x0000000730400000, 0x0000000730400000| Complete 
| 113|0x0000000730600000, 0x0000000730600000, 0x0000000730800000|  0%| F|  |TAMS 0x0000000730600000, 0x0000000730600000| Untracked 
| 114|0x0000000730800000, 0x0000000730800000, 0x0000000730a00000|  0%| F|  |TAMS 0x0000000730800000, 0x0000000730800000| Untracked 
| 115|0x0000000730a00000, 0x0000000730a00000, 0x0000000730c00000|  0%| F|  |TAMS 0x0000000730a00000, 0x0000000730a00000| Untracked 
| 116|0x0000000730c00000, 0x0000000730c00000, 0x0000000730e00000|  0%| F|  |TAMS 0x0000000730c00000, 0x0000000730c00000| Untracked 
| 117|0x0000000730e00000, 0x0000000730e00000, 0x0000000731000000|  0%| F|  |TAMS 0x0000000730e00000, 0x0000000730e00000| Untracked 
| 118|0x0000000731000000, 0x0000000731000000, 0x0000000731200000|  0%| F|  |TAMS 0x0000000731000000, 0x0000000731000000| Untracked 
| 119|0x0000000731200000, 0x0000000731200000, 0x0000000731400000|  0%| F|  |TAMS 0x0000000731200000, 0x0000000731200000| Untracked 
| 120|0x0000000731400000, 0x0000000731400000, 0x0000000731600000|  0%| F|  |TAMS 0x0000000731400000, 0x0000000731400000| Untracked 
| 121|0x0000000731600000, 0x0000000731600000, 0x0000000731800000|  0%| F|  |TAMS 0x0000000731600000, 0x0000000731600000| Untracked 
| 122|0x0000000731800000, 0x0000000731800000, 0x0000000731a00000|  0%| F|  |TAMS 0x0000000731800000, 0x0000000731800000| Untracked 
| 123|0x0000000731a00000, 0x0000000731a00000, 0x0000000731c00000|  0%| F|  |TAMS 0x0000000731a00000, 0x0000000731a00000| Untracked 
| 124|0x0000000731c00000, 0x0000000731c00000, 0x0000000731e00000|  0%| F|  |TAMS 0x0000000731c00000, 0x0000000731c00000| Untracked 
| 125|0x0000000731e00000, 0x0000000731e00000, 0x0000000732000000|  0%| F|  |TAMS 0x0000000731e00000, 0x0000000731e00000| Untracked 
| 126|0x0000000732000000, 0x0000000732000000, 0x0000000732200000|  0%| F|  |TAMS 0x0000000732000000, 0x0000000732000000| Untracked 
| 127|0x0000000732200000, 0x0000000732200000, 0x0000000732400000|  0%| F|  |TAMS 0x0000000732200000, 0x0000000732200000| Untracked 
| 128|0x0000000732400000, 0x0000000732400000, 0x0000000732600000|  0%| F|  |TAMS 0x0000000732400000, 0x0000000732400000| Untracked 
| 129|0x0000000732600000, 0x0000000732600000, 0x0000000732800000|  0%| F|  |TAMS 0x0000000732600000, 0x0000000732600000| Untracked 
| 130|0x0000000732800000, 0x0000000732800000, 0x0000000732a00000|  0%| F|  |TAMS 0x0000000732800000, 0x0000000732800000| Untracked 
| 131|0x0000000732a00000, 0x0000000732a00000, 0x0000000732c00000|  0%| F|  |TAMS 0x0000000732a00000, 0x0000000732a00000| Untracked 
| 132|0x0000000732c00000, 0x0000000732c00000, 0x0000000732e00000|  0%| F|  |TAMS 0x0000000732c00000, 0x0000000732c00000| Untracked 
| 133|0x0000000732e00000, 0x0000000732e00000, 0x0000000733000000|  0%| F|  |TAMS 0x0000000732e00000, 0x0000000732e00000| Untracked 
| 134|0x0000000733000000, 0x0000000733000000, 0x0000000733200000|  0%| F|  |TAMS 0x0000000733000000, 0x0000000733000000| Untracked 
| 135|0x0000000733200000, 0x0000000733200000, 0x0000000733400000|  0%| F|  |TAMS 0x0000000733200000, 0x0000000733200000| Untracked 
| 136|0x0000000733400000, 0x0000000733400000, 0x0000000733600000|  0%| F|  |TAMS 0x0000000733400000, 0x0000000733400000| Untracked 
| 137|0x0000000733600000, 0x0000000733600000, 0x0000000733800000|  0%| F|  |TAMS 0x0000000733600000, 0x0000000733600000| Untracked 
| 138|0x0000000733800000, 0x0000000733800000, 0x0000000733a00000|  0%| F|  |TAMS 0x0000000733800000, 0x0000000733800000| Untracked 
| 139|0x0000000733a00000, 0x0000000733a00000, 0x0000000733c00000|  0%| F|  |TAMS 0x0000000733a00000, 0x0000000733a00000| Untracked 
| 140|0x0000000733c00000, 0x0000000733c00000, 0x0000000733e00000|  0%| F|  |TAMS 0x0000000733c00000, 0x0000000733c00000| Untracked 
| 141|0x0000000733e00000, 0x0000000733e00000, 0x0000000734000000|  0%| F|  |TAMS 0x0000000733e00000, 0x0000000733e00000| Untracked 
| 142|0x0000000734000000, 0x0000000734000000, 0x0000000734200000|  0%| F|  |TAMS 0x0000000734000000, 0x0000000734000000| Untracked 
| 143|0x0000000734200000, 0x0000000734200000, 0x0000000734400000|  0%| F|  |TAMS 0x0000000734200000, 0x0000000734200000| Untracked 
| 144|0x0000000734400000, 0x0000000734400000, 0x0000000734600000|  0%| F|  |TAMS 0x0000000734400000, 0x0000000734400000| Untracked 
| 145|0x0000000734600000, 0x0000000734600000, 0x0000000734800000|  0%| F|  |TAMS 0x0000000734600000, 0x0000000734600000| Untracked 
| 146|0x0000000734800000, 0x0000000734800000, 0x0000000734a00000|  0%| F|  |TAMS 0x0000000734800000, 0x0000000734800000| Untracked 
| 147|0x0000000734a00000, 0x0000000734a00000, 0x0000000734c00000|  0%| F|  |TAMS 0x0000000734a00000, 0x0000000734a00000| Untracked 
| 148|0x0000000734c00000, 0x0000000734c00000, 0x0000000734e00000|  0%| F|  |TAMS 0x0000000734c00000, 0x0000000734c00000| Untracked 
| 149|0x0000000734e00000, 0x0000000734e00000, 0x0000000735000000|  0%| F|  |TAMS 0x0000000734e00000, 0x0000000734e00000| Untracked 
| 150|0x0000000735000000, 0x0000000735000000, 0x0000000735200000|  0%| F|  |TAMS 0x0000000735000000, 0x0000000735000000| Untracked 
| 151|0x0000000735200000, 0x0000000735200000, 0x0000000735400000|  0%| F|  |TAMS 0x0000000735200000, 0x0000000735200000| Untracked 
| 152|0x0000000735400000, 0x0000000735400000, 0x0000000735600000|  0%| F|  |TAMS 0x0000000735400000, 0x0000000735400000| Untracked 
| 153|0x0000000735600000, 0x0000000735600000, 0x0000000735800000|  0%| F|  |TAMS 0x0000000735600000, 0x0000000735600000| Untracked 
| 154|0x0000000735800000, 0x0000000735800000, 0x0000000735a00000|  0%| F|  |TAMS 0x0000000735800000, 0x0000000735800000| Untracked 
| 155|0x0000000735a00000, 0x0000000735a00000, 0x0000000735c00000|  0%| F|  |TAMS 0x0000000735a00000, 0x0000000735a00000| Untracked 
| 156|0x0000000735c00000, 0x0000000735c00000, 0x0000000735e00000|  0%| F|  |TAMS 0x0000000735c00000, 0x0000000735c00000| Untracked 
| 157|0x0000000735e00000, 0x0000000735e00000, 0x0000000736000000|  0%| F|  |TAMS 0x0000000735e00000, 0x0000000735e00000| Untracked 
| 158|0x0000000736000000, 0x0000000736000000, 0x0000000736200000|  0%| F|  |TAMS 0x0000000736000000, 0x0000000736000000| Untracked 
| 159|0x0000000736200000, 0x0000000736200000, 0x0000000736400000|  0%| F|  |TAMS 0x0000000736200000, 0x0000000736200000| Untracked 
| 160|0x0000000736400000, 0x0000000736400000, 0x0000000736600000|  0%| F|  |TAMS 0x0000000736400000, 0x0000000736400000| Untracked 
| 161|0x0000000736600000, 0x0000000736600000, 0x0000000736800000|  0%| F|  |TAMS 0x0000000736600000, 0x0000000736600000| Untracked 
| 162|0x0000000736800000, 0x0000000736800000, 0x0000000736a00000|  0%| F|  |TAMS 0x0000000736800000, 0x0000000736800000| Untracked 
| 163|0x0000000736a00000, 0x0000000736a00000, 0x0000000736c00000|  0%| F|  |TAMS 0x0000000736a00000, 0x0000000736a00000| Untracked 
| 164|0x0000000736c00000, 0x0000000736c00000, 0x0000000736e00000|  0%| F|  |TAMS 0x0000000736c00000, 0x0000000736c00000| Untracked 
| 165|0x0000000736e00000, 0x0000000736e00000, 0x0000000737000000|  0%| F|  |TAMS 0x0000000736e00000, 0x0000000736e00000| Untracked 
| 166|0x0000000737000000, 0x0000000737000000, 0x0000000737200000|  0%| F|  |TAMS 0x0000000737000000, 0x0000000737000000| Untracked 
| 167|0x0000000737200000, 0x0000000737200000, 0x0000000737400000|  0%| F|  |TAMS 0x0000000737200000, 0x0000000737200000| Untracked 
| 168|0x0000000737400000, 0x0000000737400000, 0x0000000737600000|  0%| F|  |TAMS 0x0000000737400000, 0x0000000737400000| Untracked 
| 169|0x0000000737600000, 0x0000000737600000, 0x0000000737800000|  0%| F|  |TAMS 0x0000000737600000, 0x0000000737600000| Untracked 
| 170|0x0000000737800000, 0x0000000737800000, 0x0000000737a00000|  0%| F|  |TAMS 0x0000000737800000, 0x0000000737800000| Untracked 
| 171|0x0000000737a00000, 0x0000000737a00000, 0x0000000737c00000|  0%| F|  |TAMS 0x0000000737a00000, 0x0000000737a00000| Untracked 
| 172|0x0000000737c00000, 0x0000000737c00000, 0x0000000737e00000|  0%| F|  |TAMS 0x0000000737c00000, 0x0000000737c00000| Untracked 
| 173|0x0000000737e00000, 0x0000000737e00000, 0x0000000738000000|  0%| F|  |TAMS 0x0000000737e00000, 0x0000000737e00000| Untracked 
| 174|0x0000000738000000, 0x0000000738000000, 0x0000000738200000|  0%| F|  |TAMS 0x0000000738000000, 0x0000000738000000| Untracked 
| 175|0x0000000738200000, 0x0000000738200000, 0x0000000738400000|  0%| F|  |TAMS 0x0000000738200000, 0x0000000738200000| Untracked 
| 176|0x0000000738400000, 0x0000000738400000, 0x0000000738600000|  0%| F|  |TAMS 0x0000000738400000, 0x0000000738400000| Untracked 
| 177|0x0000000738600000, 0x0000000738600000, 0x0000000738800000|  0%| F|  |TAMS 0x0000000738600000, 0x0000000738600000| Untracked 
| 178|0x0000000738800000, 0x0000000738800000, 0x0000000738a00000|  0%| F|  |TAMS 0x0000000738800000, 0x0000000738800000| Untracked 
| 179|0x0000000738a00000, 0x0000000738a00000, 0x0000000738c00000|  0%| F|  |TAMS 0x0000000738a00000, 0x0000000738a00000| Untracked 
| 180|0x0000000738c00000, 0x0000000738c00000, 0x0000000738e00000|  0%| F|  |TAMS 0x0000000738c00000, 0x0000000738c00000| Untracked 
| 181|0x0000000738e00000, 0x0000000738e00000, 0x0000000739000000|  0%| F|  |TAMS 0x0000000738e00000, 0x0000000738e00000| Untracked 
| 182|0x0000000739000000, 0x0000000739000000, 0x0000000739200000|  0%| F|  |TAMS 0x0000000739000000, 0x0000000739000000| Untracked 
| 183|0x0000000739200000, 0x0000000739200000, 0x0000000739400000|  0%| F|  |TAMS 0x0000000739200000, 0x0000000739200000| Untracked 
| 184|0x0000000739400000, 0x0000000739400000, 0x0000000739600000|  0%| F|  |TAMS 0x0000000739400000, 0x0000000739400000| Untracked 
| 185|0x0000000739600000, 0x0000000739600000, 0x0000000739800000|  0%| F|  |TAMS 0x0000000739600000, 0x0000000739600000| Untracked 
| 186|0x0000000739800000, 0x0000000739800000, 0x0000000739a00000|  0%| F|  |TAMS 0x0000000739800000, 0x0000000739800000| Untracked 
| 187|0x0000000739a00000, 0x0000000739a00000, 0x0000000739c00000|  0%| F|  |TAMS 0x0000000739a00000, 0x0000000739a00000| Untracked 
| 188|0x0000000739c00000, 0x0000000739c00000, 0x0000000739e00000|  0%| F|  |TAMS 0x0000000739c00000, 0x0000000739c00000| Untracked 
| 189|0x0000000739e00000, 0x0000000739e00000, 0x000000073a000000|  0%| F|  |TAMS 0x0000000739e00000, 0x0000000739e00000| Untracked 
| 190|0x000000073a000000, 0x000000073a000000, 0x000000073a200000|  0%| F|  |TAMS 0x000000073a000000, 0x000000073a000000| Untracked 
| 191|0x000000073a200000, 0x000000073a200000, 0x000000073a400000|  0%| F|  |TAMS 0x000000073a200000, 0x000000073a200000| Untracked 
| 192|0x000000073a400000, 0x000000073a400000, 0x000000073a600000|  0%| F|  |TAMS 0x000000073a400000, 0x000000073a400000| Untracked 
| 193|0x000000073a600000, 0x000000073a600000, 0x000000073a800000|  0%| F|  |TAMS 0x000000073a600000, 0x000000073a600000| Untracked 
| 194|0x000000073a800000, 0x000000073a800000, 0x000000073aa00000|  0%| F|  |TAMS 0x000000073a800000, 0x000000073a800000| Untracked 
| 195|0x000000073aa00000, 0x000000073aa00000, 0x000000073ac00000|  0%| F|  |TAMS 0x000000073aa00000, 0x000000073aa00000| Untracked 
| 196|0x000000073ac00000, 0x000000073ac00000, 0x000000073ae00000|  0%| F|  |TAMS 0x000000073ac00000, 0x000000073ac00000| Untracked 
| 197|0x000000073ae00000, 0x000000073ae00000, 0x000000073b000000|  0%| F|  |TAMS 0x000000073ae00000, 0x000000073ae00000| Untracked 
| 198|0x000000073b000000, 0x000000073b000000, 0x000000073b200000|  0%| F|  |TAMS 0x000000073b000000, 0x000000073b000000| Untracked 
| 199|0x000000073b200000, 0x000000073b400000, 0x000000073b400000|100%| E|  |TAMS 0x000000073b200000, 0x000000073b200000| Complete 
| 200|0x000000073b400000, 0x000000073b600000, 0x000000073b600000|100%| E|CS|TAMS 0x000000073b400000, 0x000000073b400000| Complete 
| 201|0x000000073b600000, 0x000000073b800000, 0x000000073b800000|100%| E|CS|TAMS 0x000000073b600000, 0x000000073b600000| Complete 
| 202|0x000000073b800000, 0x000000073ba00000, 0x000000073ba00000|100%| E|CS|TAMS 0x000000073b800000, 0x000000073b800000| Complete 
| 203|0x000000073ba00000, 0x000000073bc00000, 0x000000073bc00000|100%| E|CS|TAMS 0x000000073ba00000, 0x000000073ba00000| Complete 
| 204|0x000000073bc00000, 0x000000073be00000, 0x000000073be00000|100%| E|CS|TAMS 0x000000073bc00000, 0x000000073bc00000| Complete 
| 205|0x000000073be00000, 0x000000073c000000, 0x000000073c000000|100%| E|CS|TAMS 0x000000073be00000, 0x000000073be00000| Complete 
| 206|0x000000073c000000, 0x000000073c200000, 0x000000073c200000|100%| E|CS|TAMS 0x000000073c000000, 0x000000073c000000| Complete 
| 207|0x000000073c200000, 0x000000073c400000, 0x000000073c400000|100%| E|CS|TAMS 0x000000073c200000, 0x000000073c200000| Complete 
| 208|0x000000073c400000, 0x000000073c600000, 0x000000073c600000|100%| E|CS|TAMS 0x000000073c400000, 0x000000073c400000| Complete 
| 209|0x000000073c600000, 0x000000073c800000, 0x000000073c800000|100%| E|CS|TAMS 0x000000073c600000, 0x000000073c600000| Complete 
| 210|0x000000073c800000, 0x000000073ca00000, 0x000000073ca00000|100%| E|CS|TAMS 0x000000073c800000, 0x000000073c800000| Complete 
| 211|0x000000073ca00000, 0x000000073cc00000, 0x000000073cc00000|100%| E|CS|TAMS 0x000000073ca00000, 0x000000073ca00000| Complete 
| 212|0x000000073cc00000, 0x000000073ce00000, 0x000000073ce00000|100%| E|CS|TAMS 0x000000073cc00000, 0x000000073cc00000| Complete 
| 213|0x000000073ce00000, 0x000000073d000000, 0x000000073d000000|100%| E|CS|TAMS 0x000000073ce00000, 0x000000073ce00000| Complete 
| 214|0x000000073d000000, 0x000000073d200000, 0x000000073d200000|100%| E|CS|TAMS 0x000000073d000000, 0x000000073d000000| Complete 
| 215|0x000000073d200000, 0x000000073d400000, 0x000000073d400000|100%| E|CS|TAMS 0x000000073d200000, 0x000000073d200000| Complete 
| 216|0x000000073d400000, 0x000000073d600000, 0x000000073d600000|100%| E|CS|TAMS 0x000000073d400000, 0x000000073d400000| Complete 
| 217|0x000000073d600000, 0x000000073d800000, 0x000000073d800000|100%| E|CS|TAMS 0x000000073d600000, 0x000000073d600000| Complete 
| 218|0x000000073d800000, 0x000000073da00000, 0x000000073da00000|100%| E|CS|TAMS 0x000000073d800000, 0x000000073d800000| Complete 
| 219|0x000000073da00000, 0x000000073dc00000, 0x000000073dc00000|100%| E|CS|TAMS 0x000000073da00000, 0x000000073da00000| Complete 
| 220|0x000000073dc00000, 0x000000073de00000, 0x000000073de00000|100%| E|CS|TAMS 0x000000073dc00000, 0x000000073dc00000| Complete 
| 221|0x000000073de00000, 0x000000073e000000, 0x000000073e000000|100%| E|CS|TAMS 0x000000073de00000, 0x000000073de00000| Complete 
| 222|0x000000073e000000, 0x000000073e200000, 0x000000073e200000|100%| E|CS|TAMS 0x000000073e000000, 0x000000073e000000| Complete 
| 223|0x000000073e200000, 0x000000073e400000, 0x000000073e400000|100%| E|CS|TAMS 0x000000073e200000, 0x000000073e200000| Complete 
| 224|0x000000073e400000, 0x000000073e600000, 0x000000073e600000|100%| E|CS|TAMS 0x000000073e400000, 0x000000073e400000| Complete 
| 225|0x000000073e600000, 0x000000073e800000, 0x000000073e800000|100%| E|CS|TAMS 0x000000073e600000, 0x000000073e600000| Complete 
| 226|0x000000073e800000, 0x000000073ea00000, 0x000000073ea00000|100%| E|CS|TAMS 0x000000073e800000, 0x000000073e800000| Complete 
| 227|0x000000073ea00000, 0x000000073ec00000, 0x000000073ec00000|100%| E|CS|TAMS 0x000000073ea00000, 0x000000073ea00000| Complete 
| 228|0x000000073ec00000, 0x000000073ee00000, 0x000000073ee00000|100%| E|CS|TAMS 0x000000073ec00000, 0x000000073ec00000| Complete 
| 229|0x000000073ee00000, 0x000000073f000000, 0x000000073f000000|100%| E|CS|TAMS 0x000000073ee00000, 0x000000073ee00000| Complete 
| 230|0x000000073f000000, 0x000000073f200000, 0x000000073f200000|100%| E|CS|TAMS 0x000000073f000000, 0x000000073f000000| Complete 
| 231|0x000000073f200000, 0x000000073f400000, 0x000000073f400000|100%| E|CS|TAMS 0x000000073f200000, 0x000000073f200000| Complete 
| 232|0x000000073f400000, 0x000000073f600000, 0x000000073f600000|100%| E|CS|TAMS 0x000000073f400000, 0x000000073f400000| Complete 
| 233|0x000000073f600000, 0x000000073f800000, 0x000000073f800000|100%| E|CS|TAMS 0x000000073f600000, 0x000000073f600000| Complete 
| 234|0x000000073f800000, 0x000000073fa00000, 0x000000073fa00000|100%| E|CS|TAMS 0x000000073f800000, 0x000000073f800000| Complete 
| 235|0x000000073fa00000, 0x000000073fc00000, 0x000000073fc00000|100%| E|CS|TAMS 0x000000073fa00000, 0x000000073fa00000| Complete 
| 236|0x000000073fc00000, 0x000000073fe00000, 0x000000073fe00000|100%| E|CS|TAMS 0x000000073fc00000, 0x000000073fc00000| Complete 
| 237|0x000000073fe00000, 0x0000000740000000, 0x0000000740000000|100%| E|CS|TAMS 0x000000073fe00000, 0x000000073fe00000| Complete 
| 238|0x0000000740000000, 0x0000000740200000, 0x0000000740200000|100%| E|CS|TAMS 0x0000000740000000, 0x0000000740000000| Complete 
| 239|0x0000000740200000, 0x0000000740400000, 0x0000000740400000|100%| E|CS|TAMS 0x0000000740200000, 0x0000000740200000| Complete 
| 240|0x0000000740400000, 0x0000000740600000, 0x0000000740600000|100%| E|CS|TAMS 0x0000000740400000, 0x0000000740400000| Complete 
| 241|0x0000000740600000, 0x0000000740800000, 0x0000000740800000|100%| E|CS|TAMS 0x0000000740600000, 0x0000000740600000| Complete 
| 242|0x0000000740800000, 0x0000000740a00000, 0x0000000740a00000|100%| E|CS|TAMS 0x0000000740800000, 0x0000000740800000| Complete 
| 243|0x0000000740a00000, 0x0000000740c00000, 0x0000000740c00000|100%| E|CS|TAMS 0x0000000740a00000, 0x0000000740a00000| Complete 
| 244|0x0000000740c00000, 0x0000000740e00000, 0x0000000740e00000|100%| E|CS|TAMS 0x0000000740c00000, 0x0000000740c00000| Complete 
| 245|0x0000000740e00000, 0x0000000741000000, 0x0000000741000000|100%| E|CS|TAMS 0x0000000740e00000, 0x0000000740e00000| Complete 
| 246|0x0000000741000000, 0x0000000741200000, 0x0000000741200000|100%| E|CS|TAMS 0x0000000741000000, 0x0000000741000000| Complete 
| 247|0x0000000741200000, 0x0000000741400000, 0x0000000741400000|100%| E|CS|TAMS 0x0000000741200000, 0x0000000741200000| Complete 
| 248|0x0000000741400000, 0x0000000741600000, 0x0000000741600000|100%| E|CS|TAMS 0x0000000741400000, 0x0000000741400000| Complete 
| 249|0x0000000741600000, 0x0000000741800000, 0x0000000741800000|100%| E|CS|TAMS 0x0000000741600000, 0x0000000741600000| Complete 
| 250|0x0000000741800000, 0x0000000741a00000, 0x0000000741a00000|100%| E|CS|TAMS 0x0000000741800000, 0x0000000741800000| Complete 
| 251|0x0000000741a00000, 0x0000000741c00000, 0x0000000741c00000|100%| E|CS|TAMS 0x0000000741a00000, 0x0000000741a00000| Complete 
| 252|0x0000000741c00000, 0x0000000741e00000, 0x0000000741e00000|100%| E|CS|TAMS 0x0000000741c00000, 0x0000000741c00000| Complete 
| 253|0x0000000741e00000, 0x0000000742000000, 0x0000000742000000|100%| E|CS|TAMS 0x0000000741e00000, 0x0000000741e00000| Complete 
| 254|0x0000000742000000, 0x0000000742200000, 0x0000000742200000|100%| E|CS|TAMS 0x0000000742000000, 0x0000000742000000| Complete 
| 255|0x0000000742200000, 0x0000000742400000, 0x0000000742400000|100%| E|CS|TAMS 0x0000000742200000, 0x0000000742200000| Complete 
| 256|0x0000000742400000, 0x0000000742600000, 0x0000000742600000|100%| E|CS|TAMS 0x0000000742400000, 0x0000000742400000| Complete 
| 257|0x0000000742600000, 0x0000000742800000, 0x0000000742800000|100%| E|CS|TAMS 0x0000000742600000, 0x0000000742600000| Complete 

Card table byte_map: [0x00000220e0b20000,0x00000220e1210000] _byte_map_base: 0x00000220dd20e000

Marking Bits (Prev, Next): (CMBitMap*) 0x00000220d9ac0a50, (CMBitMap*) 0x00000220d9ac0a90
 Prev Bits: [0x00000220e1900000, 0x00000220e5070000)
 Next Bits: [0x00000220e5070000, 0x00000220e87e0000)

Polling page: 0x00000220d79c0000

Metaspace:

Usage:
  Non-class:     95.79 MB used.
      Class:     14.96 MB used.
       Both:    110.74 MB used.

Virtual space:
  Non-class space:      128.00 MB reserved,      96.25 MB ( 75%) committed,  2 nodes.
      Class space:        1.00 GB reserved,      15.38 MB (  2%) committed,  1 nodes.
             Both:        1.12 GB reserved,     111.62 MB ( 10%) committed. 

Chunk freelists:
   Non-Class:  15.77 MB
       Class:  480.00 KB
        Both:  16.24 MB

MaxMetaspaceSize: unlimited
CompressedClassSpaceSize: 1.00 GB
Initial GC threshold: 21.00 MB
Current GC threshold: 184.38 MB
CDS: off
MetaspaceReclaimPolicy: balanced
 - commit_granule_bytes: 65536.
 - commit_granule_words: 8192.
 - virtual_space_node_default_size: 8388608.
 - enlarge_chunks_in_place: 1.
 - new_chunks_are_fully_committed: 0.
 - uncommit_free_chunks: 1.
 - use_allocation_guard: 0.
 - handle_deallocations: 1.


Internal statistics:

num_allocs_failed_limit: 15.
num_arena_births: 2246.
num_arena_deaths: 974.
num_vsnodes_births: 3.
num_vsnodes_deaths: 0.
num_space_committed: 1792.
num_space_uncommitted: 6.
num_chunks_returned_to_freelist: 1522.
num_chunks_taken_from_freelist: 7199.
num_chunk_merges: 426.
num_chunk_splits: 4273.
num_chunks_enlarged: 2882.
num_inconsistent_stats: 0.

CodeCache: size=49152Kb used=34422Kb max_used=35777Kb free=14729Kb
 bounds [0x00000220dd0f0000, 0x00000220df3f0000, 0x00000220e00f0000]
 total_blobs=20755 nmethods=19963 adapters=717
 compilation: enabled
              stopped_count=0, restarted_count=0
 full_count=0

Compilation events (20 events):
Event: 1493.538 Thread 0x00000220eb5d7cf0 20112       1       org.hibernate.query.sqm.internal.QuerySqmImpl::doList (273 bytes)
Event: 1493.539 Thread 0x00000220eb5d7cf0 nmethod 20112 0x00000220df2cbd90 code [0x00000220df2cc040, 0x00000220df2cc9c8]
Event: 1493.570 Thread 0x00000220eb5d7cf0 20113   !   1       org.springframework.orm.jpa.EntityManagerFactoryUtils::applyTransactionTimeout (44 bytes)
Event: 1493.571 Thread 0x00000220eb5d7cf0 nmethod 20113 0x00000220df2cb710 code [0x00000220df2cb8e0, 0x00000220df2cbb78]
Event: 1493.571 Thread 0x00000220eb5d7cf0 20114       1       org.hibernate.query.Query::getResultList (7 bytes)
Event: 1493.571 Thread 0x00000220eb5d7cf0 nmethod 20114 0x00000220df2cb410 code [0x00000220df2cb5a0, 0x00000220df2cb688]
Event: 1493.571 Thread 0x00000220eb5d7cf0 20115   !   1       org.hibernate.query.sqm.internal.ConcreteSqmSelectQueryPlan::withCacheableSqmInterpretation (179 bytes)
Event: 1493.571 Thread 0x00000220eb5d7cf0 nmethod 20115 0x00000220df2ca990 code [0x00000220df2caba0, 0x00000220df2cb138]
Event: 1493.651 Thread 0x00000220eb5d7cf0 20116   !   1       jdk.internal.reflect.GeneratedMethodAccessor172::invoke (64 bytes)
Event: 1493.652 Thread 0x00000220eb5d7cf0 nmethod 20116 0x00000220df2ca110 code [0x00000220df2ca300, 0x00000220df2ca718]
Event: 1493.652 Thread 0x00000220eb5d7cf0 20117       1       org.apache.catalina.connector.Response::setSuspended (9 bytes)
Event: 1493.652 Thread 0x00000220eb5d7cf0 nmethod 20117 0x00000220df2c9e10 code [0x00000220df2c9fa0, 0x00000220df2ca078]
Event: 1552.497 Thread 0x00000220eb5d7cf0 20118       1       java.nio.DirectByteBuffer::cleaner (5 bytes)
Event: 1552.497 Thread 0x00000220eb5d7cf0 nmethod 20118 0x00000220df2c9b10 code [0x00000220df2c9ca0, 0x00000220df2c9d78]
Event: 1552.499 Thread 0x00000220eb5d7cf0 20119       1       java.security.AccessControlContext::calculateFields (89 bytes)
Event: 1552.500 Thread 0x00000220eb5d7cf0 nmethod 20119 0x00000220df2c9590 code [0x00000220df2c9740, 0x00000220df2c9a18]
Event: 1552.531 Thread 0x00000220eb5d7cf0 20121       1       sun.security.ssl.BaseSSLSocketImpl::getSoTimeout (21 bytes)
Event: 1552.531 Thread 0x00000220eb5d7cf0 nmethod 20121 0x00000220df2c8e10 code [0x00000220df2c8fc0, 0x00000220df2c90f8]
Event: 1552.540 Thread 0x00000220eb5d7cf0 20122       1       org.apache.tomcat.util.collections.ManagedConcurrentWeakHashMap$Key::equals (61 bytes)
Event: 1552.540 Thread 0x00000220eb5d7cf0 nmethod 20122 0x00000220df2c8890 code [0x00000220df2c8a60, 0x00000220df2c8d58]

GC Heap History (20 events):
Event: 742.324 GC heap before
{Heap before GC invocations=67 (full 5):
 garbage-first heap   total 221184K, used 176153K [0x0000000722400000, 0x0000000800000000)
  region size 2048K, 55 young (112640K), 0 survivors (0K)
 Metaspace       used 111701K, committed 112384K, reserved 1179648K
  class space    used 15136K, committed 15488K, reserved 1048576K
}
Event: 742.328 GC heap after
{Heap after GC invocations=68 (full 5):
 garbage-first heap   total 221184K, used 70402K [0x0000000722400000, 0x0000000800000000)
  region size 2048K, 4 young (8192K), 4 survivors (8192K)
 Metaspace       used 111701K, committed 112384K, reserved 1179648K
  class space    used 15136K, committed 15488K, reserved 1048576K
}
Event: 742.940 GC heap before
{Heap before GC invocations=68 (full 5):
 garbage-first heap   total 221184K, used 174850K [0x0000000722400000, 0x0000000800000000)
  region size 2048K, 55 young (112640K), 4 survivors (8192K)
 Metaspace       used 112070K, committed 112832K, reserved 1179648K
  class space    used 15172K, committed 15552K, reserved 1048576K
}
Event: 742.945 GC heap after
{Heap after GC invocations=69 (full 5):
 garbage-first heap   total 221184K, used 74286K [0x0000000722400000, 0x0000000800000000)
  region size 2048K, 6 young (12288K), 6 survivors (12288K)
 Metaspace       used 112070K, committed 112832K, reserved 1179648K
  class space    used 15172K, committed 15552K, reserved 1048576K
}
Event: 743.149 GC heap before
{Heap before GC invocations=69 (full 5):
 garbage-first heap   total 221184K, used 174638K [0x0000000722400000, 0x0000000800000000)
  region size 2048K, 55 young (112640K), 6 survivors (12288K)
 Metaspace       used 112300K, committed 113024K, reserved 1179648K
  class space    used 15185K, committed 15552K, reserved 1048576K
}
Event: 743.153 GC heap after
{Heap after GC invocations=70 (full 5):
 garbage-first heap   total 221184K, used 76341K [0x0000000722400000, 0x0000000800000000)
  region size 2048K, 4 young (8192K), 4 survivors (8192K)
 Metaspace       used 112300K, committed 113024K, reserved 1179648K
  class space    used 15185K, committed 15552K, reserved 1048576K
}
Event: 743.469 GC heap before
{Heap before GC invocations=70 (full 5):
 garbage-first heap   total 221184K, used 176693K [0x0000000722400000, 0x0000000800000000)
  region size 2048K, 53 young (108544K), 4 survivors (8192K)
 Metaspace       used 112783K, committed 113536K, reserved 1179648K
  class space    used 15218K, committed 15616K, reserved 1048576K
}
Event: 743.473 GC heap after
{Heap after GC invocations=71 (full 5):
 garbage-first heap   total 221184K, used 79133K [0x0000000722400000, 0x0000000800000000)
  region size 2048K, 5 young (10240K), 5 survivors (10240K)
 Metaspace       used 112783K, committed 113536K, reserved 1179648K
  class space    used 15218K, committed 15616K, reserved 1048576K
}
Event: 743.874 GC heap before
{Heap before GC invocations=71 (full 5):
 garbage-first heap   total 221184K, used 177437K [0x0000000722400000, 0x0000000800000000)
  region size 2048K, 53 young (108544K), 5 survivors (10240K)
 Metaspace       used 112869K, committed 113600K, reserved 1179648K
  class space    used 15226K, committed 15616K, reserved 1048576K
}
Event: 743.879 GC heap after
{Heap after GC invocations=72 (full 5):
 garbage-first heap   total 221184K, used 82695K [0x0000000722400000, 0x0000000800000000)
  region size 2048K, 5 young (10240K), 5 survivors (10240K)
 Metaspace       used 112869K, committed 113600K, reserved 1179648K
  class space    used 15226K, committed 15616K, reserved 1048576K
}
Event: 899.441 GC heap before
{Heap before GC invocations=72 (full 5):
 garbage-first heap   total 221184K, used 178951K [0x0000000722400000, 0x0000000800000000)
  region size 2048K, 52 young (106496K), 5 survivors (10240K)
 Metaspace       used 112884K, committed 113664K, reserved 1179648K
  class space    used 15228K, committed 15616K, reserved 1048576K
}
Event: 899.445 GC heap after
{Heap after GC invocations=73 (full 5):
 garbage-first heap   total 221184K, used 83172K [0x0000000722400000, 0x0000000800000000)
  region size 2048K, 4 young (8192K), 4 survivors (8192K)
 Metaspace       used 112884K, committed 113664K, reserved 1179648K
  class space    used 15228K, committed 15616K, reserved 1048576K
}
Event: 899.446 GC heap before
{Heap before GC invocations=73 (full 5):
 garbage-first heap   total 221184K, used 83172K [0x0000000722400000, 0x0000000800000000)
  region size 2048K, 5 young (10240K), 4 survivors (8192K)
 Metaspace       used 112884K, committed 113664K, reserved 1179648K
  class space    used 15228K, committed 15616K, reserved 1048576K
}
Event: 899.499 GC heap after
{Heap after GC invocations=74 (full 6):
 garbage-first heap   total 184320K, used 47425K [0x0000000722400000, 0x0000000800000000)
  region size 2048K, 0 young (0K), 0 survivors (0K)
 Metaspace       used 110921K, committed 113280K, reserved 1179648K
  class space    used 15052K, committed 15616K, reserved 1048576K
}
Event: 900.071 GC heap before
{Heap before GC invocations=74 (full 6):
 garbage-first heap   total 184320K, used 145729K [0x0000000722400000, 0x0000000800000000)
  region size 2048K, 49 young (100352K), 0 survivors (0K)
 Metaspace       used 111583K, committed 113280K, reserved 1179648K
  class space    used 15118K, committed 15616K, reserved 1048576K
}
Event: 900.076 GC heap after
{Heap after GC invocations=75 (full 6):
 garbage-first heap   total 528384K, used 55450K [0x0000000722400000, 0x0000000800000000)
  region size 2048K, 4 young (8192K), 4 survivors (8192K)
 Metaspace       used 111583K, committed 113280K, reserved 1179648K
  class space    used 15118K, committed 15616K, reserved 1048576K
}
Event: 901.235 GC heap before
{Heap before GC invocations=75 (full 6):
 garbage-first heap   total 528384K, used 362650K [0x0000000722400000, 0x0000000800000000)
  region size 2048K, 154 young (315392K), 4 survivors (8192K)
 Metaspace       used 112696K, committed 113536K, reserved 1179648K
  class space    used 15208K, committed 15616K, reserved 1048576K
}
Event: 901.244 GC heap after
{Heap after GC invocations=76 (full 6):
 garbage-first heap   total 528384K, used 65671K [0x0000000722400000, 0x0000000800000000)
  region size 2048K, 9 young (18432K), 9 survivors (18432K)
 Metaspace       used 112696K, committed 113536K, reserved 1179648K
  class space    used 15208K, committed 15616K, reserved 1048576K
}
Event: 1220.938 GC heap before
{Heap before GC invocations=76 (full 6):
 garbage-first heap   total 528384K, used 362631K [0x0000000722400000, 0x0000000800000000)
  region size 2048K, 154 young (315392K), 9 survivors (18432K)
 Metaspace       used 112992K, committed 113792K, reserved 1179648K
  class space    used 15252K, committed 15680K, reserved 1048576K
}
Event: 1220.947 GC heap after
{Heap after GC invocations=77 (full 6):
 garbage-first heap   total 528384K, used 73485K [0x0000000722400000, 0x0000000800000000)
  region size 2048K, 13 young (26624K), 13 survivors (26624K)
 Metaspace       used 112992K, committed 113792K, reserved 1179648K
  class space    used 15252K, committed 15680K, reserved 1048576K
}

Dll operation events (9 events):
Event: 0.009 Loaded shared library C:\sts-4.20.1.RELEASE\plugins\org.eclipse.justj.openjdk.hotspot.jre.full.win32.x86_64_17.0.8.v20230831-1047\jre\bin\java.dll
Event: 0.169 Loaded shared library C:\sts-4.20.1.RELEASE\plugins\org.eclipse.justj.openjdk.hotspot.jre.full.win32.x86_64_17.0.8.v20230831-1047\jre\bin\jimage.dll
Event: 0.180 Loaded shared library C:\sts-4.20.1.RELEASE\plugins\org.eclipse.justj.openjdk.hotspot.jre.full.win32.x86_64_17.0.8.v20230831-1047\jre\bin\net.dll
Event: 0.182 Loaded shared library C:\sts-4.20.1.RELEASE\plugins\org.eclipse.justj.openjdk.hotspot.jre.full.win32.x86_64_17.0.8.v20230831-1047\jre\bin\nio.dll
Event: 0.186 Loaded shared library C:\sts-4.20.1.RELEASE\plugins\org.eclipse.justj.openjdk.hotspot.jre.full.win32.x86_64_17.0.8.v20230831-1047\jre\bin\zip.dll
Event: 0.242 Loaded shared library C:\sts-4.20.1.RELEASE\plugins\org.eclipse.justj.openjdk.hotspot.jre.full.win32.x86_64_17.0.8.v20230831-1047\jre\bin\management.dll
Event: 0.252 Loaded shared library C:\sts-4.20.1.RELEASE\plugins\org.eclipse.justj.openjdk.hotspot.jre.full.win32.x86_64_17.0.8.v20230831-1047\jre\bin\management_ext.dll
Event: 1.214 Loaded shared library C:\sts-4.20.1.RELEASE\plugins\org.eclipse.justj.openjdk.hotspot.jre.full.win32.x86_64_17.0.8.v20230831-1047\jre\bin\sunmscapi.dll
Event: 2.898 Loaded shared library C:\sts-4.20.1.RELEASE\plugins\org.eclipse.justj.openjdk.hotspot.jre.full.win32.x86_64_17.0.8.v20230831-1047\jre\bin\verify.dll

Deoptimization events (20 events):
Event: 3.028 Thread 0x00000220f077ae60 DEOPT PACKING pc=0x00000220ddb4a2a5 sp=0x0000002460ff5df0
Event: 3.028 Thread 0x00000220f077ae60 DEOPT UNPACKING pc=0x00000220dd147143 sp=0x0000002460ff5358 mode 3
Event: 3.885 Thread 0x00000220f077ae60 DEOPT PACKING pc=0x00000220ddd86774 sp=0x0000002460ff80f0
Event: 3.885 Thread 0x00000220f077ae60 DEOPT UNPACKING pc=0x00000220dd147143 sp=0x0000002460ff7578 mode 0
Event: 4.500 Thread 0x00000220f077ae60 DEOPT PACKING pc=0x00000220dd7187d2 sp=0x0000002460ffa230
Event: 4.500 Thread 0x00000220f077ae60 DEOPT UNPACKING pc=0x00000220dd147143 sp=0x0000002460ff9738 mode 3
Event: 4.607 Thread 0x00000220f077ae60 DEOPT PACKING pc=0x00000220dd7548d4 sp=0x0000002460ffa840
Event: 4.607 Thread 0x00000220f077ae60 DEOPT UNPACKING pc=0x00000220dd147143 sp=0x0000002460ff9d98 mode 0
Event: 6.552 Thread 0x00000220f077ae60 DEOPT PACKING pc=0x00000220de0819fe sp=0x0000002460ffad90
Event: 6.552 Thread 0x00000220f077ae60 DEOPT UNPACKING pc=0x00000220dd147143 sp=0x0000002460ffa1f8 mode 0
Event: 7.513 Thread 0x00000220f31701c0 DEOPT PACKING pc=0x00000220ddb3975c sp=0x0000002460efc380
Event: 7.513 Thread 0x00000220f31701c0 DEOPT UNPACKING pc=0x00000220dd147143 sp=0x0000002460efb840 mode 0
Event: 19.717 Thread 0x00000220f316f290 DEOPT PACKING pc=0x00000220de434048 sp=0x00000024622fb040
Event: 19.717 Thread 0x00000220f316f290 DEOPT UNPACKING pc=0x00000220dd147143 sp=0x00000024622fa5f8 mode 3
Event: 38.841 Thread 0x00000220f3171600 DEOPT PACKING pc=0x00000220de5f0464 sp=0x00000024617fbf00
Event: 38.841 Thread 0x00000220f3171600 DEOPT UNPACKING pc=0x00000220dd147143 sp=0x00000024617fb398 mode 3
Event: 49.618 Thread 0x00000220f3173e80 DEOPT PACKING pc=0x00000220dea2ea5d sp=0x00000024629f4950
Event: 49.618 Thread 0x00000220f3173e80 DEOPT UNPACKING pc=0x00000220dd147143 sp=0x00000024629f3ee0 mode 0
Event: 49.649 Thread 0x00000220f3173e80 DEOPT PACKING pc=0x00000220dea2d5d4 sp=0x00000024629f52b0
Event: 49.649 Thread 0x00000220f3173e80 DEOPT UNPACKING pc=0x00000220dd147143 sp=0x00000024629f4838 mode 0

Classes unloaded (20 events):
Event: 899.457 Thread 0x00000220eb53de80 Unloading class 0x0000000800f30490 'noninoni/controller/FavoriteApiController'
Event: 899.457 Thread 0x00000220eb53de80 Unloading class 0x0000000800f30268 'noninoni/controller/CheckoutController'
Event: 899.457 Thread 0x00000220eb53de80 Unloading class 0x0000000800f30000 'noninoni/controller/CategoryController'
Event: 899.457 Thread 0x00000220eb53de80 Unloading class 0x0000000800f2fb98 'noninoni/controller/CartController'
Event: 899.457 Thread 0x00000220eb53de80 Unloading class 0x0000000800f2f970 'noninoni/controller/BaseController'
Event: 899.457 Thread 0x00000220eb53de80 Unloading class 0x0000000800f2f640 'noninoni/config/WebConfig'
Event: 899.457 Thread 0x00000220eb53de80 Unloading class 0x0000000800f2f410 'noninoni/config/SecurityConfig'
Event: 899.457 Thread 0x00000220eb53de80 Unloading class 0x0000000800f2f208 'noninoni/config/SecurityBeansConfig'
Event: 899.457 Thread 0x00000220eb53de80 Unloading class 0x0000000800f2f000 'noninoni/config/RestClientConfig'
Event: 899.457 Thread 0x00000220eb53de80 Unloading class 0x0000000800f32d68 'noninoni/config/MailConfig'
Event: 899.457 Thread 0x00000220eb53de80 Unloading class 0x0000000800f32a00 'noninoni/config/CustomAuthenticationFilter'
Event: 899.457 Thread 0x00000220eb53de80 Unloading class 0x0000000800f32800 'noninoni/config/ConnectorConfig'
Event: 899.457 Thread 0x00000220eb53de80 Unloading class 0x0000000800f33460 'noninoni/config/AsyncConfig'
Event: 899.457 Thread 0x00000220eb53de80 Unloading class 0x0000000800f33250 'noninoni/Component/OrderScheduler'
Event: 899.457 Thread 0x00000220eb53de80 Unloading class 0x0000000800f33000 'noninoni/NoninoniApplication'
Event: 899.457 Thread 0x00000220eb53de80 Unloading class 0x0000000800b91000 'jdk/internal/reflect/GeneratedSerializationConstructorAccessor21'
Event: 899.457 Thread 0x00000220eb53de80 Unloading class 0x0000000800b90c00 'jdk/internal/reflect/GeneratedSerializationConstructorAccessor20'
Event: 899.457 Thread 0x00000220eb53de80 Unloading class 0x0000000800b90800 'jdk/internal/reflect/GeneratedSerializationConstructorAccessor19'
Event: 899.457 Thread 0x00000220eb53de80 Unloading class 0x0000000800b90400 'jdk/internal/reflect/GeneratedSerializationConstructorAccessor18'
Event: 899.457 Thread 0x00000220eb53de80 Unloading class 0x000000080015c000 'jdk/internal/reflect/GeneratedSerializationConstructorAccessor9'

Classes redefined (0 events):
No events

Internal exceptions (20 events):
Event: 900.709 Thread 0x00000220f077bd90 Exception <a 'java/lang/reflect/InvocationTargetException'{0x000000073c581a60}> (0x000000073c581a60) 
thrown [s\src\hotspot\share\runtime\reflection.cpp, line 1121]
Event: 900.788 Thread 0x00000220f077bd90 Exception <a 'java/lang/reflect/InvocationTargetException'{0x000000073a2781d0}> (0x000000073a2781d0) 
thrown [s\src\hotspot\share\runtime\reflection.cpp, line 1121]
Event: 900.788 Thread 0x00000220f077bd90 Exception <a 'java/lang/reflect/InvocationTargetException'{0x000000073a28a1b0}> (0x000000073a28a1b0) 
thrown [s\src\hotspot\share\runtime\reflection.cpp, line 1121]
Event: 900.789 Thread 0x00000220f077bd90 Exception <a 'java/lang/reflect/InvocationTargetException'{0x000000073a29a8d0}> (0x000000073a29a8d0) 
thrown [s\src\hotspot\share\runtime\reflection.cpp, line 1121]
Event: 900.789 Thread 0x00000220f077bd90 Exception <a 'java/lang/reflect/InvocationTargetException'{0x000000073a2aa8c8}> (0x000000073a2aa8c8) 
thrown [s\src\hotspot\share\runtime\reflection.cpp, line 1121]
Event: 900.789 Thread 0x00000220f077bd90 Exception <a 'java/lang/reflect/InvocationTargetException'{0x000000073a2bf500}> (0x000000073a2bf500) 
thrown [s\src\hotspot\share\runtime\reflection.cpp, line 1121]
Event: 900.790 Thread 0x00000220f077bd90 Exception <a 'java/lang/reflect/InvocationTargetException'{0x000000073a2d2d78}> (0x000000073a2d2d78) 
thrown [s\src\hotspot\share\runtime\reflection.cpp, line 1121]
Event: 900.790 Thread 0x00000220f077bd90 Exception <a 'java/lang/reflect/InvocationTargetException'{0x000000073a2e4d70}> (0x000000073a2e4d70) 
thrown [s\src\hotspot\share\runtime\reflection.cpp, line 1121]
Event: 901.203 Thread 0x00000220f077bd90 Exception <a 'sun/nio/fs/WindowsException'{0x0000000730205250}> (0x0000000730205250) 
thrown [s\src\hotspot\share\prims\jni.cpp, line 516]
Event: 901.282 Thread 0x00000220f077bd90 Exception <a 'java/io/FileNotFoundException'{0x0000000741a67508}> (0x0000000741a67508) 
thrown [s\src\hotspot\share\prims\jni.cpp, line 516]
Event: 901.282 Thread 0x00000220f077bd90 Exception <a 'java/io/FileNotFoundException'{0x0000000741a732f8}> (0x0000000741a732f8) 
thrown [s\src\hotspot\share\prims\jni.cpp, line 516]
Event: 1170.846 Thread 0x00000220f31757d0 Exception <a 'java/lang/NoSuchMethodError'{0x00000007320510a0}: 'java.lang.Object java.lang.invoke.DelegatingMethodHandle$Holder.reinvoke_L(java.lang.Object, long, java.lang.Object, java.lang.Object, java.lang.Object, java.lang.Object, java.lang.Object, java.lang.Object, java.lang.Object, java.lang.Object, java.lang.Object, java.lang.Object, java.lang.Object)'> (0x00000007320510a0) 
thrown [s\src\hotspot\share\interpreter\linkResolver.cpp, line 759]
Event: 1220.961 Thread 0x00000220f3174db0 Exception <a 'java/lang/NoSuchMethodError'{0x0000000742410cc8}: 'java.lang.Object java.lang.invoke.DelegatingMethodHandle$Holder.reinvoke_L(java.lang.Object, java.lang.Object, long, java.lang.Object, java.lang.Object, java.lang.Object, java.lang.Object, java.lang.Object, java.lang.Object, java.lang.Object, java.lang.Object, java.lang.Object, java.lang.Object, java.lang.Object, java.lang.Object, int, java.lang.Object, java.lang.Object, java.lang.Object, java.lang.Object, java.lang.Object, java.lang.Object, 
Event: 1220.963 Thread 0x00000220f3174db0 Exception <a 'java/lang/NoSuchMethodError'{0x0000000742461cb0}: 'java.lang.Object java.lang.invoke.DelegatingMethodHandle$Holder.reinvoke_L(java.lang.Object, long, java.lang.Object, java.lang.Object, java.lang.Object, java.lang.Object, java.lang.Object, java.lang.Object, java.lang.Object, java.lang.Object, java.lang.Object, java.lang.Object, java.lang.Object, java.lang.Object, int, java.lang.Object, java.lang.Object, java.lang.Object, java.lang.Object, java.lang.Object, java.lang.Object, java.lang.Object)'
Event: 1221.032 Thread 0x00000220f316e870 Exception <a 'java/io/FileNotFoundException'{0x000000074226e930}> (0x000000074226e930) 
thrown [s\src\hotspot\share\prims\jni.cpp, line 516]
Event: 1221.035 Thread 0x00000220f316e870 Exception <a 'java/io/FileNotFoundException'{0x00000007422a8528}> (0x00000007422a8528) 
thrown [s\src\hotspot\share\prims\jni.cpp, line 516]
Event: 1228.180 Thread 0x00000220f316e870 Exception <a 'java/io/FileNotFoundException'{0x000000074158f3f0}> (0x000000074158f3f0) 
thrown [s\src\hotspot\share\prims\jni.cpp, line 516]
Event: 1228.181 Thread 0x00000220f316e870 Exception <a 'java/io/FileNotFoundException'{0x000000074159b118}> (0x000000074159b118) 
thrown [s\src\hotspot\share\prims\jni.cpp, line 516]
Event: 1257.259 Thread 0x00000220f31701c0 Exception <a 'sun/net/ConnectionResetException'{0x000000073fd63990}: Connection reset> (0x000000073fd63990) 
thrown [s\src\hotspot\share\prims\jni.cpp, line 535]
Event: 1552.542 Thread 0x00000220f077ae60 Exception <a 'java/lang/InterruptedException'{0x000000073b335ed8}: sleep interrupted> (0x000000073b335ed8) 
thrown [s\src\hotspot\share\prims\jvm.cpp, line 3070]

VM Operations (20 events):
Event: 1250.438 Executing VM operation: Cleanup done
Event: 1255.469 Executing VM operation: Cleanup
Event: 1255.470 Executing VM operation: Cleanup done
Event: 1256.484 Executing VM operation: Cleanup
Event: 1256.484 Executing VM operation: Cleanup done
Event: 1259.499 Executing VM operation: Cleanup
Event: 1259.499 Executing VM operation: Cleanup done
Event: 1260.501 Executing VM operation: Cleanup
Event: 1260.502 Executing VM operation: Cleanup done
Event: 1262.778 Executing VM operation: HandshakeAllThreads
Event: 1262.779 Executing VM operation: HandshakeAllThreads done
Event: 1323.033 Executing VM operation: HandshakeAllThreads
Event: 1323.033 Executing VM operation: HandshakeAllThreads done
Event: 1383.298 Executing VM operation: HandshakeAllThreads
Event: 1383.298 Executing VM operation: HandshakeAllThreads done
Event: 1494.159 Executing VM operation: Cleanup
Event: 1494.159 Executing VM operation: Cleanup done
Event: 1503.768 Executing VM operation: HandshakeAllThreads
Event: 1503.768 Executing VM operation: HandshakeAllThreads done
Event: 1552.542 Executing VM operation: G1CollectFull

Events (20 events):
Event: 1552.477 Thread 0x00000220f3171600 Thread exited: 0x00000220f3171600
Event: 1552.477 Thread 0x00000220f316e870 Thread exited: 0x00000220f316e870
Event: 1552.496 Thread 0x00000220f3170be0 Thread exited: 0x00000220f3170be0
Event: 1552.496 Thread 0x00000220f316fcb0 Thread exited: 0x00000220f316fcb0
Event: 1552.497 Thread 0x00000220f3173460 Thread exited: 0x00000220f3173460
Event: 1552.497 Thread 0x00000220f3173e80 Thread exited: 0x00000220f3173e80
Event: 1552.497 Thread 0x00000220f3175ce0 Thread exited: 0x00000220f3175ce0
Event: 1552.497 Thread 0x00000220f316f290 Thread exited: 0x00000220f316f290
Event: 1552.497 Thread 0x00000220f316ed80 Thread exited: 0x00000220f316ed80
Event: 1552.497 Thread 0x00000220f31757d0 Thread exited: 0x00000220f31757d0
Event: 1552.497 Thread 0x00000220f3174390 Thread exited: 0x00000220f3174390
Event: 1552.497 Thread 0x00000220f3174db0 Thread exited: 0x00000220f3174db0
Event: 1552.497 Thread 0x00000220f31752c0 Thread exited: 0x00000220f31752c0
Event: 1552.497 Thread 0x00000220f31706d0 Thread exited: 0x00000220f31706d0
Event: 1552.500 Thread 0x00000220f316ed80 Thread added: 0x00000220f316ed80
Event: 1552.500 Thread 0x00000220f0779000 Thread exited: 0x00000220f0779000
Event: 1552.539 Thread 0x00000220f316ed80 Thread exited: 0x00000220f316ed80
Event: 1552.542 Thread 0x00000220f077a440 Thread exited: 0x00000220f077a440
Event: 1552.542 Thread 0x00000220f0779f30 Thread exited: 0x00000220f0779f30
Event: 1552.542 Thread 0x00000220f077ae60 Thread exited: 0x00000220f077ae60


Dynamic libraries:
0x00007ff71ab10000 - 0x00007ff71ab1e000 	C:\sts-4.20.1.RELEASE\plugins\org.eclipse.justj.openjdk.hotspot.jre.full.win32.x86_64_17.0.8.v20230831-1047\jre\bin\javaw.exe
0x00007ffc4c4f0000 - 0x00007ffc4c707000 	C:\Windows\SYSTEM32\ntdll.dll
0x00007ffc4ba20000 - 0x00007ffc4bae4000 	C:\Windows\System32\KERNEL32.DLL
0x00007ffc499c0000 - 0x00007ffc49d66000 	C:\Windows\System32\KERNELBASE.dll
0x00007ffc4a120000 - 0x00007ffc4a231000 	C:\Windows\System32\ucrtbase.dll
0x00007ffc20fc0000 - 0x00007ffc20fd7000 	C:\sts-4.20.1.RELEASE\plugins\org.eclipse.justj.openjdk.hotspot.jre.full.win32.x86_64_17.0.8.v20230831-1047\jre\bin\jli.dll
0x00007ffc42940000 - 0x00007ffc42959000 	C:\sts-4.20.1.RELEASE\plugins\org.eclipse.justj.openjdk.hotspot.jre.full.win32.x86_64_17.0.8.v20230831-1047\jre\bin\VCRUNTIME140.dll
0x00007ffc4abd0000 - 0x00007ffc4ad7e000 	C:\Windows\System32\USER32.dll
0x00007ffc4a0f0000 - 0x00007ffc4a116000 	C:\Windows\System32\win32u.dll
0x00007ffc4aba0000 - 0x00007ffc4abc9000 	C:\Windows\System32\GDI32.dll
0x00007ffc2a630000 - 0x00007ffc2a8c3000 	C:\Windows\WinSxS\amd64_microsoft.windows.common-controls_6595b64144ccf1df_6.0.22621.2506_none_270c5ae97388e100\COMCTL32.dll
0x00007ffc49fd0000 - 0x00007ffc4a0e8000 	C:\Windows\System32\gdi32full.dll
0x00007ffc4c230000 - 0x00007ffc4c2d7000 	C:\Windows\System32\msvcrt.dll
0x00007ffc49920000 - 0x00007ffc499ba000 	C:\Windows\System32\msvcp_win.dll
0x00007ffc4a300000 - 0x00007ffc4a331000 	C:\Windows\System32\IMM32.DLL
0x00007ffc444b0000 - 0x00007ffc444bc000 	C:\sts-4.20.1.RELEASE\plugins\org.eclipse.justj.openjdk.hotspot.jre.full.win32.x86_64_17.0.8.v20230831-1047\jre\bin\vcruntime140_1.dll
0x00007ffc2c090000 - 0x00007ffc2c121000 	C:\sts-4.20.1.RELEASE\plugins\org.eclipse.justj.openjdk.hotspot.jre.full.win32.x86_64_17.0.8.v20230831-1047\jre\bin\msvcp140.dll
0x00007ffbdb360000 - 0x00007ffbdbfac000 	C:\sts-4.20.1.RELEASE\plugins\org.eclipse.justj.openjdk.hotspot.jre.full.win32.x86_64_17.0.8.v20230831-1047\jre\bin\server\jvm.dll
0x00007ffc4bec0000 - 0x00007ffc4bf73000 	C:\Windows\System32\ADVAPI32.dll
0x00007ffc4a240000 - 0x00007ffc4a2e8000 	C:\Windows\System32\sechost.dll
0x00007ffc49e30000 - 0x00007ffc49e58000 	C:\Windows\System32\bcrypt.dll
0x00007ffc4c390000 - 0x00007ffc4c4a7000 	C:\Windows\System32\RPCRT4.dll
0x00007ffc49700000 - 0x00007ffc4974d000 	C:\Windows\SYSTEM32\POWRPROF.dll
0x00007ffc427e0000 - 0x00007ffc42814000 	C:\Windows\SYSTEM32\WINMM.dll
0x00007ffc40740000 - 0x00007ffc4074a000 	C:\Windows\SYSTEM32\VERSION.dll
0x00007ffc44e50000 - 0x00007ffc44e59000 	C:\Windows\SYSTEM32\WSOCK32.dll
0x00007ffc4bd00000 - 0x00007ffc4bd71000 	C:\Windows\System32\WS2_32.dll
0x00007ffc496e0000 - 0x00007ffc496f3000 	C:\Windows\SYSTEM32\UMPDC.dll
0x00007ffc48860000 - 0x00007ffc48878000 	C:\Windows\SYSTEM32\kernel.appcore.dll
0x00007ffc42960000 - 0x00007ffc4296a000 	C:\sts-4.20.1.RELEASE\plugins\org.eclipse.justj.openjdk.hotspot.jre.full.win32.x86_64_17.0.8.v20230831-1047\jre\bin\jimage.dll
0x00007ffc471f0000 - 0x00007ffc47423000 	C:\Windows\SYSTEM32\DBGHELP.DLL
0x00007ffc4ae30000 - 0x00007ffc4b1b9000 	C:\Windows\System32\combase.dll
0x00007ffc4bdd0000 - 0x00007ffc4bea7000 	C:\Windows\System32\OLEAUT32.dll
0x00007ffc35c50000 - 0x00007ffc35c82000 	C:\Windows\SYSTEM32\dbgcore.DLL
0x00007ffc498a0000 - 0x00007ffc4991a000 	C:\Windows\System32\bcryptPrimitives.dll
0x00007ffc1ccb0000 - 0x00007ffc1ccd5000 	C:\sts-4.20.1.RELEASE\plugins\org.eclipse.justj.openjdk.hotspot.jre.full.win32.x86_64_17.0.8.v20230831-1047\jre\bin\java.dll
0x00007ffc208e0000 - 0x00007ffc208f8000 	C:\sts-4.20.1.RELEASE\plugins\org.eclipse.justj.openjdk.hotspot.jre.full.win32.x86_64_17.0.8.v20230831-1047\jre\bin\zip.dll
0x00007ffc4b1c0000 - 0x00007ffc4ba1a000 	C:\Windows\System32\SHELL32.dll
0x00007ffc47780000 - 0x00007ffc48076000 	C:\Windows\SYSTEM32\windows.storage.dll
0x00007ffc47640000 - 0x00007ffc4777e000 	C:\Windows\SYSTEM32\wintypes.dll
0x00007ffc4c0d0000 - 0x00007ffc4c1c3000 	C:\Windows\System32\SHCORE.dll
0x00007ffc4ab40000 - 0x00007ffc4ab9e000 	C:\Windows\System32\shlwapi.dll
0x00007ffc49760000 - 0x00007ffc49786000 	C:\Windows\SYSTEM32\profapi.dll
0x00007ffc1fd80000 - 0x00007ffc1fd99000 	C:\sts-4.20.1.RELEASE\plugins\org.eclipse.justj.openjdk.hotspot.jre.full.win32.x86_64_17.0.8.v20230831-1047\jre\bin\net.dll
0x00007ffc43490000 - 0x00007ffc435c7000 	C:\Windows\SYSTEM32\WINHTTP.dll
0x00007ffc48ce0000 - 0x00007ffc48d49000 	C:\Windows\system32\mswsock.dll
0x00007ffc1f0c0000 - 0x00007ffc1f0d5000 	C:\sts-4.20.1.RELEASE\plugins\org.eclipse.justj.openjdk.hotspot.jre.full.win32.x86_64_17.0.8.v20230831-1047\jre\bin\nio.dll
0x00007ffc438f0000 - 0x00007ffc438f9000 	C:\sts-4.20.1.RELEASE\plugins\org.eclipse.justj.openjdk.hotspot.jre.full.win32.x86_64_17.0.8.v20230831-1047\jre\bin\management.dll
0x00007ffc38800000 - 0x00007ffc3880b000 	C:\sts-4.20.1.RELEASE\plugins\org.eclipse.justj.openjdk.hotspot.jre.full.win32.x86_64_17.0.8.v20230831-1047\jre\bin\management_ext.dll
0x00007ffc4a2f0000 - 0x00007ffc4a2f8000 	C:\Windows\System32\PSAPI.DLL
0x00007ffc2f830000 - 0x00007ffc2f847000 	C:\Windows\system32\napinsp.dll
0x00007ffc2f810000 - 0x00007ffc2f82b000 	C:\Windows\system32\pnrpnsp.dll
0x00007ffc48350000 - 0x00007ffc48449000 	C:\Windows\SYSTEM32\DNSAPI.dll
0x00007ffc482e0000 - 0x00007ffc4830d000 	C:\Windows\SYSTEM32\IPHLPAPI.DLL
0x00007ffc4beb0000 - 0x00007ffc4beb9000 	C:\Windows\System32\NSI.dll
0x00007ffc2f5e0000 - 0x00007ffc2f5f1000 	C:\Windows\System32\winrnr.dll
0x00007ffc2f5c0000 - 0x00007ffc2f5d5000 	C:\Windows\system32\wshbth.dll
0x00007ffc2f590000 - 0x00007ffc2f5b1000 	C:\Windows\system32\nlansp_c.dll
0x00007ffc40600000 - 0x00007ffc4060a000 	C:\Windows\System32\rasadhlp.dll
0x00007ffc41f30000 - 0x00007ffc41fb3000 	C:\Windows\System32\fwpuclnt.dll
0x00007ffc48f40000 - 0x00007ffc48f5b000 	C:\Windows\SYSTEM32\CRYPTSP.dll
0x00007ffc487c0000 - 0x00007ffc487f5000 	C:\Windows\system32\rsaenh.dll
0x00007ffc48dd0000 - 0x00007ffc48dfc000 	C:\Windows\SYSTEM32\USERENV.dll
0x00007ffc48f30000 - 0x00007ffc48f3c000 	C:\Windows\SYSTEM32\CRYPTBASE.dll
0x00007ffc42ee0000 - 0x00007ffc42ef9000 	C:\Windows\SYSTEM32\dhcpcsvc6.DLL
0x00007ffc42ec0000 - 0x00007ffc42edf000 	C:\Windows\SYSTEM32\dhcpcsvc.DLL
0x00007ffc44e60000 - 0x00007ffc44e6e000 	C:\sts-4.20.1.RELEASE\plugins\org.eclipse.justj.openjdk.hotspot.jre.full.win32.x86_64_17.0.8.v20230831-1047\jre\bin\sunmscapi.dll
0x00007ffc49e60000 - 0x00007ffc49fc6000 	C:\Windows\System32\CRYPT32.dll
0x00007ffc490f0000 - 0x00007ffc4911e000 	C:\Windows\SYSTEM32\ncrypt.dll
0x00007ffc490b0000 - 0x00007ffc490e7000 	C:\Windows\SYSTEM32\NTASN1.dll
0x00007ffc383f0000 - 0x00007ffc38400000 	C:\sts-4.20.1.RELEASE\plugins\org.eclipse.justj.openjdk.hotspot.jre.full.win32.x86_64_17.0.8.v20230831-1047\jre\bin\verify.dll
0x00007ffc384a0000 - 0x00007ffc384a8000 	C:\Windows\system32\wshunix.dll

dbghelp: loaded successfully - version: 4.0.5 - missing functions: none
symbol engine: initialized successfully - sym options: 0x614 - pdb path: .;C:\sts-4.20.1.RELEASE\plugins\org.eclipse.justj.openjdk.hotspot.jre.full.win32.x86_64_17.0.8.v20230831-1047\jre\bin;C:\Windows\SYSTEM32;C:\Windows\WinSxS\amd64_microsoft.windows.common-controls_6595b64144ccf1df_6.0.22621.2506_none_270c5ae97388e100;C:\sts-4.20.1.RELEASE\plugins\org.eclipse.justj.openjdk.hotspot.jre.full.win32.x86_64_17.0.8.v20230831-1047\jre\bin\server

VM Arguments:
jvm_args: -Dcom.sun.management.jmxremote -Dcom.sun.management.jmxremote.port=51884 -Dcom.sun.management.jmxremote.authenticate=false -Dcom.sun.management.jmxremote.ssl=false -Djava.rmi.server.hostname=localhost -Dspring.jmx.enabled=true -Dmanagement.endpoints.jmx.exposure.include=* -Dspring.application.admin.enabled=true -XX:TieredStopAtLevel=1 -Dspring.boot.project.name=noninoni -Dfile.encoding=UTF-8 -Dstdout.encoding=UTF-8 -Dstderr.encoding=UTF-8 -XX:+ShowCodeDetailsInExceptionMessages 
java_command: noninoni.NoninoniApplication --spring.output.ansi.enabled=always
java_class_path (initial): C:\Users\82106\Documents\workspace-spring-tool-suite-4-4.20.1.RELEASE\noninoni\bin\main;C:\Users\82106\.gradle\caches\modules-2\files-2.1\org.projectlombok\lombok\1.18.30\f195ee86e6c896ea47a1d39defbe20eb59cd149d\lombok-1.18.30.jar;C:\Users\82106\.gradle\caches\modules-2\files-2.1\org.springframework.boot\spring-boot-starter-actuator\3.2.0\d5fbcd592486db01da12ae57dfd505d863ef639f\spring-boot-starter-actuator-3.2.0.jar;C:\Users\82106\.gradle\caches\modules-2\files-2.1\org.springframework.boot\spring-boot-starter-data-jpa\3.2.0\6a8ad077a37f8a0cef6949dcfd91a9b2115cade\spring-boot-starter-data-jpa-3.2.0.jar;C:\Users\82106\.gradle\caches\modules-2\files-2.1\org.springframework.boot\spring-boot-starter-security\3.2.0\c692cc94ac3b5bfa9eb47fa04afa5b570a5b24b2\spring-boot-starter-security-3.2.0.jar;C:\Users\82106\.gradle\caches\modules-2\files-2.1\org.springframework.boot\spring-boot-starter-thymeleaf\3.2.0\aafdb22a1cb8f8f7f38786417a39d56de51213ba\spring-boot-starter-thymeleaf-3.2.0.jar;C:\Users\82106\.gradle\caches\modules-2\files-2.1\org.springframework.boot\spring-boot-starter-validation\3.2.0\eef38598ccf9bbcd541c644e934939144cf9fa85\spring-boot-starter-validation-3.2.0.jar;C:\Users\82106\.gradle\caches\modules-2\files-2.1\org.springframework.boot\spring-boot-starter-web\3.2.0\e609f839e7c2ff9c90bc75d7c05dbcbb19315319\spring-boot-starter-web-3.2.0.jar;C:\Users\82106\.gradle\caches\modules-2\files-2.1\org.thymeleaf.extras\thymeleaf-extras-springsecurity6\3.1.2.RELEASE\574c188eb147191e2f162419e9fc780fcf3256d7\thymeleaf-extras-springsecurity6-3.1.2.RELEASE.jar;C:\Users\82106\.gradle\caches\modules-2\files-2.1\org.springframework.boot\spring-boot-starter-oauth2-client\3.2.0\6277b15ff6d3fb1e45587941167f9f4d42a7e77e\spring-boot-starter-oauth2-client-3.2.0.jar;C:\Users\82106\.gradle\caches\modules-2\files-2.1\org.springframework.boot\spring-boot-configuration-processor\3.2.0\c118a8d5f464983d7298b0f849cb9278f08d1f1e\spring-boot-configuration-processor-3
Launcher Type: SUN_STANDARD

[Global flags]
     intx CICompilerCount                          = 4                                         {product} {ergonomic}
     uint ConcGCThreads                            = 3                                         {product} {ergonomic}
     uint G1ConcRefinementThreads                  = 10                                        {product} {ergonomic}
   size_t G1HeapRegionSize                         = 2097152                                   {product} {ergonomic}
    uintx GCDrainStackTargetSize                   = 64                                        {product} {ergonomic}
   size_t InitialHeapSize                          = 232783872                                 {product} {ergonomic}
     bool ManagementServer                         = true                                      {product} {command line}
   size_t MarkStackSize                            = 4194304                                   {product} {ergonomic}
   size_t MaxHeapSize                              = 3720347648                                {product} {ergonomic}
   size_t MaxNewSize                               = 2231369728                                {product} {ergonomic}
   size_t MinHeapDeltaBytes                        = 2097152                                   {product} {ergonomic}
   size_t MinHeapSize                              = 8388608                                   {product} {ergonomic}
    uintx NonProfiledCodeHeapSize                  = 0                                      {pd product} {ergonomic}
     bool ProfileInterpreter                       = false                                  {pd product} {command line}
    uintx ProfiledCodeHeapSize                     = 0                                      {pd product} {ergonomic}
     bool ShowCodeDetailsInExceptionMessages       = true                                   {manageable} {command line}
   size_t SoftMaxHeapSize                          = 3720347648                             {manageable} {ergonomic}
     intx TieredStopAtLevel                        = 1                                         {product} {command line}
     bool UseCompressedClassPointers               = true                           {product lp64_product} {ergonomic}
     bool UseCompressedOops                        = true                           {product lp64_product} {ergonomic}
     bool UseG1GC                                  = true                                      {product} {ergonomic}
     bool UseLargePagesIndividualAllocation        = false                                  {pd product} {ergonomic}

Logging:
Log output configuration:
 #0: stdout all=warning uptime,level,tags
 #1: stderr all=off uptime,level,tags

Environment Variables:
JAVA_HOME=C:\java\jdk-17
PATH=C:/sts-4.20.1.RELEASE//plugins/org.eclipse.justj.openjdk.hotspot.jre.full.win32.x86_64_17.0.8.v20230831-1047/jre/bin/server;C:/sts-4.20.1.RELEASE//plugins/org.eclipse.justj.openjdk.hotspot.jre.full.win32.x86_64_17.0.8.v20230831-1047/jre/bin;C:\java\jdk-17\bin;C:\Windows\system32;C:\Windows;C:\Windows\System32\Wbem;C:\Windows\System32\WindowsPowerShell\v1.0\;C:\Windows\System32\OpenSSH\;C:\Program Files\Bandizip\;C:\Program Files\Git\cmd;C:\Users\82106\AppData\Local\Microsoft\WindowsApps;C:\java\jdk-17\bin;;C:\sts-4.20.1.RELEASE;
USERNAME=82106
OS=Windows_NT
PROCESSOR_IDENTIFIER=AMD64 Family 25 Model 80 Stepping 0, AuthenticAMD
TMP=C:\Users\82106\AppData\Local\Temp
TEMP=C:\Users\82106\AppData\Local\Temp



---------------  S Y S T E M  ---------------

OS:
 Windows 11 , 64 bit Build 22621 (10.0.22621.2506)
OS uptime: 0 days 11:30 hours

CPU: total 12 (initial active 12) (12 cores per cpu, 2 threads per core) family 25 model 80 stepping 0 microcode 0x0, cx8, cmov, fxsr, ht, mmx, 3dnowpref, sse, sse2, sse3, ssse3, sse4a, sse4.1, sse4.2, popcnt, lzcnt, tsc, tscinvbit, avx, avx2, aes, erms, clmul, bmi1, bmi2, adx, sha, fma, vzeroupper, clflush, clflushopt
Processor Information for all 12 processors :
  Max Mhz: 2301, Current Mhz: 2301, Mhz Limit: 2301

Memory: 4k page, system-wide physical 14188M (4998M free)
TotalPageFile size 14188M (AvailPageFile size 5M)
current process WorkingSet (physical memory assigned to process): 757M, peak: 758M
current process commit charge ("private bytes"): 831M, peak: 833M

vm_info: OpenJDK 64-Bit Server VM (17.0.8.1+1) for windows-amd64 JRE (17.0.8.1+1), built on Aug 23 2023 15:29:17 by "admin" with MS VC++ 16.7 (VS2019)

END.
