#
# There is insufficient memory for the Java Runtime Environment to continue.
# Native memory allocation (mmap) failed to map 314572800 bytes for G1 virtual space
# Possible reasons:
#   The system is out of physical RAM or swap space
#   The process is running with CompressedOops enabled, and the Java Heap may be blocking the growth of the native heap
# Possible solutions:
#   Reduce memory load on the system
#   Increase physical memory or swap space
#   Check if swap backing store is full
#   Decrease Java heap size (-Xmx/-Xms)
#   Decrease number of Java threads
#   Decrease Java thread stack sizes (-Xss)
#   Set larger code cache with -XX:ReservedCodeCacheSize=
#   JVM is running with Zero Based Compressed Oops mode in which the Java heap is
#     placed in the first 32GB address space. The Java Heap base address is the
#     maximum limit for the native heap growth. Please use -XX:HeapBaseMinAddress
#     to set the Java Heap base and to place the Java Heap above 32GB virtual address.
# This output file may be truncated or incomplete.
#
#  Out of Memory Error (os_windows.cpp:3617), pid=11820, tid=3116
#
# JRE version: OpenJDK Runtime Environment Temurin-17.0.8.1+1 (17.0.8.1+1) (build 17.0.8.1+1)
# Java VM: OpenJDK 64-Bit Server VM Temurin-17.0.8.1+1 (17.0.8.1+1, mixed mode, emulated-client, tiered, compressed oops, compressed class ptrs, g1 gc, windows-amd64)
# No core dump will be written. Minidumps are not enabled by default on client versions of Windows
#

---------------  S U M M A R Y ------------

Command Line: -Dcom.sun.management.jmxremote -Dcom.sun.management.jmxremote.port=59219 -Dcom.sun.management.jmxremote.authenticate=false -Dcom.sun.management.jmxremote.ssl=false -Djava.rmi.server.hostname=localhost -Dspring.jmx.enabled=true -Dmanagement.endpoints.jmx.exposure.include=* -Dspring.application.admin.enabled=true -XX:TieredStopAtLevel=1 -Dspring.boot.project.name=noninoni -Dfile.encoding=UTF-8 -Dstdout.encoding=UTF-8 -Dstderr.encoding=UTF-8 -XX:+ShowCodeDetailsInExceptionMessages noninoni.NoninoniApplication --spring.output.ansi.enabled=always

Host: AMD Ryzen 5 5625U with Radeon Graphics         , 12 cores, 13G,  Windows 11 , 64 bit Build 22621 (10.0.22621.2506)
Time: Sun Dec 31 15:55:13 2023  Windows 11 , 64 bit Build 22621 (10.0.22621.2506) elapsed time: 28695.034874 seconds (0d 7h 58m 15s)

---------------  T H R E A D  ---------------

Current thread (0x000001ec41f6ec30):  VMThread "VM Thread" [stack: 0x0000000887800000,0x0000000887900000] [id=3116]

Stack: [0x0000000887800000,0x0000000887900000]
Native frames: (J=compiled Java code, j=interpreted, Vv=VM code, C=native code)
V  [jvm.dll+0x678b0a]
V  [jvm.dll+0x835e84]
V  [jvm.dll+0x83762e]
V  [jvm.dll+0x837c93]
V  [jvm.dll+0x24746f]
V  [jvm.dll+0x675859]
V  [jvm.dll+0x66a0ea]
V  [jvm.dll+0x306c7b]
V  [jvm.dll+0x30e166]
V  [jvm.dll+0x35dd3e]
V  [jvm.dll+0x35df6f]
V  [jvm.dll+0x2ddb48]
V  [jvm.dll+0x2dbd0c]
V  [jvm.dll+0x2db2dc]
V  [jvm.dll+0x31f18b]
V  [jvm.dll+0x83c15b]
V  [jvm.dll+0x83ce94]
V  [jvm.dll+0x83d3ac]
V  [jvm.dll+0x83d784]
V  [jvm.dll+0x83d850]
V  [jvm.dll+0x7e64ca]
V  [jvm.dll+0x677955]
C  [ucrtbase.dll+0x29363]
C  [KERNEL32.DLL+0x1257d]
C  [ntdll.dll+0x5aa58]

VM_Operation (0x000000088a3fc350): G1CollectForAllocation, mode: safepoint, requested by thread 0x000001ec49ab12c0


---------------  P R O C E S S  ---------------

Threads class SMR info:
_java_thread_list=0x000001ec4a7833e0, length=34, elements={
0x000001ec42875020, 0x000001ec42875bb0, 0x000001ec428c5430, 0x000001ec428c5e60,
0x000001ec428dea50, 0x000001ec428e2bd0, 0x000001ec428e43e0, 0x000001ec428e5490,
0x000001ec429a1110, 0x000001ec42aabe70, 0x000001ec4761aa50, 0x000001ec4761af30,
0x000001ec4761d830, 0x000001ec47c64fc0, 0x000001ec47c66e20, 0x000001ec49ab2700,
0x000001ec4775c7d0, 0x000001ec47759a40, 0x000001ec47759f50, 0x000001ec4775ae80,
0x000001ec4775cce0, 0x000001ec4775b8a0, 0x000001ec49ab0db0, 0x000001ec49ab17d0,
0x000001ec49aafe80, 0x000001ec49ab0390, 0x000001ec47c67330, 0x000001ec49aaf970,
0x000001ec47c659e0, 0x000001ec49ab08a0, 0x000001ec47c66910, 0x000001ec4775a460,
0x000001ec49ab1ce0, 0x000001ec49ab12c0
}

Java Threads: ( => current thread )
  0x000001ec42875020 JavaThread "Reference Handler" daemon [_thread_blocked, id=24420, stack(0x0000000887900000,0x0000000887a00000)]
  0x000001ec42875bb0 JavaThread "Finalizer" daemon [_thread_blocked, id=5876, stack(0x0000000887a00000,0x0000000887b00000)]
  0x000001ec428c5430 JavaThread "Signal Dispatcher" daemon [_thread_blocked, id=6344, stack(0x0000000887b00000,0x0000000887c00000)]
  0x000001ec428c5e60 JavaThread "Attach Listener" daemon [_thread_blocked, id=6916, stack(0x0000000887c00000,0x0000000887d00000)]
  0x000001ec428dea50 JavaThread "Service Thread" daemon [_thread_blocked, id=6320, stack(0x0000000887d00000,0x0000000887e00000)]
  0x000001ec428e2bd0 JavaThread "Monitor Deflation Thread" daemon [_thread_blocked, id=6436, stack(0x0000000887e00000,0x0000000887f00000)]
  0x000001ec428e43e0 JavaThread "C1 CompilerThread0" daemon [_thread_blocked, id=7316, stack(0x0000000887f00000,0x0000000888000000)]
  0x000001ec428e5490 JavaThread "Sweeper thread" daemon [_thread_blocked, id=21684, stack(0x0000000888000000,0x0000000888100000)]
  0x000001ec429a1110 JavaThread "Common-Cleaner" daemon [_thread_blocked, id=13164, stack(0x0000000888100000,0x0000000888200000)]
  0x000001ec42aabe70 JavaThread "Notification Thread" daemon [_thread_blocked, id=5188, stack(0x0000000888300000,0x0000000888400000)]
  0x000001ec4761aa50 JavaThread "RMI TCP Accept-0" daemon [_thread_in_native, id=15916, stack(0x0000000888400000,0x0000000888500000)]
  0x000001ec4761af30 JavaThread "RMI TCP Accept-59219" daemon [_thread_in_native, id=23880, stack(0x0000000888500000,0x0000000888600000)]
  0x000001ec4761d830 JavaThread "RMI TCP Accept-0" daemon [_thread_in_native, id=8272, stack(0x0000000888600000,0x0000000888700000)]
  0x000001ec47c64fc0 JavaThread "RMI Scheduler(0)" daemon [_thread_blocked, id=2740, stack(0x0000000889600000,0x0000000889700000)]
  0x000001ec47c66e20 JavaThread "mysql-cj-abandoned-connection-cleanup" daemon [_thread_blocked, id=15136, stack(0x0000000889f00000,0x000000088a000000)]
  0x000001ec49ab2700 JavaThread "Live Reload Server" daemon [_thread_in_native, id=9864, stack(0x000000088a500000,0x000000088a600000)]
  0x000001ec4775c7d0 JavaThread "DestroyJavaVM" [_thread_blocked, id=14888, stack(0x0000000887200000,0x0000000887300000)]
  0x000001ec47759a40 JavaThread "RMI TCP Connection(119)-127.0.0.1" daemon [_thread_in_native, id=21744, stack(0x0000000889000000,0x0000000889100000)]
  0x000001ec47759f50 JavaThread "JMX server connection timeout 103" daemon [_thread_blocked, id=20120, stack(0x0000000886f00000,0x0000000887000000)]
  0x000001ec4775ae80 JavaThread "RMI TCP Connection(idle)" daemon [_thread_blocked, id=2596, stack(0x0000000887000000,0x0000000887100000)]
  0x000001ec4775cce0 JavaThread "JMX server connection timeout 105" daemon [_thread_blocked, id=2984, stack(0x0000000888200000,0x0000000888300000)]
  0x000001ec4775b8a0 JavaThread "Thread-5" [_thread_blocked, id=11652, stack(0x0000000887100000,0x0000000887200000)]
  0x000001ec49ab0db0 JavaThread "File Watcher" daemon [_thread_blocked, id=1644, stack(0x0000000889400000,0x0000000889500000)]
  0x000001ec49ab17d0 JavaThread "File Watcher" daemon [_thread_blocked, id=18056, stack(0x0000000889500000,0x0000000889600000)]
  0x000001ec49aafe80 JavaThread "File Watcher" daemon [_thread_blocked, id=15112, stack(0x0000000889900000,0x0000000889a00000)]
  0x000001ec49ab0390 JavaThread "File Watcher" daemon [_thread_blocked, id=23572, stack(0x0000000889a00000,0x0000000889b00000)]
  0x000001ec47c67330 JavaThread "File Watcher" daemon [_thread_blocked, id=23824, stack(0x0000000889b00000,0x0000000889c00000)]
  0x000001ec49aaf970 JavaThread "File Watcher" daemon [_thread_blocked, id=17620, stack(0x0000000889c00000,0x0000000889d00000)]
  0x000001ec47c659e0 JavaThread "File Watcher" daemon [_thread_blocked, id=23864, stack(0x0000000889d00000,0x0000000889e00000)]
  0x000001ec49ab08a0 JavaThread "File Watcher" daemon [_thread_blocked, id=8212, stack(0x0000000889e00000,0x0000000889f00000)]
  0x000001ec47c66910 JavaThread "File Watcher" daemon [_thread_blocked, id=23632, stack(0x000000088a000000,0x000000088a100000)]
  0x000001ec4775a460 JavaThread "File Watcher" daemon [_thread_blocked, id=17756, stack(0x000000088a100000,0x000000088a200000)]
  0x000001ec49ab1ce0 JavaThread "File Watcher" daemon [_thread_blocked, id=12264, stack(0x000000088a200000,0x000000088a300000)]
  0x000001ec49ab12c0 JavaThread "restartedMain" [_thread_blocked, id=20740, stack(0x000000088a300000,0x000000088a400000)]

Other Threads:
=>0x000001ec41f6ec30 VMThread "VM Thread" [stack: 0x0000000887800000,0x0000000887900000] [id=3116]
  0x000001ec47615890 WatcherThread [stack: 0x0000000888700000,0x0000000888800000] [id=22532]
  0x000001ec30daf310 GCTaskThread "GC Thread#0" [stack: 0x0000000887300000,0x0000000887400000] [id=15452]
  0x000001ec47a4f560 GCTaskThread "GC Thread#1" [stack: 0x0000000888800000,0x0000000888900000] [id=16408]
  0x000001ec476ff0b0 GCTaskThread "GC Thread#2" [stack: 0x0000000888900000,0x0000000888a00000] [id=23460]
  0x000001ec476ff370 GCTaskThread "GC Thread#3" [stack: 0x0000000888a00000,0x0000000888b00000] [id=1084]
  0x000001ec476ff630 GCTaskThread "GC Thread#4" [stack: 0x0000000888b00000,0x0000000888c00000] [id=22624]
  0x000001ec47b0e380 GCTaskThread "GC Thread#5" [stack: 0x0000000888c00000,0x0000000888d00000] [id=23332]
  0x000001ec47b0e640 GCTaskThread "GC Thread#6" [stack: 0x0000000888d00000,0x0000000888e00000] [id=10248]
  0x000001ec47b0e900 GCTaskThread "GC Thread#7" [stack: 0x0000000888e00000,0x0000000888f00000] [id=7092]
  0x000001ec47c7c150 GCTaskThread "GC Thread#8" [stack: 0x0000000889200000,0x0000000889300000] [id=21140]
  0x000001ec47c7c410 GCTaskThread "GC Thread#9" [stack: 0x0000000889300000,0x0000000889400000] [id=19044]
  0x000001ec30dbe7c0 ConcurrentGCThread "G1 Main Marker" [stack: 0x0000000887400000,0x0000000887500000] [id=11596]
  0x000001ec30dbf1d0 ConcurrentGCThread "G1 Conc#0" [stack: 0x0000000887500000,0x0000000887600000] [id=13256]
  0x000001ec47cb19f0 ConcurrentGCThread "G1 Conc#1" [stack: 0x0000000889700000,0x0000000889800000] [id=8040]
  0x000001ec47cb6500 ConcurrentGCThread "G1 Conc#2" [stack: 0x0000000889800000,0x0000000889900000] [id=21520]
  0x000001ec30ddeab0 ConcurrentGCThread "G1 Refine#0" [stack: 0x0000000887600000,0x0000000887700000] [id=21760]
  0x000001ec47b0ebc0 ConcurrentGCThread "G1 Refine#1" [stack: 0x0000000888f00000,0x0000000889000000] [id=6004]
  0x000001ec41e284c0 ConcurrentGCThread "G1 Service" [stack: 0x0000000887700000,0x0000000887800000] [id=17764]

Threads with active compile tasks:

VM state: at safepoint (normal execution)

VM Mutex/Monitor currently owned by a thread:  ([mutex/lock_event])
[0x000001ec2ec98180] Threads_lock - owner thread: 0x000001ec41f6ec30
[0x000001ec2ec98f00] Heap_lock - owner thread: 0x000001ec49ab12c0

Heap address: 0x0000000722400000, size: 3548 MB, Compressed Oops mode: Zero based, Oop shift amount: 3

CDS archive(s) not mapped
Compressed class space mapped at: 0x0000000800000000-0x0000000840000000, reserved size: 1073741824
Narrow klass base: 0x0000000800000000, Narrow klass shift: 0, Narrow klass range: 0x40000000

GC Precious Log:
 CPUs: 12 total, 12 available
 Memory: 14188M
 Large Page Support: Disabled
 NUMA Support: Disabled
 Compressed Oops: Enabled (Zero based)
 Heap Region Size: 2M
 Heap Min Capacity: 8M
 Heap Initial Capacity: 222M
 Heap Max Capacity: 3548M
 Pre-touch: Disabled
 Parallel Workers: 10
 Concurrent Workers: 3
 Concurrent Refinement Workers: 10
 Periodic GC: Disabled

Heap:
 garbage-first heap   total 606208K, used 140478K [0x0000000722400000, 0x0000000800000000)
  region size 2048K, 3 young (6144K), 3 survivors (6144K)
 Metaspace       used 110968K, committed 111936K, reserved 1179648K
  class space    used 15043K, committed 15488K, reserved 1048576K

Heap Regions: E=young(eden), S=young(survivor), O=old, HS=humongous(starts), HC=humongous(continues), CS=collection set, F=free, OA=open archive, CA=closed archive, TAMS=top-at-mark-start (previous, next)
|   0|0x0000000722400000, 0x0000000722600000, 0x0000000722600000|100%| O|  |TAMS 0x0000000722600000, 0x0000000722600000| Untracked 
|   1|0x0000000722600000, 0x00000007227fffa0, 0x0000000722800000| 99%| O|  |TAMS 0x00000007227fffa0, 0x00000007227fffa0| Untracked 
|   2|0x0000000722800000, 0x00000007229fffe8, 0x0000000722a00000| 99%| O|  |TAMS 0x00000007229fffe8, 0x00000007229fffe8| Untracked 
|   3|0x0000000722a00000, 0x0000000722c00000, 0x0000000722c00000|100%| O|  |TAMS 0x0000000722c00000, 0x0000000722c00000| Untracked 
|   4|0x0000000722c00000, 0x0000000722dfffc0, 0x0000000722e00000| 99%| O|  |TAMS 0x0000000722dfffc0, 0x0000000722dfffc0| Untracked 
|   5|0x0000000722e00000, 0x0000000722fffff0, 0x0000000723000000| 99%| O|  |TAMS 0x0000000722fffff0, 0x0000000722fffff0| Untracked 
|   6|0x0000000723000000, 0x0000000723200000, 0x0000000723200000|100%| O|  |TAMS 0x0000000723200000, 0x0000000723200000| Untracked 
|   7|0x0000000723200000, 0x0000000723400000, 0x0000000723400000|100%| O|  |TAMS 0x0000000723400000, 0x0000000723400000| Untracked 
|   8|0x0000000723400000, 0x00000007235fffe8, 0x0000000723600000| 99%| O|  |TAMS 0x00000007235fffe8, 0x00000007235fffe8| Untracked 
|   9|0x0000000723600000, 0x00000007237ffff0, 0x0000000723800000| 99%| O|  |TAMS 0x00000007237ffff0, 0x00000007237ffff0| Untracked 
|  10|0x0000000723800000, 0x00000007239ffff8, 0x0000000723a00000| 99%| O|  |TAMS 0x00000007239ffff8, 0x00000007239ffff8| Untracked 
|  11|0x0000000723a00000, 0x0000000723c00000, 0x0000000723c00000|100%| O|  |TAMS 0x0000000723c00000, 0x0000000723c00000| Untracked 
|  12|0x0000000723c00000, 0x0000000723dffff0, 0x0000000723e00000| 99%| O|  |TAMS 0x0000000723dffff0, 0x0000000723dffff0| Untracked 
|  13|0x0000000723e00000, 0x0000000724000000, 0x0000000724000000|100%| O|  |TAMS 0x0000000724000000, 0x0000000724000000| Untracked 
|  14|0x0000000724000000, 0x00000007241fffd8, 0x0000000724200000| 99%| O|  |TAMS 0x00000007241fffd8, 0x00000007241fffd8| Untracked 
|  15|0x0000000724200000, 0x00000007243fffe0, 0x0000000724400000| 99%| O|  |TAMS 0x00000007243fffe0, 0x00000007243fffe0| Untracked 
|  16|0x0000000724400000, 0x0000000724600000, 0x0000000724600000|100%| O|  |TAMS 0x0000000724600000, 0x0000000724600000| Untracked 
|  17|0x0000000724600000, 0x0000000724800000, 0x0000000724800000|100%| O|  |TAMS 0x0000000724800000, 0x0000000724800000| Untracked 
|  18|0x0000000724800000, 0x00000007249ff300, 0x0000000724a00000| 99%| O|  |TAMS 0x00000007249ff300, 0x00000007249ff300| Untracked 
|  19|0x0000000724a00000, 0x0000000724bace68, 0x0000000724c00000| 83%| O|  |TAMS 0x0000000724bace68, 0x0000000724bace68| Untracked 
|  20|0x0000000724c00000, 0x0000000724e00000, 0x0000000724e00000|100%| O|  |TAMS 0x0000000724e00000, 0x0000000724e00000| Untracked 
|  21|0x0000000724e00000, 0x0000000725000000, 0x0000000725000000|100%| O|  |TAMS 0x0000000725000000, 0x0000000725000000| Untracked 
|  22|0x0000000725000000, 0x0000000725200000, 0x0000000725200000|100%| O|  |TAMS 0x0000000725200000, 0x0000000725200000| Untracked 
|  23|0x0000000725200000, 0x0000000725400000, 0x0000000725400000|100%| O|  |TAMS 0x0000000725400000, 0x0000000725400000| Untracked 
|  24|0x0000000725400000, 0x0000000725600000, 0x0000000725600000|100%| O|  |TAMS 0x0000000725600000, 0x0000000725600000| Untracked 
|  25|0x0000000725600000, 0x0000000725800000, 0x0000000725800000|100%| O|  |TAMS 0x0000000725800000, 0x0000000725800000| Untracked 
|  26|0x0000000725800000, 0x0000000725a00000, 0x0000000725a00000|100%| O|  |TAMS 0x0000000725a00000, 0x0000000725a00000| Untracked 
|  27|0x0000000725a00000, 0x0000000725a00000, 0x0000000725c00000|  0%| F|  |TAMS 0x0000000725a00000, 0x0000000725a00000| Untracked 
|  28|0x0000000725c00000, 0x0000000725e00000, 0x0000000725e00000|100%| O|  |TAMS 0x0000000725e00000, 0x0000000725e00000| Untracked 
|  29|0x0000000725e00000, 0x0000000726000000, 0x0000000726000000|100%| O|  |TAMS 0x0000000726000000, 0x0000000726000000| Untracked 
|  30|0x0000000726000000, 0x0000000726200000, 0x0000000726200000|100%| O|  |TAMS 0x0000000726200000, 0x0000000726200000| Untracked 
|  31|0x0000000726200000, 0x0000000726400000, 0x0000000726400000|100%| O|  |TAMS 0x0000000726400000, 0x0000000726400000| Untracked 
|  32|0x0000000726400000, 0x0000000726600000, 0x0000000726600000|100%| O|  |TAMS 0x0000000726600000, 0x0000000726600000| Untracked 
|  33|0x0000000726600000, 0x0000000726800000, 0x0000000726800000|100%| O|  |TAMS 0x0000000726800000, 0x0000000726800000| Untracked 
|  34|0x0000000726800000, 0x0000000726a00000, 0x0000000726a00000|100%| O|  |TAMS 0x0000000726a00000, 0x0000000726a00000| Untracked 
|  35|0x0000000726a00000, 0x0000000726c00000, 0x0000000726c00000|100%| O|  |TAMS 0x0000000726c00000, 0x0000000726c00000| Untracked 
|  36|0x0000000726c00000, 0x0000000726e00000, 0x0000000726e00000|100%| O|  |TAMS 0x0000000726e00000, 0x0000000726e00000| Untracked 
|  37|0x0000000726e00000, 0x0000000727000000, 0x0000000727000000|100%| O|  |TAMS 0x0000000727000000, 0x0000000727000000| Untracked 
|  38|0x0000000727000000, 0x0000000727200000, 0x0000000727200000|100%| O|  |TAMS 0x0000000727200000, 0x0000000727200000| Untracked 
|  39|0x0000000727200000, 0x0000000727400000, 0x0000000727400000|100%| O|  |TAMS 0x0000000727400000, 0x0000000727400000| Untracked 
|  40|0x0000000727400000, 0x0000000727600000, 0x0000000727600000|100%| O|  |TAMS 0x0000000727600000, 0x0000000727600000| Untracked 
|  41|0x0000000727600000, 0x0000000727800000, 0x0000000727800000|100%| O|  |TAMS 0x0000000727800000, 0x0000000727800000| Untracked 
|  42|0x0000000727800000, 0x0000000727a00000, 0x0000000727a00000|100%| O|  |TAMS 0x0000000727a00000, 0x0000000727a00000| Untracked 
|  43|0x0000000727a00000, 0x0000000727c00000, 0x0000000727c00000|100%| O|  |TAMS 0x0000000727c00000, 0x0000000727c00000| Untracked 
|  44|0x0000000727c00000, 0x0000000727e00000, 0x0000000727e00000|100%| O|  |TAMS 0x0000000727c00000, 0x0000000727e00000| Untracked 
|  45|0x0000000727e00000, 0x0000000728000000, 0x0000000728000000|100%| O|  |TAMS 0x0000000728000000, 0x0000000728000000| Untracked 
|  46|0x0000000728000000, 0x0000000728200000, 0x0000000728200000|100%| O|  |TAMS 0x0000000728200000, 0x0000000728200000| Untracked 
|  47|0x0000000728200000, 0x0000000728400000, 0x0000000728400000|100%| O|  |TAMS 0x0000000728400000, 0x0000000728400000| Untracked 
|  48|0x0000000728400000, 0x0000000728600000, 0x0000000728600000|100%| O|  |TAMS 0x0000000728400000, 0x0000000728600000| Untracked 
|  49|0x0000000728600000, 0x0000000728800000, 0x0000000728800000|100%| O|  |TAMS 0x0000000728800000, 0x0000000728800000| Untracked 
|  50|0x0000000728800000, 0x0000000728a00000, 0x0000000728a00000|100%| O|  |TAMS 0x0000000728a00000, 0x0000000728a00000| Untracked 
|  51|0x0000000728a00000, 0x0000000728c00000, 0x0000000728c00000|100%| O|  |TAMS 0x0000000728c00000, 0x0000000728c00000| Untracked 
|  52|0x0000000728c00000, 0x0000000728e00000, 0x0000000728e00000|100%| O|  |TAMS 0x0000000728e00000, 0x0000000728e00000| Untracked 
|  53|0x0000000728e00000, 0x0000000729000000, 0x0000000729000000|100%| O|  |TAMS 0x0000000729000000, 0x0000000729000000| Untracked 
|  54|0x0000000729000000, 0x0000000729200000, 0x0000000729200000|100%| O|  |TAMS 0x0000000729200000, 0x0000000729200000| Untracked 
|  55|0x0000000729200000, 0x0000000729400000, 0x0000000729400000|100%| O|  |TAMS 0x0000000729200000, 0x0000000729400000| Untracked 
|  56|0x0000000729400000, 0x0000000729400000, 0x0000000729600000|  0%| F|  |TAMS 0x0000000729400000, 0x0000000729400000| Untracked 
|  57|0x0000000729600000, 0x0000000729600000, 0x0000000729800000|  0%| F|  |TAMS 0x0000000729600000, 0x0000000729600000| Untracked 
|  58|0x0000000729800000, 0x0000000729a00000, 0x0000000729a00000|100%| O|  |TAMS 0x0000000729a00000, 0x0000000729a00000| Untracked 
|  59|0x0000000729a00000, 0x0000000729c00000, 0x0000000729c00000|100%| O|  |TAMS 0x0000000729c00000, 0x0000000729c00000| Untracked 
|  60|0x0000000729c00000, 0x0000000729e00000, 0x0000000729e00000|100%| O|  |TAMS 0x0000000729e00000, 0x0000000729e00000| Untracked 
|  61|0x0000000729e00000, 0x000000072a000000, 0x000000072a000000|100%| O|  |TAMS 0x000000072a000000, 0x000000072a000000| Untracked 
|  62|0x000000072a000000, 0x000000072a200000, 0x000000072a200000|100%| O|  |TAMS 0x000000072a200000, 0x000000072a200000| Untracked 
|  63|0x000000072a200000, 0x000000072a400000, 0x000000072a400000|100%| O|  |TAMS 0x000000072a400000, 0x000000072a400000| Untracked 
|  64|0x000000072a400000, 0x000000072a600000, 0x000000072a600000|100%| O|  |TAMS 0x000000072a467000, 0x000000072a600000| Untracked 
|  65|0x000000072a600000, 0x000000072a800000, 0x000000072a800000|100%| O|  |TAMS 0x000000072a600000, 0x000000072a800000| Untracked 
|  66|0x000000072a800000, 0x000000072aa00000, 0x000000072aa00000|100%| O|  |TAMS 0x000000072a800000, 0x000000072aa00000| Untracked 
|  67|0x000000072aa00000, 0x000000072ac00000, 0x000000072ac00000|100%| O|  |TAMS 0x000000072aa00000, 0x000000072ac00000| Untracked 
|  68|0x000000072ac00000, 0x000000072ae00000, 0x000000072ae00000|100%| O|  |TAMS 0x000000072ac00000, 0x000000072ae00000| Untracked 
|  69|0x000000072ae00000, 0x000000072ae9fa00, 0x000000072b000000| 31%| O|  |TAMS 0x000000072ae00000, 0x000000072ae9fa00| Untracked 
|  70|0x000000072b000000, 0x000000072b000000, 0x000000072b200000|  0%| F|  |TAMS 0x000000072b000000, 0x000000072b000000| Untracked 
|  71|0x000000072b200000, 0x000000072b200000, 0x000000072b400000|  0%| F|  |TAMS 0x000000072b200000, 0x000000072b200000| Untracked 
|  72|0x000000072b400000, 0x000000072b400000, 0x000000072b600000|  0%| F|  |TAMS 0x000000072b400000, 0x000000072b400000| Untracked 
|  73|0x000000072b600000, 0x000000072b600000, 0x000000072b800000|  0%| F|  |TAMS 0x000000072b600000, 0x000000072b600000| Untracked 
|  74|0x000000072b800000, 0x000000072b800000, 0x000000072ba00000|  0%| F|  |TAMS 0x000000072b800000, 0x000000072b800000| Untracked 
|  75|0x000000072ba00000, 0x000000072ba00000, 0x000000072bc00000|  0%| F|  |TAMS 0x000000072ba00000, 0x000000072ba00000| Untracked 
|  76|0x000000072bc00000, 0x000000072bc00000, 0x000000072be00000|  0%| F|  |TAMS 0x000000072bc00000, 0x000000072bc00000| Untracked 
|  77|0x000000072be00000, 0x000000072be00000, 0x000000072c000000|  0%| F|  |TAMS 0x000000072be00000, 0x000000072be00000| Untracked 
|  78|0x000000072c000000, 0x000000072c000000, 0x000000072c200000|  0%| F|  |TAMS 0x000000072c000000, 0x000000072c000000| Untracked 
|  79|0x000000072c200000, 0x000000072c200000, 0x000000072c400000|  0%| F|  |TAMS 0x000000072c200000, 0x000000072c200000| Untracked 
|  80|0x000000072c400000, 0x000000072c400000, 0x000000072c600000|  0%| F|  |TAMS 0x000000072c400000, 0x000000072c400000| Untracked 
|  81|0x000000072c600000, 0x000000072c600000, 0x000000072c800000|  0%| F|  |TAMS 0x000000072c600000, 0x000000072c600000| Untracked 
|  82|0x000000072c800000, 0x000000072c800000, 0x000000072ca00000|  0%| F|  |TAMS 0x000000072c800000, 0x000000072c800000| Untracked 
|  83|0x000000072ca00000, 0x000000072ca00000, 0x000000072cc00000|  0%| F|  |TAMS 0x000000072ca00000, 0x000000072ca00000| Untracked 
|  84|0x000000072cc00000, 0x000000072cc00000, 0x000000072ce00000|  0%| F|  |TAMS 0x000000072cc00000, 0x000000072cc00000| Untracked 
|  85|0x000000072ce00000, 0x000000072ce00000, 0x000000072d000000|  0%| F|  |TAMS 0x000000072ce00000, 0x000000072ce00000| Untracked 
|  86|0x000000072d000000, 0x000000072d000000, 0x000000072d200000|  0%| F|  |TAMS 0x000000072d000000, 0x000000072d000000| Untracked 
|  87|0x000000072d200000, 0x000000072d200000, 0x000000072d400000|  0%| F|  |TAMS 0x000000072d200000, 0x000000072d200000| Untracked 
|  88|0x000000072d400000, 0x000000072d400000, 0x000000072d600000|  0%| F|  |TAMS 0x000000072d400000, 0x000000072d400000| Untracked 
|  89|0x000000072d600000, 0x000000072d600000, 0x000000072d800000|  0%| F|  |TAMS 0x000000072d600000, 0x000000072d600000| Untracked 
|  90|0x000000072d800000, 0x000000072d800000, 0x000000072da00000|  0%| F|  |TAMS 0x000000072d800000, 0x000000072d800000| Untracked 
|  91|0x000000072da00000, 0x000000072da00000, 0x000000072dc00000|  0%| F|  |TAMS 0x000000072da00000, 0x000000072da00000| Untracked 
|  92|0x000000072dc00000, 0x000000072dc00000, 0x000000072de00000|  0%| F|  |TAMS 0x000000072dc00000, 0x000000072dc00000| Untracked 
|  93|0x000000072de00000, 0x000000072dee4050, 0x000000072e000000| 44%| S|CS|TAMS 0x000000072de00000, 0x000000072de00000| Complete 
|  94|0x000000072e000000, 0x000000072e200000, 0x000000072e200000|100%| S|CS|TAMS 0x000000072e000000, 0x000000072e000000| Complete 
|  95|0x000000072e200000, 0x000000072e400000, 0x000000072e400000|100%| S|CS|TAMS 0x000000072e200000, 0x000000072e200000| Complete 
|  96|0x000000072e400000, 0x000000072e400000, 0x000000072e600000|  0%| F|  |TAMS 0x000000072e400000, 0x000000072e400000| Untracked 
|  97|0x000000072e600000, 0x000000072e600000, 0x000000072e800000|  0%| F|  |TAMS 0x000000072e600000, 0x000000072e600000| Untracked 
|  98|0x000000072e800000, 0x000000072e800000, 0x000000072ea00000|  0%| F|  |TAMS 0x000000072e800000, 0x000000072e800000| Untracked 
|  99|0x000000072ea00000, 0x000000072ea00000, 0x000000072ec00000|  0%| F|  |TAMS 0x000000072ea00000, 0x000000072ea00000| Untracked 
| 100|0x000000072ec00000, 0x000000072ec00000, 0x000000072ee00000|  0%| F|  |TAMS 0x000000072ec00000, 0x000000072ec00000| Untracked 
| 101|0x000000072ee00000, 0x000000072ee00000, 0x000000072f000000|  0%| F|  |TAMS 0x000000072ee00000, 0x000000072ee00000| Untracked 
| 102|0x000000072f000000, 0x000000072f000000, 0x000000072f200000|  0%| F|  |TAMS 0x000000072f000000, 0x000000072f000000| Untracked 
| 103|0x000000072f200000, 0x000000072f200000, 0x000000072f400000|  0%| F|  |TAMS 0x000000072f200000, 0x000000072f200000| Untracked 
| 104|0x000000072f400000, 0x000000072f400000, 0x000000072f600000|  0%| F|  |TAMS 0x000000072f400000, 0x000000072f400000| Untracked 
| 105|0x000000072f600000, 0x000000072f600000, 0x000000072f800000|  0%| F|  |TAMS 0x000000072f600000, 0x000000072f600000| Untracked 
| 106|0x000000072f800000, 0x000000072f800000, 0x000000072fa00000|  0%| F|  |TAMS 0x000000072f800000, 0x000000072f800000| Untracked 
| 107|0x000000072fa00000, 0x000000072fa00000, 0x000000072fc00000|  0%| F|  |TAMS 0x000000072fa00000, 0x000000072fa00000| Untracked 
| 108|0x000000072fc00000, 0x000000072fc00000, 0x000000072fe00000|  0%| F|  |TAMS 0x000000072fc00000, 0x000000072fc00000| Untracked 
| 109|0x000000072fe00000, 0x000000072fe00000, 0x0000000730000000|  0%| F|  |TAMS 0x000000072fe00000, 0x000000072fe00000| Untracked 
| 110|0x0000000730000000, 0x0000000730000000, 0x0000000730200000|  0%| F|  |TAMS 0x0000000730000000, 0x0000000730000000| Untracked 
| 111|0x0000000730200000, 0x0000000730200000, 0x0000000730400000|  0%| F|  |TAMS 0x0000000730200000, 0x0000000730200000| Untracked 
| 112|0x0000000730400000, 0x0000000730400000, 0x0000000730600000|  0%| F|  |TAMS 0x0000000730400000, 0x0000000730400000| Untracked 
| 113|0x0000000730600000, 0x0000000730600000, 0x0000000730800000|  0%| F|  |TAMS 0x0000000730600000, 0x0000000730600000| Untracked 
| 114|0x0000000730800000, 0x0000000730800000, 0x0000000730a00000|  0%| F|  |TAMS 0x0000000730800000, 0x0000000730800000| Untracked 
| 115|0x0000000730a00000, 0x0000000730a00000, 0x0000000730c00000|  0%| F|  |TAMS 0x0000000730a00000, 0x0000000730a00000| Untracked 
| 116|0x0000000730c00000, 0x0000000730c00000, 0x0000000730e00000|  0%| F|  |TAMS 0x0000000730c00000, 0x0000000730c00000| Untracked 
| 117|0x0000000730e00000, 0x0000000730e00000, 0x0000000731000000|  0%| F|  |TAMS 0x0000000730e00000, 0x0000000730e00000| Untracked 
| 118|0x0000000731000000, 0x0000000731000000, 0x0000000731200000|  0%| F|  |TAMS 0x0000000731000000, 0x0000000731000000| Untracked 
| 119|0x0000000731200000, 0x0000000731200000, 0x0000000731400000|  0%| F|  |TAMS 0x0000000731200000, 0x0000000731200000| Untracked 
| 120|0x0000000731400000, 0x0000000731400000, 0x0000000731600000|  0%| F|  |TAMS 0x0000000731400000, 0x0000000731400000| Untracked 
| 121|0x0000000731600000, 0x0000000731600000, 0x0000000731800000|  0%| F|  |TAMS 0x0000000731600000, 0x0000000731600000| Untracked 
| 122|0x0000000731800000, 0x0000000731800000, 0x0000000731a00000|  0%| F|  |TAMS 0x0000000731800000, 0x0000000731800000| Untracked 
| 123|0x0000000731a00000, 0x0000000731a00000, 0x0000000731c00000|  0%| F|  |TAMS 0x0000000731a00000, 0x0000000731a00000| Untracked 
| 124|0x0000000731c00000, 0x0000000731c00000, 0x0000000731e00000|  0%| F|  |TAMS 0x0000000731c00000, 0x0000000731c00000| Untracked 
| 125|0x0000000731e00000, 0x0000000731e00000, 0x0000000732000000|  0%| F|  |TAMS 0x0000000731e00000, 0x0000000731e00000| Untracked 
| 126|0x0000000732000000, 0x0000000732000000, 0x0000000732200000|  0%| F|  |TAMS 0x0000000732000000, 0x0000000732000000| Untracked 
| 127|0x0000000732200000, 0x0000000732200000, 0x0000000732400000|  0%| F|  |TAMS 0x0000000732200000, 0x0000000732200000| Untracked 
| 128|0x0000000732400000, 0x0000000732400000, 0x0000000732600000|  0%| F|  |TAMS 0x0000000732400000, 0x0000000732400000| Untracked 
| 129|0x0000000732600000, 0x0000000732600000, 0x0000000732800000|  0%| F|  |TAMS 0x0000000732600000, 0x0000000732600000| Untracked 
| 130|0x0000000732800000, 0x0000000732800000, 0x0000000732a00000|  0%| F|  |TAMS 0x0000000732800000, 0x0000000732800000| Untracked 
| 131|0x0000000732a00000, 0x0000000732a00000, 0x0000000732c00000|  0%| F|  |TAMS 0x0000000732a00000, 0x0000000732a00000| Untracked 
| 132|0x0000000732c00000, 0x0000000732c00000, 0x0000000732e00000|  0%| F|  |TAMS 0x0000000732c00000, 0x0000000732c00000| Untracked 
| 133|0x0000000732e00000, 0x0000000732e00000, 0x0000000733000000|  0%| F|  |TAMS 0x0000000732e00000, 0x0000000732e00000| Untracked 
| 134|0x0000000733000000, 0x0000000733000000, 0x0000000733200000|  0%| F|  |TAMS 0x0000000733000000, 0x0000000733000000| Untracked 
| 135|0x0000000733200000, 0x0000000733200000, 0x0000000733400000|  0%| F|  |TAMS 0x0000000733200000, 0x0000000733200000| Untracked 
| 136|0x0000000733400000, 0x0000000733400000, 0x0000000733600000|  0%| F|  |TAMS 0x0000000733400000, 0x0000000733400000| Untracked 
| 137|0x0000000733600000, 0x0000000733600000, 0x0000000733800000|  0%| F|  |TAMS 0x0000000733600000, 0x0000000733600000| Untracked 
| 138|0x0000000733800000, 0x0000000733800000, 0x0000000733a00000|  0%| F|  |TAMS 0x0000000733800000, 0x0000000733800000| Untracked 
| 139|0x0000000733a00000, 0x0000000733a00000, 0x0000000733c00000|  0%| F|  |TAMS 0x0000000733a00000, 0x0000000733a00000| Untracked 
| 140|0x0000000733c00000, 0x0000000733c00000, 0x0000000733e00000|  0%| F|  |TAMS 0x0000000733c00000, 0x0000000733c00000| Untracked 
| 141|0x0000000733e00000, 0x0000000733e00000, 0x0000000734000000|  0%| F|  |TAMS 0x0000000733e00000, 0x0000000733e00000| Untracked 
| 142|0x0000000734000000, 0x0000000734000000, 0x0000000734200000|  0%| F|  |TAMS 0x0000000734000000, 0x0000000734000000| Untracked 
| 143|0x0000000734200000, 0x0000000734200000, 0x0000000734400000|  0%| F|  |TAMS 0x0000000734200000, 0x0000000734200000| Untracked 
| 144|0x0000000734400000, 0x0000000734400000, 0x0000000734600000|  0%| F|  |TAMS 0x0000000734400000, 0x0000000734400000| Untracked 
| 145|0x0000000734600000, 0x0000000734600000, 0x0000000734800000|  0%| F|  |TAMS 0x0000000734600000, 0x0000000734600000| Untracked 
| 146|0x0000000734800000, 0x0000000734800000, 0x0000000734a00000|  0%| F|  |TAMS 0x0000000734800000, 0x0000000734800000| Untracked 
| 147|0x0000000734a00000, 0x0000000734a00000, 0x0000000734c00000|  0%| F|  |TAMS 0x0000000734a00000, 0x0000000734a00000| Untracked 
| 148|0x0000000734c00000, 0x0000000734c00000, 0x0000000734e00000|  0%| F|  |TAMS 0x0000000734c00000, 0x0000000734c00000| Untracked 
| 149|0x0000000734e00000, 0x0000000734e00000, 0x0000000735000000|  0%| F|  |TAMS 0x0000000734e00000, 0x0000000734e00000| Untracked 
| 150|0x0000000735000000, 0x0000000735000000, 0x0000000735200000|  0%| F|  |TAMS 0x0000000735000000, 0x0000000735000000| Untracked 
| 151|0x0000000735200000, 0x0000000735200000, 0x0000000735400000|  0%| F|  |TAMS 0x0000000735200000, 0x0000000735200000| Untracked 
| 152|0x0000000735400000, 0x0000000735400000, 0x0000000735600000|  0%| F|  |TAMS 0x0000000735400000, 0x0000000735400000| Untracked 
| 153|0x0000000735600000, 0x0000000735600000, 0x0000000735800000|  0%| F|  |TAMS 0x0000000735600000, 0x0000000735600000| Untracked 
| 154|0x0000000735800000, 0x0000000735800000, 0x0000000735a00000|  0%| F|  |TAMS 0x0000000735800000, 0x0000000735800000| Untracked 
| 155|0x0000000735a00000, 0x0000000735a00000, 0x0000000735c00000|  0%| F|  |TAMS 0x0000000735a00000, 0x0000000735a00000| Untracked 
| 156|0x0000000735c00000, 0x0000000735c00000, 0x0000000735e00000|  0%| F|  |TAMS 0x0000000735c00000, 0x0000000735c00000| Untracked 
| 157|0x0000000735e00000, 0x0000000735e00000, 0x0000000736000000|  0%| F|  |TAMS 0x0000000735e00000, 0x0000000735e00000| Untracked 
| 158|0x0000000736000000, 0x0000000736000000, 0x0000000736200000|  0%| F|  |TAMS 0x0000000736000000, 0x0000000736000000| Untracked 
| 159|0x0000000736200000, 0x0000000736200000, 0x0000000736400000|  0%| F|  |TAMS 0x0000000736200000, 0x0000000736200000| Untracked 
| 160|0x0000000736400000, 0x0000000736400000, 0x0000000736600000|  0%| F|  |TAMS 0x0000000736400000, 0x0000000736400000| Untracked 
| 161|0x0000000736600000, 0x0000000736600000, 0x0000000736800000|  0%| F|  |TAMS 0x0000000736600000, 0x0000000736600000| Untracked 
| 162|0x0000000736800000, 0x0000000736800000, 0x0000000736a00000|  0%| F|  |TAMS 0x0000000736800000, 0x0000000736800000| Untracked 
| 163|0x0000000736a00000, 0x0000000736a00000, 0x0000000736c00000|  0%| F|  |TAMS 0x0000000736a00000, 0x0000000736a00000| Untracked 
| 164|0x0000000736c00000, 0x0000000736c00000, 0x0000000736e00000|  0%| F|  |TAMS 0x0000000736c00000, 0x0000000736c00000| Untracked 
| 165|0x0000000736e00000, 0x0000000736e00000, 0x0000000737000000|  0%| F|  |TAMS 0x0000000736e00000, 0x0000000736e00000| Untracked 
| 166|0x0000000737000000, 0x0000000737000000, 0x0000000737200000|  0%| F|  |TAMS 0x0000000737000000, 0x0000000737000000| Untracked 
| 167|0x0000000737200000, 0x0000000737200000, 0x0000000737400000|  0%| F|  |TAMS 0x0000000737200000, 0x0000000737200000| Untracked 
| 168|0x0000000737400000, 0x0000000737400000, 0x0000000737600000|  0%| F|  |TAMS 0x0000000737400000, 0x0000000737400000| Untracked 
| 169|0x0000000737600000, 0x0000000737600000, 0x0000000737800000|  0%| F|  |TAMS 0x0000000737600000, 0x0000000737600000| Untracked 
| 170|0x0000000737800000, 0x0000000737800000, 0x0000000737a00000|  0%| F|  |TAMS 0x0000000737800000, 0x0000000737800000| Untracked 
| 171|0x0000000737a00000, 0x0000000737a00000, 0x0000000737c00000|  0%| F|  |TAMS 0x0000000737a00000, 0x0000000737a00000| Untracked 
| 172|0x0000000737c00000, 0x0000000737c00000, 0x0000000737e00000|  0%| F|  |TAMS 0x0000000737c00000, 0x0000000737c00000| Untracked 
| 173|0x0000000737e00000, 0x0000000737e00000, 0x0000000738000000|  0%| F|  |TAMS 0x0000000737e00000, 0x0000000737e00000| Untracked 
| 174|0x0000000738000000, 0x0000000738000000, 0x0000000738200000|  0%| F|  |TAMS 0x0000000738000000, 0x0000000738000000| Untracked 
| 175|0x0000000738200000, 0x0000000738200000, 0x0000000738400000|  0%| F|  |TAMS 0x0000000738200000, 0x0000000738200000| Untracked 
| 176|0x0000000738400000, 0x0000000738400000, 0x0000000738600000|  0%| F|  |TAMS 0x0000000738400000, 0x0000000738400000| Untracked 
| 177|0x0000000738600000, 0x0000000738600000, 0x0000000738800000|  0%| F|  |TAMS 0x0000000738600000, 0x0000000738600000| Untracked 
| 178|0x0000000738800000, 0x0000000738800000, 0x0000000738a00000|  0%| F|  |TAMS 0x0000000738800000, 0x0000000738800000| Untracked 
| 179|0x0000000738a00000, 0x0000000738a00000, 0x0000000738c00000|  0%| F|  |TAMS 0x0000000738a00000, 0x0000000738a00000| Untracked 
| 180|0x0000000738c00000, 0x0000000738c00000, 0x0000000738e00000|  0%| F|  |TAMS 0x0000000738c00000, 0x0000000738c00000| Untracked 
| 181|0x0000000738e00000, 0x0000000738e00000, 0x0000000739000000|  0%| F|  |TAMS 0x0000000738e00000, 0x0000000738e00000| Untracked 
| 182|0x0000000739000000, 0x0000000739000000, 0x0000000739200000|  0%| F|  |TAMS 0x0000000739000000, 0x0000000739000000| Untracked 
| 183|0x0000000739200000, 0x0000000739200000, 0x0000000739400000|  0%| F|  |TAMS 0x0000000739200000, 0x0000000739200000| Untracked 
| 184|0x0000000739400000, 0x0000000739400000, 0x0000000739600000|  0%| F|  |TAMS 0x0000000739400000, 0x0000000739400000| Untracked 
| 185|0x0000000739600000, 0x0000000739600000, 0x0000000739800000|  0%| F|  |TAMS 0x0000000739600000, 0x0000000739600000| Untracked 
| 186|0x0000000739800000, 0x0000000739800000, 0x0000000739a00000|  0%| F|  |TAMS 0x0000000739800000, 0x0000000739800000| Untracked 
| 187|0x0000000739a00000, 0x0000000739a00000, 0x0000000739c00000|  0%| F|  |TAMS 0x0000000739a00000, 0x0000000739a00000| Untracked 
| 188|0x0000000739c00000, 0x0000000739c00000, 0x0000000739e00000|  0%| F|  |TAMS 0x0000000739c00000, 0x0000000739c00000| Untracked 
| 189|0x0000000739e00000, 0x0000000739e00000, 0x000000073a000000|  0%| F|  |TAMS 0x0000000739e00000, 0x0000000739e00000| Untracked 
| 190|0x000000073a000000, 0x000000073a000000, 0x000000073a200000|  0%| F|  |TAMS 0x000000073a000000, 0x000000073a000000| Untracked 
| 191|0x000000073a200000, 0x000000073a200000, 0x000000073a400000|  0%| F|  |TAMS 0x000000073a200000, 0x000000073a200000| Untracked 
| 192|0x000000073a400000, 0x000000073a400000, 0x000000073a600000|  0%| F|  |TAMS 0x000000073a400000, 0x000000073a400000| Untracked 
| 193|0x000000073a600000, 0x000000073a600000, 0x000000073a800000|  0%| F|  |TAMS 0x000000073a600000, 0x000000073a600000| Untracked 
| 194|0x000000073a800000, 0x000000073a800000, 0x000000073aa00000|  0%| F|  |TAMS 0x000000073a800000, 0x000000073a800000| Untracked 
| 195|0x000000073aa00000, 0x000000073aa00000, 0x000000073ac00000|  0%| F|  |TAMS 0x000000073aa00000, 0x000000073aa00000| Untracked 
| 196|0x000000073ac00000, 0x000000073ac00000, 0x000000073ae00000|  0%| F|  |TAMS 0x000000073ac00000, 0x000000073ac00000| Untracked 
| 197|0x000000073ae00000, 0x000000073ae00000, 0x000000073b000000|  0%| F|  |TAMS 0x000000073ae00000, 0x000000073ae00000| Untracked 
| 198|0x000000073b000000, 0x000000073b000000, 0x000000073b200000|  0%| F|  |TAMS 0x000000073b000000, 0x000000073b000000| Untracked 
| 199|0x000000073b200000, 0x000000073b200000, 0x000000073b400000|  0%| F|  |TAMS 0x000000073b200000, 0x000000073b200000| Untracked 
| 200|0x000000073b400000, 0x000000073b400000, 0x000000073b600000|  0%| F|  |TAMS 0x000000073b400000, 0x000000073b400000| Untracked 
| 201|0x000000073b600000, 0x000000073b600000, 0x000000073b800000|  0%| F|  |TAMS 0x000000073b600000, 0x000000073b600000| Untracked 
| 202|0x000000073b800000, 0x000000073b800000, 0x000000073ba00000|  0%| F|  |TAMS 0x000000073b800000, 0x000000073b800000| Untracked 
| 203|0x000000073ba00000, 0x000000073ba00000, 0x000000073bc00000|  0%| F|  |TAMS 0x000000073ba00000, 0x000000073ba00000| Untracked 
| 204|0x000000073bc00000, 0x000000073bc00000, 0x000000073be00000|  0%| F|  |TAMS 0x000000073bc00000, 0x000000073bc00000| Untracked 
| 205|0x000000073be00000, 0x000000073be00000, 0x000000073c000000|  0%| F|  |TAMS 0x000000073be00000, 0x000000073be00000| Untracked 
| 206|0x000000073c000000, 0x000000073c000000, 0x000000073c200000|  0%| F|  |TAMS 0x000000073c000000, 0x000000073c000000| Untracked 
| 207|0x000000073c200000, 0x000000073c200000, 0x000000073c400000|  0%| F|  |TAMS 0x000000073c200000, 0x000000073c200000| Untracked 
| 208|0x000000073c400000, 0x000000073c400000, 0x000000073c600000|  0%| F|  |TAMS 0x000000073c400000, 0x000000073c400000| Untracked 
| 209|0x000000073c600000, 0x000000073c600000, 0x000000073c800000|  0%| F|  |TAMS 0x000000073c600000, 0x000000073c600000| Untracked 
| 210|0x000000073c800000, 0x000000073c800000, 0x000000073ca00000|  0%| F|  |TAMS 0x000000073c800000, 0x000000073c800000| Untracked 
| 211|0x000000073ca00000, 0x000000073ca00000, 0x000000073cc00000|  0%| F|  |TAMS 0x000000073ca00000, 0x000000073ca00000| Untracked 
| 212|0x000000073cc00000, 0x000000073cc00000, 0x000000073ce00000|  0%| F|  |TAMS 0x000000073cc00000, 0x000000073cc00000| Untracked 
| 213|0x000000073ce00000, 0x000000073ce00000, 0x000000073d000000|  0%| F|  |TAMS 0x000000073ce00000, 0x000000073ce00000| Untracked 
| 214|0x000000073d000000, 0x000000073d000000, 0x000000073d200000|  0%| F|  |TAMS 0x000000073d000000, 0x000000073d000000| Untracked 
| 215|0x000000073d200000, 0x000000073d200000, 0x000000073d400000|  0%| F|  |TAMS 0x000000073d200000, 0x000000073d200000| Untracked 
| 216|0x000000073d400000, 0x000000073d400000, 0x000000073d600000|  0%| F|  |TAMS 0x000000073d400000, 0x000000073d400000| Untracked 
| 217|0x000000073d600000, 0x000000073d600000, 0x000000073d800000|  0%| F|  |TAMS 0x000000073d600000, 0x000000073d600000| Untracked 
| 218|0x000000073d800000, 0x000000073d800000, 0x000000073da00000|  0%| F|  |TAMS 0x000000073d800000, 0x000000073d800000| Untracked 
| 219|0x000000073da00000, 0x000000073da00000, 0x000000073dc00000|  0%| F|  |TAMS 0x000000073da00000, 0x000000073da00000| Untracked 
| 220|0x000000073dc00000, 0x000000073dc00000, 0x000000073de00000|  0%| F|  |TAMS 0x000000073dc00000, 0x000000073dc00000| Untracked 
| 221|0x000000073de00000, 0x000000073de00000, 0x000000073e000000|  0%| F|  |TAMS 0x000000073de00000, 0x000000073de00000| Untracked 
| 222|0x000000073e000000, 0x000000073e000000, 0x000000073e200000|  0%| F|  |TAMS 0x000000073e000000, 0x000000073e000000| Untracked 
| 223|0x000000073e200000, 0x000000073e200000, 0x000000073e400000|  0%| F|  |TAMS 0x000000073e200000, 0x000000073e200000| Untracked 
| 224|0x000000073e400000, 0x000000073e400000, 0x000000073e600000|  0%| F|  |TAMS 0x000000073e400000, 0x000000073e400000| Untracked 
| 225|0x000000073e600000, 0x000000073e600000, 0x000000073e800000|  0%| F|  |TAMS 0x000000073e600000, 0x000000073e600000| Untracked 
| 226|0x000000073e800000, 0x000000073e800000, 0x000000073ea00000|  0%| F|  |TAMS 0x000000073e800000, 0x000000073e800000| Untracked 
| 227|0x000000073ea00000, 0x000000073ea00000, 0x000000073ec00000|  0%| F|  |TAMS 0x000000073ea00000, 0x000000073ea00000| Untracked 
| 228|0x000000073ec00000, 0x000000073ec00000, 0x000000073ee00000|  0%| F|  |TAMS 0x000000073ec00000, 0x000000073ec00000| Untracked 
| 229|0x000000073ee00000, 0x000000073ee00000, 0x000000073f000000|  0%| F|  |TAMS 0x000000073ee00000, 0x000000073ee00000| Untracked 
| 230|0x000000073f000000, 0x000000073f000000, 0x000000073f200000|  0%| F|  |TAMS 0x000000073f000000, 0x000000073f000000| Untracked 
| 231|0x000000073f200000, 0x000000073f200000, 0x000000073f400000|  0%| F|  |TAMS 0x000000073f200000, 0x000000073f200000| Untracked 
| 232|0x000000073f400000, 0x000000073f400000, 0x000000073f600000|  0%| F|  |TAMS 0x000000073f400000, 0x000000073f400000| Untracked 
| 233|0x000000073f600000, 0x000000073f600000, 0x000000073f800000|  0%| F|  |TAMS 0x000000073f600000, 0x000000073f600000| Untracked 
| 234|0x000000073f800000, 0x000000073f800000, 0x000000073fa00000|  0%| F|  |TAMS 0x000000073f800000, 0x000000073f800000| Untracked 
| 235|0x000000073fa00000, 0x000000073fa00000, 0x000000073fc00000|  0%| F|  |TAMS 0x000000073fa00000, 0x000000073fa00000| Untracked 
| 236|0x000000073fc00000, 0x000000073fc00000, 0x000000073fe00000|  0%| F|  |TAMS 0x000000073fc00000, 0x000000073fc00000| Untracked 
| 237|0x000000073fe00000, 0x000000073fe00000, 0x0000000740000000|  0%| F|  |TAMS 0x000000073fe00000, 0x000000073fe00000| Untracked 
| 238|0x0000000740000000, 0x0000000740000000, 0x0000000740200000|  0%| F|  |TAMS 0x0000000740000000, 0x0000000740000000| Untracked 
| 239|0x0000000740200000, 0x0000000740200000, 0x0000000740400000|  0%| F|  |TAMS 0x0000000740200000, 0x0000000740200000| Untracked 
| 240|0x0000000740400000, 0x0000000740400000, 0x0000000740600000|  0%| F|  |TAMS 0x0000000740400000, 0x0000000740400000| Untracked 
| 241|0x0000000740600000, 0x0000000740600000, 0x0000000740800000|  0%| F|  |TAMS 0x0000000740600000, 0x0000000740600000| Untracked 
| 242|0x0000000740800000, 0x0000000740800000, 0x0000000740a00000|  0%| F|  |TAMS 0x0000000740800000, 0x0000000740800000| Untracked 
| 243|0x0000000740a00000, 0x0000000740a00000, 0x0000000740c00000|  0%| F|  |TAMS 0x0000000740a00000, 0x0000000740a00000| Untracked 
| 244|0x0000000740c00000, 0x0000000740c00000, 0x0000000740e00000|  0%| F|  |TAMS 0x0000000740c00000, 0x0000000740c00000| Untracked 
| 245|0x0000000740e00000, 0x0000000740e00000, 0x0000000741000000|  0%| F|  |TAMS 0x0000000740e00000, 0x0000000740e00000| Untracked 
| 246|0x0000000741000000, 0x0000000741000000, 0x0000000741200000|  0%| F|  |TAMS 0x0000000741000000, 0x0000000741000000| Untracked 
| 247|0x0000000741200000, 0x0000000741200000, 0x0000000741400000|  0%| F|  |TAMS 0x0000000741200000, 0x0000000741200000| Untracked 
| 248|0x0000000741400000, 0x0000000741400000, 0x0000000741600000|  0%| F|  |TAMS 0x0000000741400000, 0x0000000741400000| Untracked 
| 249|0x0000000741600000, 0x0000000741600000, 0x0000000741800000|  0%| F|  |TAMS 0x0000000741600000, 0x0000000741600000| Untracked 
| 250|0x0000000741800000, 0x0000000741800000, 0x0000000741a00000|  0%| F|  |TAMS 0x0000000741800000, 0x0000000741800000| Untracked 
| 251|0x0000000741a00000, 0x0000000741a00000, 0x0000000741c00000|  0%| F|  |TAMS 0x0000000741a00000, 0x0000000741a00000| Untracked 
| 252|0x0000000741c00000, 0x0000000741c00000, 0x0000000741e00000|  0%| F|  |TAMS 0x0000000741c00000, 0x0000000741c00000| Untracked 
| 253|0x0000000741e00000, 0x0000000741e00000, 0x0000000742000000|  0%| F|  |TAMS 0x0000000741e00000, 0x0000000741e00000| Untracked 
| 254|0x0000000742000000, 0x0000000742000000, 0x0000000742200000|  0%| F|  |TAMS 0x0000000742000000, 0x0000000742000000| Untracked 
| 255|0x0000000742200000, 0x0000000742200000, 0x0000000742400000|  0%| F|  |TAMS 0x0000000742200000, 0x0000000742200000| Untracked 
| 256|0x0000000742400000, 0x0000000742400000, 0x0000000742600000|  0%| F|  |TAMS 0x0000000742400000, 0x0000000742400000| Untracked 
| 257|0x0000000742600000, 0x0000000742600000, 0x0000000742800000|  0%| F|  |TAMS 0x0000000742600000, 0x0000000742600000| Untracked 
| 258|0x0000000742800000, 0x0000000742800000, 0x0000000742a00000|  0%| F|  |TAMS 0x0000000742800000, 0x0000000742800000| Untracked 
| 259|0x0000000742a00000, 0x0000000742a00000, 0x0000000742c00000|  0%| F|  |TAMS 0x0000000742a00000, 0x0000000742a00000| Untracked 
| 260|0x0000000742c00000, 0x0000000742c00000, 0x0000000742e00000|  0%| F|  |TAMS 0x0000000742c00000, 0x0000000742c00000| Untracked 
| 261|0x0000000742e00000, 0x0000000742e00000, 0x0000000743000000|  0%| F|  |TAMS 0x0000000742e00000, 0x0000000742e00000| Untracked 
| 262|0x0000000743000000, 0x0000000743000000, 0x0000000743200000|  0%| F|  |TAMS 0x0000000743000000, 0x0000000743000000| Untracked 
| 263|0x0000000743200000, 0x0000000743200000, 0x0000000743400000|  0%| F|  |TAMS 0x0000000743200000, 0x0000000743200000| Untracked 
| 264|0x0000000743400000, 0x0000000743400000, 0x0000000743600000|  0%| F|  |TAMS 0x0000000743400000, 0x0000000743400000| Untracked 
| 265|0x0000000743600000, 0x0000000743600000, 0x0000000743800000|  0%| F|  |TAMS 0x0000000743600000, 0x0000000743600000| Untracked 
| 266|0x0000000743800000, 0x0000000743800000, 0x0000000743a00000|  0%| F|  |TAMS 0x0000000743800000, 0x0000000743800000| Untracked 
| 267|0x0000000743a00000, 0x0000000743a00000, 0x0000000743c00000|  0%| F|  |TAMS 0x0000000743a00000, 0x0000000743a00000| Untracked 
| 268|0x0000000743c00000, 0x0000000743c00000, 0x0000000743e00000|  0%| F|  |TAMS 0x0000000743c00000, 0x0000000743c00000| Untracked 
| 269|0x0000000743e00000, 0x0000000743e00000, 0x0000000744000000|  0%| F|  |TAMS 0x0000000743e00000, 0x0000000743e00000| Untracked 
| 270|0x0000000744000000, 0x0000000744000000, 0x0000000744200000|  0%| F|  |TAMS 0x0000000744000000, 0x0000000744000000| Untracked 
| 271|0x0000000744200000, 0x0000000744200000, 0x0000000744400000|  0%| F|  |TAMS 0x0000000744200000, 0x0000000744200000| Untracked 
| 272|0x0000000744400000, 0x0000000744400000, 0x0000000744600000|  0%| F|  |TAMS 0x0000000744400000, 0x0000000744400000| Untracked 
| 273|0x0000000744600000, 0x0000000744600000, 0x0000000744800000|  0%| F|  |TAMS 0x0000000744600000, 0x0000000744600000| Untracked 
| 274|0x0000000744800000, 0x0000000744800000, 0x0000000744a00000|  0%| F|  |TAMS 0x0000000744800000, 0x0000000744800000| Untracked 
| 275|0x0000000744a00000, 0x0000000744a00000, 0x0000000744c00000|  0%| F|  |TAMS 0x0000000744a00000, 0x0000000744a00000| Untracked 
| 276|0x0000000744c00000, 0x0000000744c00000, 0x0000000744e00000|  0%| F|  |TAMS 0x0000000744c00000, 0x0000000744c00000| Untracked 
| 277|0x0000000744e00000, 0x0000000744e00000, 0x0000000745000000|  0%| F|  |TAMS 0x0000000744e00000, 0x0000000744e00000| Untracked 
| 278|0x0000000745000000, 0x0000000745000000, 0x0000000745200000|  0%| F|  |TAMS 0x0000000745000000, 0x0000000745000000| Untracked 
| 279|0x0000000745200000, 0x0000000745200000, 0x0000000745400000|  0%| F|  |TAMS 0x0000000745200000, 0x0000000745200000| Untracked 
| 280|0x0000000745400000, 0x0000000745400000, 0x0000000745600000|  0%| F|  |TAMS 0x0000000745400000, 0x0000000745400000| Untracked 
| 281|0x0000000745600000, 0x0000000745600000, 0x0000000745800000|  0%| F|  |TAMS 0x0000000745600000, 0x0000000745600000| Untracked 
| 282|0x0000000745800000, 0x0000000745800000, 0x0000000745a00000|  0%| F|  |TAMS 0x0000000745800000, 0x0000000745800000| Untracked 
| 283|0x0000000745a00000, 0x0000000745a00000, 0x0000000745c00000|  0%| F|  |TAMS 0x0000000745a00000, 0x0000000745a00000| Untracked 
| 284|0x0000000745c00000, 0x0000000745c00000, 0x0000000745e00000|  0%| F|  |TAMS 0x0000000745c00000, 0x0000000745c00000| Untracked 
| 285|0x0000000745e00000, 0x0000000745e00000, 0x0000000746000000|  0%| F|  |TAMS 0x0000000745e00000, 0x0000000745e00000| Untracked 
| 286|0x0000000746000000, 0x0000000746000000, 0x0000000746200000|  0%| F|  |TAMS 0x0000000746000000, 0x0000000746000000| Untracked 
| 287|0x0000000746200000, 0x0000000746200000, 0x0000000746400000|  0%| F|  |TAMS 0x0000000746200000, 0x0000000746200000| Untracked 
| 288|0x0000000746400000, 0x0000000746400000, 0x0000000746600000|  0%| F|  |TAMS 0x0000000746400000, 0x0000000746400000| Untracked 
| 289|0x0000000746600000, 0x0000000746600000, 0x0000000746800000|  0%| F|  |TAMS 0x0000000746600000, 0x0000000746600000| Untracked 
| 290|0x0000000746800000, 0x0000000746800000, 0x0000000746a00000|  0%| F|  |TAMS 0x0000000746800000, 0x0000000746800000| Untracked 
| 291|0x0000000746a00000, 0x0000000746a00000, 0x0000000746c00000|  0%| F|  |TAMS 0x0000000746a00000, 0x0000000746a00000| Untracked 
| 292|0x0000000746c00000, 0x0000000746c00000, 0x0000000746e00000|  0%| F|  |TAMS 0x0000000746c00000, 0x0000000746c00000| Untracked 
| 293|0x0000000746e00000, 0x0000000746e00000, 0x0000000747000000|  0%| F|  |TAMS 0x0000000746e00000, 0x0000000746e00000| Untracked 
| 294|0x0000000747000000, 0x0000000747000000, 0x0000000747200000|  0%| F|  |TAMS 0x0000000747000000, 0x0000000747000000| Untracked 
| 295|0x0000000747200000, 0x0000000747200000, 0x0000000747400000|  0%| F|  |TAMS 0x0000000747200000, 0x0000000747200000| Untracked 

Card table byte_map: [0x000001ec37e10000,0x000001ec38500000] _byte_map_base: 0x000001ec344fe000

Marking Bits (Prev, Next): (CMBitMap*) 0x000001ec30daf930, (CMBitMap*) 0x000001ec30daf970
 Prev Bits: [0x000001ec38bf0000, 0x000001ec3c360000)
 Next Bits: [0x000001ec3c360000, 0x000001ec3fad0000)

Polling page: 0x000001ec304e0000

Metaspace:

Usage:
  Non-class:     93.68 MB used.
      Class:     14.69 MB used.
       Both:    108.37 MB used.

Virtual space:
  Non-class space:      128.00 MB reserved,      94.19 MB ( 74%) committed,  2 nodes.
      Class space:        1.00 GB reserved,      15.12 MB (  1%) committed,  1 nodes.
             Both:        1.12 GB reserved,     109.31 MB (  9%) committed. 

Chunk freelists:
   Non-Class:  1.61 MB
       Class:  896.00 KB
        Both:  2.48 MB

MaxMetaspaceSize: unlimited
CompressedClassSpaceSize: 1.00 GB
Initial GC threshold: 21.00 MB
Current GC threshold: 180.56 MB
CDS: off
MetaspaceReclaimPolicy: balanced
 - commit_granule_bytes: 65536.
 - commit_granule_words: 8192.
 - virtual_space_node_default_size: 8388608.
 - enlarge_chunks_in_place: 1.
 - new_chunks_are_fully_committed: 0.
 - uncommit_free_chunks: 1.
 - use_allocation_guard: 0.
 - handle_deallocations: 1.


Internal statistics:

num_allocs_failed_limit: 12.
num_arena_births: 2078.
num_arena_deaths: 866.
num_vsnodes_births: 3.
num_vsnodes_deaths: 0.
num_space_committed: 1749.
num_space_uncommitted: 0.
num_chunks_returned_to_freelist: 1095.
num_chunks_taken_from_freelist: 6426.
num_chunk_merges: 320.
num_chunk_splits: 4059.
num_chunks_enlarged: 2853.
num_inconsistent_stats: 0.

CodeCache: size=49152Kb used=36004Kb max_used=37073Kb free=13147Kb
 bounds [0x000001ec343e0000, 0x000001ec36820000, 0x000001ec373e0000]
 total_blobs=21353 nmethods=20573 adapters=705
 compilation: enabled
              stopped_count=0, restarted_count=0
 full_count=0

Compilation events (20 events):
Event: 28694.977 Thread 0x000001ec428e43e0 20719       1       org.springframework.beans.factory.support.BeanDefinitionBuilder::getRawBeanDefinition (5 bytes)
Event: 28694.977 Thread 0x000001ec428e43e0 nmethod 20719 0x000001ec3676b690 code [0x000001ec3676b820, 0x000001ec3676b8f8]
Event: 28694.985 Thread 0x000001ec428e43e0 20720       1       java.util.AbstractSet::removeAll (101 bytes)
Event: 28694.985 Thread 0x000001ec428e43e0 nmethod 20720 0x000001ec3676ae10 code [0x000001ec3676b040, 0x000001ec3676b418]
Event: 28695.011 Thread 0x000001ec428e43e0 20721       1       org.springframework.cglib.reflect.FastClass$Generator::setType (6 bytes)
Event: 28695.011 Thread 0x000001ec428e43e0 nmethod 20721 0x000001ec3676ab10 code [0x000001ec3676aca0, 0x000001ec3676adb8]
Event: 28695.013 Thread 0x000001ec428e43e0 20722       1       org.springframework.beans.factory.config.BeanDefinitionVisitor::visitIndexedArgumentValues (63 bytes)
Event: 28695.013 Thread 0x000001ec428e43e0 nmethod 20722 0x000001ec3676a510 code [0x000001ec3676a700, 0x000001ec3676a998]
Event: 28695.013 Thread 0x000001ec428e43e0 20723       1       org.springframework.beans.factory.config.BeanDefinitionVisitor::visitGenericArgumentValues (58 bytes)
Event: 28695.014 Thread 0x000001ec428e43e0 nmethod 20723 0x000001ec36769f10 code [0x000001ec3676a0e0, 0x000001ec3676a348]
Event: 28695.014 Thread 0x000001ec428e43e0 20724       1       org.springframework.core.io.support.SpringFactoriesLoader$FactoryInstantiator$$Lambda$147/0x00000008001a0420::apply (14 bytes)
Event: 28695.015 Thread 0x000001ec428e43e0 nmethod 20724 0x000001ec36769b10 code [0x000001ec36769cc0, 0x000001ec36769e28]
Event: 28695.015 Thread 0x000001ec428e43e0 20725       1       org.springframework.core.io.support.SpringFactoriesLoader$ArgumentResolver$$Lambda$144/0x000000080019d1f8::get (8 bytes)
Event: 28695.015 Thread 0x000001ec428e43e0 nmethod 20725 0x000001ec36769810 code [0x000001ec367699a0, 0x000001ec36769a78]
Event: 28695.015 Thread 0x000001ec428e43e0 20726       1       org.springframework.core.io.support.SpringFactoriesLoader$ArgumentResolver::lambda$of$2 (2 bytes)
Event: 28695.015 Thread 0x000001ec428e43e0 nmethod 20726 0x000001ec36769510 code [0x000001ec367696a0, 0x000001ec36769758]
Event: 28695.019 Thread 0x000001ec428e43e0 20727   !   1       jdk.proxy2.$Proxy86::annotationType (29 bytes)
Event: 28695.019 Thread 0x000001ec428e43e0 nmethod 20727 0x000001ec36769010 code [0x000001ec367691c0, 0x000001ec367693d8]
Event: 28695.024 Thread 0x000001ec428e43e0 20728       1       org.springframework.context.support.ApplicationListenerDetector::equals (34 bytes)
Event: 28695.024 Thread 0x000001ec428e43e0 nmethod 20728 0x000001ec36768c10 code [0x000001ec36768da0, 0x000001ec36768f38]

GC Heap History (20 events):
Event: 28553.209 GC heap after
{Heap after GC invocations=109 (full 1):
 garbage-first heap   total 294912K, used 104206K [0x0000000722400000, 0x0000000800000000)
  region size 2048K, 1 young (2048K), 1 survivors (2048K)
 Metaspace       used 106923K, committed 107776K, reserved 1179648K
  class space    used 14680K, committed 15104K, reserved 1048576K
}
Event: 28576.887 GC heap before
{Heap before GC invocations=109 (full 1):
 garbage-first heap   total 294912K, used 243470K [0x0000000722400000, 0x0000000800000000)
  region size 2048K, 69 young (141312K), 1 survivors (2048K)
 Metaspace       used 107418K, committed 108224K, reserved 1179648K
  class space    used 14720K, committed 15104K, reserved 1048576K
}
Event: 28576.890 GC heap after
{Heap after GC invocations=110 (full 1):
 garbage-first heap   total 606208K, used 106560K [0x0000000722400000, 0x0000000800000000)
  region size 2048K, 2 young (4096K), 2 survivors (4096K)
 Metaspace       used 107418K, committed 108224K, reserved 1179648K
  class space    used 14720K, committed 15104K, reserved 1048576K
}
Event: 28596.682 GC heap before
{Heap before GC invocations=111 (full 1):
 garbage-first heap   total 368640K, used 321600K [0x0000000722400000, 0x0000000800000000)
  region size 2048K, 108 young (221184K), 2 survivors (4096K)
 Metaspace       used 108172K, committed 109056K, reserved 1179648K
  class space    used 14795K, committed 15232K, reserved 1048576K
}
Event: 28596.688 GC heap after
{Heap after GC invocations=112 (full 1):
 garbage-first heap   total 368640K, used 115652K [0x0000000722400000, 0x0000000800000000)
  region size 2048K, 7 young (14336K), 7 survivors (14336K)
 Metaspace       used 108172K, committed 109056K, reserved 1179648K
  class space    used 14795K, committed 15232K, reserved 1048576K
}
Event: 28596.703 GC heap before
{Heap before GC invocations=112 (full 1):
 garbage-first heap   total 368640K, used 119748K [0x0000000722400000, 0x0000000800000000)
  region size 2048K, 9 young (18432K), 7 survivors (14336K)
 Metaspace       used 108199K, committed 109056K, reserved 1179648K
  class space    used 14796K, committed 15232K, reserved 1048576K
}
Event: 28596.708 GC heap after
{Heap after GC invocations=113 (full 1):
 garbage-first heap   total 368640K, used 115478K [0x0000000722400000, 0x0000000800000000)
  region size 2048K, 1 young (2048K), 1 survivors (2048K)
 Metaspace       used 108199K, committed 109056K, reserved 1179648K
  class space    used 14796K, committed 15232K, reserved 1048576K
}
Event: 28608.185 GC heap before
{Heap before GC invocations=113 (full 1):
 garbage-first heap   total 368640K, used 307990K [0x0000000722400000, 0x0000000800000000)
  region size 2048K, 95 young (194560K), 1 survivors (2048K)
 Metaspace       used 108822K, committed 109696K, reserved 1179648K
  class space    used 14855K, committed 15296K, reserved 1048576K
}
Event: 28608.190 GC heap after
{Heap after GC invocations=114 (full 1):
 garbage-first heap   total 368640K, used 122668K [0x0000000722400000, 0x0000000800000000)
  region size 2048K, 5 young (10240K), 5 survivors (10240K)
 Metaspace       used 108822K, committed 109696K, reserved 1179648K
  class space    used 14855K, committed 15296K, reserved 1048576K
}
Event: 28612.716 GC heap before
{Heap before GC invocations=115 (full 1):
 garbage-first heap   total 368640K, used 304940K [0x0000000722400000, 0x0000000800000000)
  region size 2048K, 94 young (192512K), 5 survivors (10240K)
 Metaspace       used 109388K, committed 110336K, reserved 1179648K
  class space    used 14904K, committed 15360K, reserved 1048576K
}
Event: 28612.722 GC heap after
{Heap after GC invocations=116 (full 1):
 garbage-first heap   total 368640K, used 127766K [0x0000000722400000, 0x0000000800000000)
  region size 2048K, 7 young (14336K), 7 survivors (14336K)
 Metaspace       used 109388K, committed 110336K, reserved 1179648K
  class space    used 14904K, committed 15360K, reserved 1048576K
}
Event: 28612.744 GC heap before
{Heap before GC invocations=116 (full 1):
 garbage-first heap   total 368640K, used 131862K [0x0000000722400000, 0x0000000800000000)
  region size 2048K, 9 young (18432K), 7 survivors (14336K)
 Metaspace       used 109388K, committed 110336K, reserved 1179648K
  class space    used 14904K, committed 15360K, reserved 1048576K
}
Event: 28612.749 GC heap after
{Heap after GC invocations=117 (full 1):
 garbage-first heap   total 368640K, used 127292K [0x0000000722400000, 0x0000000800000000)
  region size 2048K, 2 young (4096K), 2 survivors (4096K)
 Metaspace       used 109388K, committed 110336K, reserved 1179648K
  class space    used 14904K, committed 15360K, reserved 1048576K
}
Event: 28633.120 GC heap before
{Heap before GC invocations=117 (full 1):
 garbage-first heap   total 368640K, used 305468K [0x0000000722400000, 0x0000000800000000)
  region size 2048K, 89 young (182272K), 2 survivors (4096K)
 Metaspace       used 109983K, committed 110912K, reserved 1179648K
  class space    used 14956K, committed 15424K, reserved 1048576K
}
Event: 28633.123 GC heap after
{Heap after GC invocations=118 (full 1):
 garbage-first heap   total 368640K, used 132826K [0x0000000722400000, 0x0000000800000000)
  region size 2048K, 4 young (8192K), 4 survivors (8192K)
 Metaspace       used 109983K, committed 110912K, reserved 1179648K
  class space    used 14956K, committed 15424K, reserved 1048576K
}
Event: 28634.391 GC heap before
{Heap before GC invocations=119 (full 1):
 garbage-first heap   total 368640K, used 306906K [0x0000000722400000, 0x0000000800000000)
  region size 2048K, 89 young (182272K), 4 survivors (8192K)
 Metaspace       used 110606K, committed 111488K, reserved 1179648K
  class space    used 15007K, committed 15424K, reserved 1048576K
}
Event: 28634.396 GC heap after
{Heap after GC invocations=120 (full 1):
 garbage-first heap   total 368640K, used 138832K [0x0000000722400000, 0x0000000800000000)
  region size 2048K, 7 young (14336K), 7 survivors (14336K)
 Metaspace       used 110606K, committed 111488K, reserved 1179648K
  class space    used 15007K, committed 15424K, reserved 1048576K
}
Event: 28634.407 GC heap before
{Heap before GC invocations=120 (full 1):
 garbage-first heap   total 368640K, used 142928K [0x0000000722400000, 0x0000000800000000)
  region size 2048K, 9 young (18432K), 7 survivors (14336K)
 Metaspace       used 110635K, committed 111616K, reserved 1179648K
  class space    used 15010K, committed 15488K, reserved 1048576K
}
Event: 28634.413 GC heap after
{Heap after GC invocations=121 (full 1):
 garbage-first heap   total 368640K, used 137518K [0x0000000722400000, 0x0000000800000000)
  region size 2048K, 1 young (2048K), 1 survivors (2048K)
 Metaspace       used 110635K, committed 111616K, reserved 1179648K
  class space    used 15010K, committed 15488K, reserved 1048576K
}
Event: 28695.024 GC heap before
{Heap before GC invocations=121 (full 1):
 garbage-first heap   total 368640K, used 307502K [0x0000000722400000, 0x0000000800000000)
  region size 2048K, 84 young (172032K), 1 survivors (2048K)
 Metaspace       used 110968K, committed 111936K, reserved 1179648K
  class space    used 15043K, committed 15488K, reserved 1048576K
}

Dll operation events (9 events):
Event: 0.010 Loaded shared library C:\sts-4.20.1.RELEASE\plugins\org.eclipse.justj.openjdk.hotspot.jre.full.win32.x86_64_17.0.8.v20230831-1047\jre\bin\java.dll
Event: 0.187 Loaded shared library C:\sts-4.20.1.RELEASE\plugins\org.eclipse.justj.openjdk.hotspot.jre.full.win32.x86_64_17.0.8.v20230831-1047\jre\bin\jimage.dll
Event: 0.198 Loaded shared library C:\sts-4.20.1.RELEASE\plugins\org.eclipse.justj.openjdk.hotspot.jre.full.win32.x86_64_17.0.8.v20230831-1047\jre\bin\net.dll
Event: 0.200 Loaded shared library C:\sts-4.20.1.RELEASE\plugins\org.eclipse.justj.openjdk.hotspot.jre.full.win32.x86_64_17.0.8.v20230831-1047\jre\bin\nio.dll
Event: 0.204 Loaded shared library C:\sts-4.20.1.RELEASE\plugins\org.eclipse.justj.openjdk.hotspot.jre.full.win32.x86_64_17.0.8.v20230831-1047\jre\bin\zip.dll
Event: 0.280 Loaded shared library C:\sts-4.20.1.RELEASE\plugins\org.eclipse.justj.openjdk.hotspot.jre.full.win32.x86_64_17.0.8.v20230831-1047\jre\bin\management.dll
Event: 0.290 Loaded shared library C:\sts-4.20.1.RELEASE\plugins\org.eclipse.justj.openjdk.hotspot.jre.full.win32.x86_64_17.0.8.v20230831-1047\jre\bin\management_ext.dll
Event: 1.299 Loaded shared library C:\sts-4.20.1.RELEASE\plugins\org.eclipse.justj.openjdk.hotspot.jre.full.win32.x86_64_17.0.8.v20230831-1047\jre\bin\sunmscapi.dll
Event: 3.058 Loaded shared library C:\sts-4.20.1.RELEASE\plugins\org.eclipse.justj.openjdk.hotspot.jre.full.win32.x86_64_17.0.8.v20230831-1047\jre\bin\verify.dll

Deoptimization events (20 events):
Event: 2.785 Thread 0x000001ec47c66400 DEOPT PACKING pc=0x000001ec3480429f sp=0x00000008894feee0
Event: 2.785 Thread 0x000001ec47c66400 DEOPT UNPACKING pc=0x000001ec34437143 sp=0x00000008894fe338 mode 3
Event: 4.161 Thread 0x000001ec47b4c740 DEOPT PACKING pc=0x000001ec34fa88f4 sp=0x00000008891fbea0
Event: 4.161 Thread 0x000001ec47b4c740 DEOPT UNPACKING pc=0x000001ec34437143 sp=0x00000008891fb328 mode 0
Event: 4.981 Thread 0x000001ec47b4c740 DEOPT PACKING pc=0x000001ec3489a054 sp=0x00000008891fbac0
Event: 4.981 Thread 0x000001ec47b4c740 DEOPT UNPACKING pc=0x000001ec34437143 sp=0x00000008891fb018 mode 0
Event: 6.005 Thread 0x000001ec47b4c740 DEOPT PACKING pc=0x000001ec34a0e4d2 sp=0x00000008891fa4d0
Event: 6.005 Thread 0x000001ec47b4c740 DEOPT UNPACKING pc=0x000001ec34437143 sp=0x00000008891f99d8 mode 3
Event: 6.005 Thread 0x000001ec47b4c740 DEOPT PACKING pc=0x000001ec348ac655 sp=0x00000008891fa490
Event: 6.005 Thread 0x000001ec47b4c740 DEOPT UNPACKING pc=0x000001ec34437143 sp=0x00000008891f99d8 mode 3
Event: 6.357 Thread 0x000001ec47b4c740 DEOPT PACKING pc=0x000001ec352ca1fe sp=0x00000008891fb9e0
Event: 6.357 Thread 0x000001ec47b4c740 DEOPT UNPACKING pc=0x000001ec34437143 sp=0x00000008891fae48 mode 0
Event: 7.342 Thread 0x000001ec47759a40 DEOPT PACKING pc=0x000001ec34dae05c sp=0x00000008890fc5b0
Event: 7.342 Thread 0x000001ec47759a40 DEOPT UNPACKING pc=0x000001ec34437143 sp=0x00000008890fba70 mode 0
Event: 27696.778 Thread 0x000001ec49aaef50 DEOPT PACKING pc=0x000001ec35ee4f9b sp=0x000000088abf7080
Event: 27696.778 Thread 0x000001ec49aaef50 DEOPT UNPACKING pc=0x000001ec34437143 sp=0x000000088abf65a8 mode 3
Event: 27696.779 Thread 0x000001ec49aaef50 DEOPT PACKING pc=0x000001ec35ee1353 sp=0x000000088abf6f10
Event: 27696.779 Thread 0x000001ec49aaef50 DEOPT UNPACKING pc=0x000001ec34437143 sp=0x000000088abf6420 mode 3
Event: 28509.230 Thread 0x000001ec47c659e0 DEOPT PACKING pc=0x000001ec36379964 sp=0x0000000889cfbfb0
Event: 28509.230 Thread 0x000001ec47c659e0 DEOPT UNPACKING pc=0x000001ec34437143 sp=0x0000000889cfb448 mode 3

Classes unloaded (20 events):
Event: 28448.636 Thread 0x000001ec41f6ec30 Unloading class 0x0000000800d2a000 'jdk/internal/reflect/GeneratedSerializationConstructorAccessor76'
Event: 28448.636 Thread 0x000001ec41f6ec30 Unloading class 0x00000008004db400 'java/lang/invoke/LambdaForm$MH+0x00000008004db400'
Event: 28448.636 Thread 0x000001ec41f6ec30 Unloading class 0x00000008005e8400 'java/lang/invoke/LambdaForm$MH+0x00000008005e8400'
Event: 28448.636 Thread 0x000001ec41f6ec30 Unloading class 0x0000000800e35c00 'java/lang/invoke/LambdaForm$MH+0x0000000800e35c00'
Event: 28448.636 Thread 0x000001ec41f6ec30 Unloading class 0x0000000800e23000 'java/lang/invoke/LambdaForm$MH+0x0000000800e23000'
Event: 28448.636 Thread 0x000001ec41f6ec30 Unloading class 0x0000000800e22000 'java/lang/invoke/LambdaForm$MH+0x0000000800e22000'
Event: 28448.636 Thread 0x000001ec41f6ec30 Unloading class 0x0000000800425c00 'jdk/internal/reflect/GeneratedSerializationConstructorAccessor52'
Event: 28449.597 Thread 0x000001ec41f6ec30 Unloading class 0x0000000800e41000 'jdk/internal/reflect/GeneratedConstructorAccessor106'
Event: 28449.597 Thread 0x000001ec41f6ec30 Unloading class 0x0000000800e40400 'jdk/internal/reflect/GeneratedSerializationConstructorAccessor115'
Event: 28449.597 Thread 0x000001ec41f6ec30 Unloading class 0x0000000800e40000 'jdk/internal/reflect/GeneratedSerializationConstructorAccessor114'
Event: 28449.597 Thread 0x000001ec41f6ec30 Unloading class 0x0000000800e3ac00 'jdk/internal/reflect/GeneratedSerializationConstructorAccessor113'
Event: 28449.597 Thread 0x000001ec41f6ec30 Unloading class 0x00000008002aa400 'jdk/internal/reflect/GeneratedSerializationConstructorAccessor112'
Event: 28455.999 Thread 0x000001ec41f6ec30 Unloading class 0x0000000800aaa400 'jdk/internal/reflect/GeneratedSerializationConstructorAccessor117'
Event: 28462.205 Thread 0x000001ec41f6ec30 Unloading class 0x0000000800e5b800 'jdk/internal/reflect/GeneratedSerializationConstructorAccessor118'
Event: 28488.449 Thread 0x000001ec41f6ec30 Unloading class 0x0000000800e7c400 'jdk/internal/reflect/GeneratedSerializationConstructorAccessor119'
Event: 28510.360 Thread 0x000001ec41f6ec30 Unloading class 0x0000000800e7c400 'jdk/internal/reflect/GeneratedSerializationConstructorAccessor120'
Event: 28576.928 Thread 0x000001ec41f6ec30 Unloading class 0x0000000800ea4400 'jdk/internal/reflect/GeneratedSerializationConstructorAccessor121'
Event: 28608.238 Thread 0x000001ec41f6ec30 Unloading class 0x0000000800eb8400 'jdk/internal/reflect/GeneratedSerializationConstructorAccessor131'
Event: 28633.171 Thread 0x000001ec41f6ec30 Unloading class 0x0000000800ee4c00 'jdk/internal/reflect/GeneratedSerializationConstructorAccessor133'
Event: 28633.171 Thread 0x000001ec41f6ec30 Unloading class 0x0000000800ecd800 'jdk/internal/reflect/GeneratedSerializationConstructorAccessor132'

Classes redefined (0 events):
No events

Internal exceptions (20 events):
Event: 28633.401 Thread 0x000001ec4775a970 Exception <a 'sun/nio/fs/WindowsException'{0x0000000735cf7620}> (0x0000000735cf7620) 
thrown [s\src\hotspot\share\prims\jni.cpp, line 516]
Event: 28633.412 Thread 0x000001ec4775a970 Exception <a 'java/io/FileNotFoundException'{0x0000000735d508e0}> (0x0000000735d508e0) 
thrown [s\src\hotspot\share\prims\jni.cpp, line 516]
Event: 28633.507 Thread 0x000001ec4775a970 Exception <a 'java/io/FileNotFoundException'{0x0000000734b26d58}> (0x0000000734b26d58) 
thrown [s\src\hotspot\share\prims\jni.cpp, line 516]
Event: 28633.564 Thread 0x000001ec4775a970 Exception <a 'sun/nio/fs/WindowsException'{0x0000000733e82c68}> (0x0000000733e82c68) 
thrown [s\src\hotspot\share\prims\jni.cpp, line 516]
Event: 28634.520 Thread 0x000001ec49aaef50 Exception <a 'sun/net/ConnectionResetException'{0x0000000737a08fd8}: Connection reset> (0x0000000737a08fd8) 
thrown [s\src\hotspot\share\prims\jni.cpp, line 535]
Event: 28634.537 Thread 0x000001ec4775b390 Exception <a 'java/lang/InterruptedException'{0x0000000737aed7c8}: sleep interrupted> (0x0000000737aed7c8) 
thrown [s\src\hotspot\share\prims\jvm.cpp, line 3070]
Event: 28634.546 Thread 0x000001ec4775a970 Exception <a 'java/lang/NoClassDefFoundError'{0x0000000737971120}: liquibase/exception/ChangeLogParseException> (0x0000000737971120) 
thrown [s\src\hotspot\share\classfile\systemDictionary.cpp, line 245]
Event: 28634.549 Thread 0x000001ec4775a970 Exception <a 'java/lang/reflect/InvocationTargetException'{0x00000007379d4648}> (0x00000007379d4648) 
thrown [s\src\hotspot\share\runtime\reflection.cpp, line 1121]
Event: 28644.147 Thread 0x000001ec47759a40 Exception <a 'java/lang/NoSuchMethodError'{0x000000073696c6f8}: static [B.<clinit>()V> (0x000000073696c6f8) 
thrown [s\src\hotspot\share\prims\jni.cpp, line 1107]
Event: 28694.682 Thread 0x000001ec49ab12c0 Exception <a 'sun/nio/fs/WindowsException'{0x000000073182e2e8}> (0x000000073182e2e8) 
thrown [s\src\hotspot\share\prims\jni.cpp, line 516]
Event: 28694.699 Thread 0x000001ec49ab12c0 Exception <a 'sun/nio/fs/WindowsException'{0x00000007316c1690}> (0x00000007316c1690) 
thrown [s\src\hotspot\share\prims\jni.cpp, line 516]
Event: 28694.748 Thread 0x000001ec49aaef50 Exception <a 'java/lang/NoClassDefFoundError'{0x000000073118a9b0}: org/glassfish/jersey/server/monitoring/ApplicationEventListener> (0x000000073118a9b0) 
thrown [s\src\hotspot\share\classfile\systemDictionary.cpp, line 245]
Event: 28694.954 Thread 0x000001ec49ab12c0 Exception <a 'sun/nio/fs/WindowsException'{0x000000072ec6ed98}> (0x000000072ec6ed98) 
thrown [s\src\hotspot\share\prims\jni.cpp, line 516]
Event: 28694.973 Thread 0x000001ec49ab12c0 Exception <a 'sun/nio/fs/WindowsException'{0x000000072ea67dc0}> (0x000000072ea67dc0) 
thrown [s\src\hotspot\share\prims\jni.cpp, line 516]
Event: 28695.015 Thread 0x000001ec49ab12c0 Exception <a 'java/lang/NoClassDefFoundError'{0x000000072e483990}: org/flywaydb/core/Flyway> (0x000000072e483990) 
thrown [s\src\hotspot\share\oops\constantPool.cpp, line 835]
Event: 28695.015 Thread 0x000001ec49ab12c0 Exception <a 'java/lang/NoClassDefFoundError'{0x000000072e483fe0}: liquibase/integration/spring/SpringLiquibase> (0x000000072e483fe0) 
thrown [s\src\hotspot\share\oops\constantPool.cpp, line 835]
Event: 28695.016 Thread 0x000001ec49ab12c0 Exception <a 'java/lang/NoClassDefFoundError'{0x000000072e4ae920}: org/springframework/batch/core/repository/JobRepository> (0x000000072e4ae920) 
thrown [s\src\hotspot\share\oops\constantPool.cpp, line 835]
Event: 28695.016 Thread 0x000001ec49ab12c0 Exception <a 'java/lang/NoClassDefFoundError'{0x000000072e4aef68}: org/quartz/Scheduler> (0x000000072e4aef68) 
thrown [s\src\hotspot\share\oops\constantPool.cpp, line 835]
Event: 28695.016 Thread 0x000001ec49ab12c0 Exception <a 'java/lang/NoClassDefFoundError'{0x000000072e4af5d8}: org/springframework/session/jdbc/JdbcIndexedSessionRepository> (0x000000072e4af5d8) 
thrown [s\src\hotspot\share\oops\constantPool.cpp, line 835]
Event: 28695.019 Thread 0x000001ec49ab12c0 Exception <a 'java/lang/NoClassDefFoundError'{0x000000072e547168}: org/jooq/DSLContext> (0x000000072e547168) 
thrown [s\src\hotspot\share\oops\constantPool.cpp, line 835]

VM Operations (20 events):
Event: 28629.799 Executing VM operation: HandshakeAllThreads done
Event: 28633.120 Executing VM operation: G1CollectForAllocation
Event: 28633.123 Executing VM operation: G1CollectForAllocation done
Event: 28633.171 Executing VM operation: G1PauseRemark
Event: 28633.180 Executing VM operation: G1PauseRemark done
Event: 28633.203 Executing VM operation: G1PauseCleanup
Event: 28633.203 Executing VM operation: G1PauseCleanup done
Event: 28634.212 Executing VM operation: Cleanup
Event: 28634.212 Executing VM operation: Cleanup done
Event: 28634.391 Executing VM operation: G1CollectForAllocation
Event: 28634.396 Executing VM operation: G1CollectForAllocation done
Event: 28634.407 Executing VM operation: G1CollectForAllocation
Event: 28634.413 Executing VM operation: G1CollectForAllocation done
Event: 28635.418 Executing VM operation: Cleanup
Event: 28635.418 Executing VM operation: Cleanup done
Event: 28644.485 Executing VM operation: Cleanup
Event: 28644.485 Executing VM operation: Cleanup done
Event: 28689.945 Executing VM operation: HandshakeAllThreads
Event: 28689.945 Executing VM operation: HandshakeAllThreads done
Event: 28695.024 Executing VM operation: G1CollectForAllocation

Events (20 events):
Event: 28633.508 Thread 0x000001ec4775c2c0 Thread added: 0x000001ec4775c2c0
Event: 28633.508 Thread 0x000001ec4775b390 Thread added: 0x000001ec4775b390
Event: 28633.764 Thread 0x000001ec49ab12c0 Thread added: 0x000001ec49ab12c0
Event: 28633.830 Thread 0x000001ec4a23db40 Thread added: 0x000001ec4a23db40
Event: 28633.830 Thread 0x000001ec4a23f080 Thread added: 0x000001ec4a23f080
Event: 28633.870 Thread 0x000001ec49ab1ce0 Thread added: 0x000001ec49ab1ce0
Event: 28634.446 Thread 0x000001ec49aaef50 Thread added: 0x000001ec49aaef50
Event: 28634.460 Thread 0x000001ec49ab1ce0 Thread exited: 0x000001ec49ab1ce0
Event: 28634.460 Thread 0x000001ec49ab12c0 Thread exited: 0x000001ec49ab12c0
Event: 28634.535 Thread 0x000001ec49aaef50 Thread exited: 0x000001ec49aaef50
Event: 28634.537 Thread 0x000001ec4775bdb0 Thread exited: 0x000001ec4775bdb0
Event: 28634.537 Thread 0x000001ec4775c2c0 Thread exited: 0x000001ec4775c2c0
Event: 28634.537 Thread 0x000001ec4775b390 Thread exited: 0x000001ec4775b390
Event: 28634.549 Thread 0x000001ec4775a970 Thread exited: 0x000001ec4775a970
Event: 28634.549 Thread 0x000001ec49ab1ce0 Thread added: 0x000001ec49ab1ce0
Event: 28639.555 Thread 0x000001ec4a23f080 Thread exited: 0x000001ec4a23f080
Event: 28649.160 Thread 0x000001ec4a23db40 Thread exited: 0x000001ec4a23db40
Event: 28694.675 Thread 0x000001ec49ab12c0 Thread added: 0x000001ec49ab12c0
Event: 28694.733 Thread 0x000001ec49aaef50 Thread added: 0x000001ec49aaef50
Event: 28694.758 Thread 0x000001ec49aaef50 Thread exited: 0x000001ec49aaef50


Dynamic libraries:
0x00007ff61b1c0000 - 0x00007ff61b1ce000 	C:\sts-4.20.1.RELEASE\plugins\org.eclipse.justj.openjdk.hotspot.jre.full.win32.x86_64_17.0.8.v20230831-1047\jre\bin\javaw.exe
0x00007ffe79570000 - 0x00007ffe79787000 	C:\Windows\SYSTEM32\ntdll.dll
0x00007ffe77390000 - 0x00007ffe77454000 	C:\Windows\System32\KERNEL32.DLL
0x00007ffe76a00000 - 0x00007ffe76da6000 	C:\Windows\System32\KERNELBASE.dll
0x00007ffe768e0000 - 0x00007ffe769f1000 	C:\Windows\System32\ucrtbase.dll
0x00007ffe663e0000 - 0x00007ffe663f9000 	C:\sts-4.20.1.RELEASE\plugins\org.eclipse.justj.openjdk.hotspot.jre.full.win32.x86_64_17.0.8.v20230831-1047\jre\bin\VCRUNTIME140.dll
0x00007ffe560c0000 - 0x00007ffe560d7000 	C:\sts-4.20.1.RELEASE\plugins\org.eclipse.justj.openjdk.hotspot.jre.full.win32.x86_64_17.0.8.v20230831-1047\jre\bin\jli.dll
0x00007ffe78ef0000 - 0x00007ffe7909e000 	C:\Windows\System32\USER32.dll
0x00007ffe76e30000 - 0x00007ffe76e56000 	C:\Windows\System32\win32u.dll
0x00007ffe78bc0000 - 0x00007ffe78be9000 	C:\Windows\System32\GDI32.dll
0x00007ffe76fc0000 - 0x00007ffe770d8000 	C:\Windows\System32\gdi32full.dll
0x00007ffe543c0000 - 0x00007ffe54653000 	C:\Windows\WinSxS\amd64_microsoft.windows.common-controls_6595b64144ccf1df_6.0.22621.2506_none_270c5ae97388e100\COMCTL32.dll
0x00007ffe76e60000 - 0x00007ffe76efa000 	C:\Windows\System32\msvcp_win.dll
0x00007ffe79400000 - 0x00007ffe794a7000 	C:\Windows\System32\msvcrt.dll
0x00007ffe785e0000 - 0x00007ffe78611000 	C:\Windows\System32\IMM32.DLL
0x00007ffe70a70000 - 0x00007ffe70a7c000 	C:\sts-4.20.1.RELEASE\plugins\org.eclipse.justj.openjdk.hotspot.jre.full.win32.x86_64_17.0.8.v20230831-1047\jre\bin\vcruntime140_1.dll
0x00007ffe3af20000 - 0x00007ffe3afb1000 	C:\sts-4.20.1.RELEASE\plugins\org.eclipse.justj.openjdk.hotspot.jre.full.win32.x86_64_17.0.8.v20230831-1047\jre\bin\msvcp140.dll
0x00007ffe15630000 - 0x00007ffe1627c000 	C:\sts-4.20.1.RELEASE\plugins\org.eclipse.justj.openjdk.hotspot.jre.full.win32.x86_64_17.0.8.v20230831-1047\jre\bin\server\jvm.dll
0x00007ffe783c0000 - 0x00007ffe78471000 	C:\Windows\System32\ADVAPI32.dll
0x00007ffe77d80000 - 0x00007ffe77e25000 	C:\Windows\System32\sechost.dll
0x00007ffe78c50000 - 0x00007ffe78d67000 	C:\Windows\System32\RPCRT4.dll
0x00007ffe709a0000 - 0x00007ffe709d4000 	C:\Windows\SYSTEM32\WINMM.dll
0x00007ffe767b0000 - 0x00007ffe767fd000 	C:\Windows\SYSTEM32\POWRPROF.dll
0x00007ffe6f700000 - 0x00007ffe6f709000 	C:\Windows\SYSTEM32\WSOCK32.dll
0x00007ffe6e010000 - 0x00007ffe6e01a000 	C:\Windows\SYSTEM32\VERSION.dll
0x00007ffe78e70000 - 0x00007ffe78ee1000 	C:\Windows\System32\WS2_32.dll
0x00007ffe76790000 - 0x00007ffe767a3000 	C:\Windows\SYSTEM32\UMPDC.dll
0x00007ffe75880000 - 0x00007ffe75898000 	C:\Windows\SYSTEM32\kernel.appcore.dll
0x00007ffe6f590000 - 0x00007ffe6f59a000 	C:\sts-4.20.1.RELEASE\plugins\org.eclipse.justj.openjdk.hotspot.jre.full.win32.x86_64_17.0.8.v20230831-1047\jre\bin\jimage.dll
0x00007ffe74420000 - 0x00007ffe74653000 	C:\Windows\SYSTEM32\DBGHELP.DLL
0x00007ffe77fa0000 - 0x00007ffe78329000 	C:\Windows\System32\combase.dll
0x00007ffe78ae0000 - 0x00007ffe78bb7000 	C:\Windows\System32\OLEAUT32.dll
0x00007ffe6f300000 - 0x00007ffe6f332000 	C:\Windows\SYSTEM32\dbgcore.DLL
0x00007ffe76db0000 - 0x00007ffe76e2a000 	C:\Windows\System32\bcryptPrimitives.dll
0x00007ffe4cb80000 - 0x00007ffe4cba5000 	C:\sts-4.20.1.RELEASE\plugins\org.eclipse.justj.openjdk.hotspot.jre.full.win32.x86_64_17.0.8.v20230831-1047\jre\bin\java.dll
0x00007ffe4bd90000 - 0x00007ffe4bda8000 	C:\sts-4.20.1.RELEASE\plugins\org.eclipse.justj.openjdk.hotspot.jre.full.win32.x86_64_17.0.8.v20230831-1047\jre\bin\zip.dll
0x00007ffe77460000 - 0x00007ffe77cba000 	C:\Windows\System32\SHELL32.dll
0x00007ffe74800000 - 0x00007ffe750f6000 	C:\Windows\SYSTEM32\windows.storage.dll
0x00007ffe746c0000 - 0x00007ffe747fe000 	C:\Windows\SYSTEM32\wintypes.dll
0x00007ffe77ea0000 - 0x00007ffe77f93000 	C:\Windows\System32\SHCORE.dll
0x00007ffe77d20000 - 0x00007ffe77d7e000 	C:\Windows\System32\shlwapi.dll
0x00007ffe76810000 - 0x00007ffe76836000 	C:\Windows\SYSTEM32\profapi.dll
0x00007ffe499f0000 - 0x00007ffe49a09000 	C:\sts-4.20.1.RELEASE\plugins\org.eclipse.justj.openjdk.hotspot.jre.full.win32.x86_64_17.0.8.v20230831-1047\jre\bin\net.dll
0x00007ffe70f10000 - 0x00007ffe71047000 	C:\Windows\SYSTEM32\WINHTTP.dll
0x00007ffe75d60000 - 0x00007ffe75dc9000 	C:\Windows\system32\mswsock.dll
0x00007ffe493f0000 - 0x00007ffe49405000 	C:\sts-4.20.1.RELEASE\plugins\org.eclipse.justj.openjdk.hotspot.jre.full.win32.x86_64_17.0.8.v20230831-1047\jre\bin\nio.dll
0x00007ffe6ec10000 - 0x00007ffe6ec19000 	C:\sts-4.20.1.RELEASE\plugins\org.eclipse.justj.openjdk.hotspot.jre.full.win32.x86_64_17.0.8.v20230831-1047\jre\bin\management.dll
0x00007ffe663d0000 - 0x00007ffe663db000 	C:\sts-4.20.1.RELEASE\plugins\org.eclipse.justj.openjdk.hotspot.jre.full.win32.x86_64_17.0.8.v20230831-1047\jre\bin\management_ext.dll
0x00007ffe78480000 - 0x00007ffe78488000 	C:\Windows\System32\PSAPI.DLL
0x00007ffe682a0000 - 0x00007ffe682b7000 	C:\Windows\system32\napinsp.dll
0x00007ffe68220000 - 0x00007ffe6823b000 	C:\Windows\system32\pnrpnsp.dll
0x00007ffe753d0000 - 0x00007ffe754c9000 	C:\Windows\SYSTEM32\DNSAPI.dll
0x00007ffe75360000 - 0x00007ffe7538d000 	C:\Windows\SYSTEM32\IPHLPAPI.DLL
0x00007ffe78ad0000 - 0x00007ffe78ad9000 	C:\Windows\System32\NSI.dll
0x00007ffe5f690000 - 0x00007ffe5f6a1000 	C:\Windows\System32\winrnr.dll
0x00007ffe5ebb0000 - 0x00007ffe5ebc5000 	C:\Windows\system32\wshbth.dll
0x00007ffe5eb80000 - 0x00007ffe5eba1000 	C:\Windows\system32\nlansp_c.dll
0x00007ffe6f1e0000 - 0x00007ffe6f1ea000 	C:\Windows\System32\rasadhlp.dll
0x00007ffe6fc70000 - 0x00007ffe6fcf3000 	C:\Windows\System32\fwpuclnt.dll
0x00007ffe75fb0000 - 0x00007ffe75fcb000 	C:\Windows\SYSTEM32\CRYPTSP.dll
0x00007ffe75840000 - 0x00007ffe75875000 	C:\Windows\system32\rsaenh.dll
0x00007ffe75e50000 - 0x00007ffe75e7c000 	C:\Windows\SYSTEM32\USERENV.dll
0x00007ffe761a0000 - 0x00007ffe761c8000 	C:\Windows\SYSTEM32\bcrypt.dll
0x00007ffe75fd0000 - 0x00007ffe75fdc000 	C:\Windows\SYSTEM32\CRYPTBASE.dll
0x00007ffe71160000 - 0x00007ffe71179000 	C:\Windows\SYSTEM32\dhcpcsvc6.DLL
0x00007ffe71120000 - 0x00007ffe7113f000 	C:\Windows\SYSTEM32\dhcpcsvc.DLL
0x00007ffe4d170000 - 0x00007ffe4d17e000 	C:\sts-4.20.1.RELEASE\plugins\org.eclipse.justj.openjdk.hotspot.jre.full.win32.x86_64_17.0.8.v20230831-1047\jre\bin\sunmscapi.dll
0x00007ffe770e0000 - 0x00007ffe77246000 	C:\Windows\System32\CRYPT32.dll
0x00007ffe76170000 - 0x00007ffe7619d000 	C:\Windows\SYSTEM32\ncrypt.dll
0x00007ffe76130000 - 0x00007ffe76167000 	C:\Windows\SYSTEM32\NTASN1.dll
0x00007ffe4e170000 - 0x00007ffe4e180000 	C:\sts-4.20.1.RELEASE\plugins\org.eclipse.justj.openjdk.hotspot.jre.full.win32.x86_64_17.0.8.v20230831-1047\jre\bin\verify.dll
0x00007ffe71140000 - 0x00007ffe71148000 	C:\Windows\system32\wshunix.dll

dbghelp: loaded successfully - version: 4.0.5 - missing functions: none
symbol engine: initialized successfully - sym options: 0x614 - pdb path: .;C:\sts-4.20.1.RELEASE\plugins\org.eclipse.justj.openjdk.hotspot.jre.full.win32.x86_64_17.0.8.v20230831-1047\jre\bin;C:\Windows\SYSTEM32;C:\Windows\WinSxS\amd64_microsoft.windows.common-controls_6595b64144ccf1df_6.0.22621.2506_none_270c5ae97388e100;C:\sts-4.20.1.RELEASE\plugins\org.eclipse.justj.openjdk.hotspot.jre.full.win32.x86_64_17.0.8.v20230831-1047\jre\bin\server

VM Arguments:
jvm_args: -Dcom.sun.management.jmxremote -Dcom.sun.management.jmxremote.port=59219 -Dcom.sun.management.jmxremote.authenticate=false -Dcom.sun.management.jmxremote.ssl=false -Djava.rmi.server.hostname=localhost -Dspring.jmx.enabled=true -Dmanagement.endpoints.jmx.exposure.include=* -Dspring.application.admin.enabled=true -XX:TieredStopAtLevel=1 -Dspring.boot.project.name=noninoni -Dfile.encoding=UTF-8 -Dstdout.encoding=UTF-8 -Dstderr.encoding=UTF-8 -XX:+ShowCodeDetailsInExceptionMessages 
java_command: noninoni.NoninoniApplication --spring.output.ansi.enabled=always
java_class_path (initial): C:\Users\82106\Documents\workspace-spring-tool-suite-4-4.20.1.RELEASE\noninoni\bin\main;C:\Users\82106\.gradle\caches\modules-2\files-2.1\org.springframework.boot\spring-boot-configuration-processor\3.2.0\c118a8d5f464983d7298b0f849cb9278f08d1f1e\spring-boot-configuration-processor-3.2.0.jar;C:\Users\82106\.gradle\caches\modules-2\files-2.1\org.projectlombok\lombok\1.18.30\f195ee86e6c896ea47a1d39defbe20eb59cd149d\lombok-1.18.30.jar;C:\Users\82106\.gradle\caches\modules-2\files-2.1\org.springframework.boot\spring-boot-starter-actuator\3.2.0\d5fbcd592486db01da12ae57dfd505d863ef639f\spring-boot-starter-actuator-3.2.0.jar;C:\Users\82106\.gradle\caches\modules-2\files-2.1\org.springframework.boot\spring-boot-starter-data-jpa\3.2.0\6a8ad077a37f8a0cef6949dcfd91a9b2115cade\spring-boot-starter-data-jpa-3.2.0.jar;C:\Users\82106\.gradle\caches\modules-2\files-2.1\org.springframework.boot\spring-boot-starter-security\3.2.0\c692cc94ac3b5bfa9eb47fa04afa5b570a5b24b2\spring-boot-starter-security-3.2.0.jar;C:\Users\82106\.gradle\caches\modules-2\files-2.1\org.springframework.boot\spring-boot-starter-thymeleaf\3.2.0\aafdb22a1cb8f8f7f38786417a39d56de51213ba\spring-boot-starter-thymeleaf-3.2.0.jar;C:\Users\82106\.gradle\caches\modules-2\files-2.1\org.springframework.boot\spring-boot-starter-validation\3.2.0\eef38598ccf9bbcd541c644e934939144cf9fa85\spring-boot-starter-validation-3.2.0.jar;C:\Users\82106\.gradle\caches\modules-2\files-2.1\org.springframework.boot\spring-boot-starter-web\3.2.0\e609f839e7c2ff9c90bc75d7c05dbcbb19315319\spring-boot-starter-web-3.2.0.jar;C:\Users\82106\.gradle\caches\modules-2\files-2.1\org.thymeleaf.extras\thymeleaf-extras-springsecurity6\3.1.2.RELEASE\574c188eb147191e2f162419e9fc780fcf3256d7\thymeleaf-extras-springsecurity6-3.1.2.RELEASE.jar;C:\Users\82106\.gradle\caches\modules-2\files-2.1\org.springframework.boot\spring-boot-starter-oauth2-client\3.2.0\6277b15ff6d3fb1e45587941167f9f4d42a7e77e\spring-boot-starter-oauth2-client-3
Launcher Type: SUN_STANDARD

[Global flags]
     intx CICompilerCount                          = 4                                         {product} {ergonomic}
     uint ConcGCThreads                            = 3                                         {product} {ergonomic}
     uint G1ConcRefinementThreads                  = 10                                        {product} {ergonomic}
   size_t G1HeapRegionSize                         = 2097152                                   {product} {ergonomic}
    uintx GCDrainStackTargetSize                   = 64                                        {product} {ergonomic}
   size_t InitialHeapSize                          = 232783872                                 {product} {ergonomic}
     bool ManagementServer                         = true                                      {product} {command line}
   size_t MarkStackSize                            = 4194304                                   {product} {ergonomic}
   size_t MaxHeapSize                              = 3720347648                                {product} {ergonomic}
   size_t MaxNewSize                               = 2231369728                                {product} {ergonomic}
   size_t MinHeapDeltaBytes                        = 2097152                                   {product} {ergonomic}
   size_t MinHeapSize                              = 8388608                                   {product} {ergonomic}
    uintx NonProfiledCodeHeapSize                  = 0                                      {pd product} {ergonomic}
     bool ProfileInterpreter                       = false                                  {pd product} {command line}
    uintx ProfiledCodeHeapSize                     = 0                                      {pd product} {ergonomic}
     bool ShowCodeDetailsInExceptionMessages       = true                                   {manageable} {command line}
   size_t SoftMaxHeapSize                          = 3720347648                             {manageable} {ergonomic}
     intx TieredStopAtLevel                        = 1                                         {product} {command line}
     bool UseCompressedClassPointers               = true                           {product lp64_product} {ergonomic}
     bool UseCompressedOops                        = true                           {product lp64_product} {ergonomic}
     bool UseG1GC                                  = true                                      {product} {ergonomic}
     bool UseLargePagesIndividualAllocation        = false                                  {pd product} {ergonomic}

Logging:
Log output configuration:
 #0: stdout all=warning uptime,level,tags
 #1: stderr all=off uptime,level,tags

Environment Variables:
JAVA_HOME=C:\java\jdk-17
PATH=C:/sts-4.20.1.RELEASE//plugins/org.eclipse.justj.openjdk.hotspot.jre.full.win32.x86_64_17.0.8.v20230831-1047/jre/bin/server;C:/sts-4.20.1.RELEASE//plugins/org.eclipse.justj.openjdk.hotspot.jre.full.win32.x86_64_17.0.8.v20230831-1047/jre/bin;C:\java\jdk-17\bin;C:\Windows\system32;C:\Windows;C:\Windows\System32\Wbem;C:\Windows\System32\WindowsPowerShell\v1.0\;C:\Windows\System32\OpenSSH\;C:\Program Files\Bandizip\;C:\Program Files\Git\cmd;C:\Users\82106\AppData\Local\Microsoft\WindowsApps;C:\java\jdk-17\bin;;C:\sts-4.20.1.RELEASE;
USERNAME=82106
OS=Windows_NT
PROCESSOR_IDENTIFIER=AMD64 Family 25 Model 80 Stepping 0, AuthenticAMD
TMP=C:\Users\82106\AppData\Local\Temp
TEMP=C:\Users\82106\AppData\Local\Temp



---------------  S Y S T E M  ---------------

OS:
 Windows 11 , 64 bit Build 22621 (10.0.22621.2506)
OS uptime: 3 days 7:12 hours

CPU: total 12 (initial active 12) (12 cores per cpu, 2 threads per core) family 25 model 80 stepping 0 microcode 0x0, cx8, cmov, fxsr, ht, mmx, 3dnowpref, sse, sse2, sse3, ssse3, sse4a, sse4.1, sse4.2, popcnt, lzcnt, tsc, tscinvbit, avx, avx2, aes, erms, clmul, bmi1, bmi2, adx, sha, fma, vzeroupper, clflush, clflushopt
Processor Information for all 12 processors :
  Max Mhz: 2301, Current Mhz: 2301, Mhz Limit: 2301

Memory: 4k page, system-wide physical 14188M (4845M free)
TotalPageFile size 14188M (AvailPageFile size 102M)
current process WorkingSet (physical memory assigned to process): 600M, peak: 600M
current process commit charge ("private bytes"): 886M, peak: 1186M

vm_info: OpenJDK 64-Bit Server VM (17.0.8.1+1) for windows-amd64 JRE (17.0.8.1+1), built on Aug 23 2023 15:29:17 by "admin" with MS VC++ 16.7 (VS2019)

END.
