#
# There is insufficient memory for the Java Runtime Environment to continue.
# Native memory allocation (mmap) failed to map 438304768 bytes for G1 virtual space
# Possible reasons:
#   The system is out of physical RAM or swap space
#   The process is running with CompressedOops enabled, and the Java Heap may be blocking the growth of the native heap
# Possible solutions:
#   Reduce memory load on the system
#   Increase physical memory or swap space
#   Check if swap backing store is full
#   Decrease Java heap size (-Xmx/-Xms)
#   Decrease number of Java threads
#   Decrease Java thread stack sizes (-Xss)
#   Set larger code cache with -XX:ReservedCodeCacheSize=
#   JVM is running with Zero Based Compressed Oops mode in which the Java heap is
#     placed in the first 32GB address space. The Java Heap base address is the
#     maximum limit for the native heap growth. Please use -XX:HeapBaseMinAddress
#     to set the Java Heap base and to place the Java Heap above 32GB virtual address.
# This output file may be truncated or incomplete.
#
#  Out of Memory Error (os_windows.cpp:3617), pid=21144, tid=21160
#
# JRE version: OpenJDK Runtime Environment Temurin-17.0.8.1+1 (17.0.8.1+1) (build 17.0.8.1+1)
# Java VM: OpenJDK 64-Bit Server VM Temurin-17.0.8.1+1 (17.0.8.1+1, mixed mode, emulated-client, tiered, compressed oops, compressed class ptrs, g1 gc, windows-amd64)
# No core dump will be written. Minidumps are not enabled by default on client versions of Windows
#

---------------  S U M M A R Y ------------

Command Line: -Dcom.sun.management.jmxremote -Dcom.sun.management.jmxremote.port=60389 -Dcom.sun.management.jmxremote.authenticate=false -Dcom.sun.management.jmxremote.ssl=false -Djava.rmi.server.hostname=localhost -Dspring.jmx.enabled=true -Dmanagement.endpoints.jmx.exposure.include=* -Dspring.application.admin.enabled=true -XX:TieredStopAtLevel=1 -Dspring.boot.project.name=noninoni -Dfile.encoding=UTF-8 -Dstdout.encoding=UTF-8 -Dstderr.encoding=UTF-8 -XX:+ShowCodeDetailsInExceptionMessages noninoni.NoninoniApplication --spring.output.ansi.enabled=always

Host: AMD Ryzen 5 5625U with Radeon Graphics         , 12 cores, 13G,  Windows 11 , 64 bit Build 22621 (10.0.22621.2506)
Time: Sun Jan  7 20:31:53 2024  Windows 11 , 64 bit Build 22621 (10.0.22621.2506) elapsed time: 61670.429084 seconds (0d 17h 7m 50s)

---------------  T H R E A D  ---------------

Current thread (0x000001fdd250dea0):  VMThread "VM Thread" [stack: 0x0000006225600000,0x0000006225700000] [id=21160]

Stack: [0x0000006225600000,0x0000006225700000]
Native frames: (J=compiled Java code, j=interpreted, Vv=VM code, C=native code)
V  [jvm.dll+0x678b0a]
V  [jvm.dll+0x835e84]
V  [jvm.dll+0x83762e]
V  [jvm.dll+0x837c93]
V  [jvm.dll+0x24746f]
V  [jvm.dll+0x675859]
V  [jvm.dll+0x66a0ea]
V  [jvm.dll+0x306c7b]
V  [jvm.dll+0x30e166]
V  [jvm.dll+0x35dd3e]
V  [jvm.dll+0x35df6f]
V  [jvm.dll+0x2ddb48]
V  [jvm.dll+0x2dbd0c]
V  [jvm.dll+0x2db2dc]
V  [jvm.dll+0x31f18b]
V  [jvm.dll+0x83c15b]
V  [jvm.dll+0x83ce94]
V  [jvm.dll+0x83d3ac]
V  [jvm.dll+0x83d784]
V  [jvm.dll+0x83d850]
V  [jvm.dll+0x7e64ca]
V  [jvm.dll+0x677955]
C  [ucrtbase.dll+0x29363]
C  [KERNEL32.DLL+0x1257d]
C  [ntdll.dll+0x5aa58]

VM_Operation (0x00000062289fabe0): G1CollectForAllocation, mode: safepoint, requested by thread 0x000001fdd7e2b110


---------------  P R O C E S S  ---------------

Threads class SMR info:
_java_thread_list=0x000001fde531b470, length=49, elements={
0x000001fdd250e530, 0x000001fdd2789410, 0x000001fdd27c5e70, 0x000001fdd27f6700,
0x000001fdd27f7fe0, 0x000001fdd27fef90, 0x000001fdd28089d0, 0x000001fdd27ff4a0,
0x000001fdd27fe060, 0x000001fdd27fc710, 0x000001fdd27fdb50, 0x000001fdd27fd130,
0x000001fdd27fe570, 0x000001fdd27fd640, 0x000001fdd7e2cf70, 0x000001fdd7e2b620,
0x000001fdd7e29cd0, 0x000001fdd27fcc20, 0x000001fdda227df0, 0x000001fdda22c4d0,
0x000001fdd7e2e8c0, 0x000001fdd7e292b0, 0x000001fdd7e2a1e0, 0x000001fdd7e2a6f0,
0x000001fdda2273d0, 0x000001fdda2278e0, 0x000001fddfa8b740, 0x000001fddfa893d0,
0x000001fddfa89df0, 0x000001fddfa8a300, 0x000001fdda225f90, 0x000001fdda22bfc0,
0x000001fdda225a80, 0x000001fddfa889b0, 0x000001fddfa8bc50, 0x000001fdd7e30720,
0x000001fdd7e2ac00, 0x000001fdd7e2ca60, 0x000001fddfa8d090, 0x000001fdda229740,
0x000001fdd7e30210, 0x000001fde02ed060, 0x000001fde02ee5a0, 0x000001fdd7e2e3b0,
0x000001fdd7e2b110, 0x000001fdd7e2f7f0, 0x000001fdd7e2c040, 0x000001fdd7e2d480,
0x000001fdd7e2dea0
}

Java Threads: ( => current thread )
  0x000001fdd250e530 JavaThread "Reference Handler" daemon [_thread_blocked, id=19412, stack(0x0000006225700000,0x0000006225800000)]
  0x000001fdd2789410 JavaThread "Finalizer" daemon [_thread_blocked, id=10036, stack(0x0000006225800000,0x0000006225900000)]
  0x000001fdd27c5e70 JavaThread "Signal Dispatcher" daemon [_thread_blocked, id=12620, stack(0x0000006225900000,0x0000006225a00000)]
  0x000001fdd27f6700 JavaThread "Attach Listener" daemon [_thread_blocked, id=10056, stack(0x0000006225a00000,0x0000006225b00000)]
  0x000001fdd27f7fe0 JavaThread "Service Thread" daemon [_thread_blocked, id=5252, stack(0x0000006225b00000,0x0000006225c00000)]
  0x000001fdd27fef90 JavaThread "Monitor Deflation Thread" daemon [_thread_blocked, id=11500, stack(0x0000006225c00000,0x0000006225d00000)]
  0x000001fdd28089d0 JavaThread "C1 CompilerThread0" daemon [_thread_blocked, id=11220, stack(0x0000006225d00000,0x0000006225e00000)]
  0x000001fdd27ff4a0 JavaThread "Sweeper thread" daemon [_thread_blocked, id=15976, stack(0x0000006225e00000,0x0000006225f00000)]
  0x000001fdd27fe060 JavaThread "Common-Cleaner" daemon [_thread_blocked, id=21120, stack(0x0000006225f00000,0x0000006226000000)]
  0x000001fdd27fc710 JavaThread "Notification Thread" daemon [_thread_blocked, id=5760, stack(0x0000006226300000,0x0000006226400000)]
  0x000001fdd27fdb50 JavaThread "RMI TCP Accept-0" daemon [_thread_in_native, id=15324, stack(0x0000006226400000,0x0000006226500000)]
  0x000001fdd27fd130 JavaThread "RMI TCP Accept-60389" daemon [_thread_in_native, id=17516, stack(0x0000006226500000,0x0000006226600000)]
  0x000001fdd27fe570 JavaThread "RMI TCP Accept-0" daemon [_thread_in_native, id=2468, stack(0x0000006226600000,0x0000006226700000)]
  0x000001fdd27fd640 JavaThread "RMI Scheduler(0)" daemon [_thread_blocked, id=14076, stack(0x0000006227900000,0x0000006227a00000)]
  0x000001fdd7e2cf70 JavaThread "JMX server connection timeout 27" daemon [_thread_blocked, id=12040, stack(0x0000006227b00000,0x0000006227c00000)]
  0x000001fdd7e2b620 JavaThread "mysql-cj-abandoned-connection-cleanup" daemon [_thread_blocked, id=20416, stack(0x0000006227e00000,0x0000006227f00000)]
  0x000001fdd7e29cd0 JavaThread "Live Reload Server" daemon [_thread_in_native, id=19460, stack(0x0000006228400000,0x0000006228500000)]
  0x000001fdd27fcc20 JavaThread "DestroyJavaVM" [_thread_blocked, id=16556, stack(0x0000006225000000,0x0000006225100000)]
  0x000001fdda227df0 JavaThread "File Watcher" daemon [_thread_blocked, id=4240, stack(0x0000006226100000,0x0000006226200000)]
  0x000001fdda22c4d0 JavaThread "JMX server connection timeout 298" daemon [_thread_blocked, id=20620, stack(0x0000006224d00000,0x0000006224e00000)]
  0x000001fdd7e2e8c0 JavaThread "File Watcher" daemon [_thread_blocked, id=17088, stack(0x0000006226000000,0x0000006226100000)]
  0x000001fdd7e292b0 JavaThread "File Watcher" daemon [_thread_blocked, id=3572, stack(0x0000006226200000,0x0000006226300000)]
  0x000001fdd7e2a1e0 JavaThread "File Watcher" daemon [_thread_blocked, id=13584, stack(0x0000006227200000,0x0000006227300000)]
  0x000001fdd7e2a6f0 JavaThread "File Watcher" daemon [_thread_blocked, id=19576, stack(0x0000006227a00000,0x0000006227b00000)]
  0x000001fdda2273d0 JavaThread "File Watcher" daemon [_thread_blocked, id=12016, stack(0x0000006227d00000,0x0000006227e00000)]
  0x000001fdda2278e0 JavaThread "File Watcher" daemon [_thread_blocked, id=10356, stack(0x0000006227700000,0x0000006227800000)]
  0x000001fddfa8b740 JavaThread "File Watcher" daemon [_thread_blocked, id=18812, stack(0x0000006227400000,0x0000006227500000)]
  0x000001fddfa893d0 JavaThread "File Watcher" daemon [_thread_blocked, id=20880, stack(0x0000006228000000,0x0000006228100000)]
  0x000001fddfa89df0 JavaThread "File Watcher" daemon [_thread_blocked, id=11828, stack(0x0000006228100000,0x0000006228200000)]
  0x000001fddfa8a300 JavaThread "File Watcher" daemon [_thread_blocked, id=11428, stack(0x0000006228300000,0x0000006228400000)]
  0x000001fdda225f90 JavaThread "RMI TCP Connection(1000)-127.0.0.1" daemon [_thread_in_native, id=20676, stack(0x0000006229b00000,0x0000006229c00000)]
  0x000001fdda22bfc0 JavaThread "File Watcher" daemon [_thread_blocked, id=3132, stack(0x0000006227100000,0x0000006227200000)]
  0x000001fdda225a80 JavaThread "File Watcher" daemon [_thread_blocked, id=16404, stack(0x0000006227c00000,0x0000006227d00000)]
  0x000001fddfa889b0 JavaThread "File Watcher" daemon [_thread_blocked, id=3616, stack(0x0000006224f00000,0x0000006225000000)]
  0x000001fddfa8bc50 JavaThread "File Watcher" daemon [_thread_blocked, id=17836, stack(0x0000006228500000,0x0000006228600000)]
  0x000001fdd7e30720 JavaThread "RMI TCP Connection(998)-127.0.0.1" daemon [_thread_in_native, id=11644, stack(0x0000006229d00000,0x0000006229e00000)]
  0x000001fdd7e2ac00 JavaThread "RMI TCP Connection(idle)" daemon [_thread_blocked, id=21568, stack(0x0000006229c00000,0x0000006229d00000)]
  0x000001fdd7e2ca60 JavaThread "RMI TCP Connection(999)-127.0.0.1" daemon [_thread_in_native, id=20840, stack(0x0000006229e00000,0x0000006229f00000)]
  0x000001fddfa8d090 JavaThread "File Watcher" daemon [_thread_blocked, id=21284, stack(0x0000006227f00000,0x0000006228000000)]
  0x000001fdda229740 JavaThread "RMI TCP Connection(1001)-127.0.0.1" daemon [_thread_in_native, id=21416, stack(0x000000622a100000,0x000000622a200000)]
  0x000001fdd7e30210 JavaThread "RMI TCP Connection(996)-127.0.0.1" daemon [_thread_in_native, id=10496, stack(0x0000006228200000,0x0000006228300000)]
  0x000001fde02ed060 JavaThread "C1 CompilerThread1" daemon [_thread_blocked, id=1992, stack(0x0000006228f00000,0x0000006229000000)]
  0x000001fde02ee5a0 JavaThread "C1 CompilerThread2" daemon [_thread_blocked, id=19784, stack(0x0000006229000000,0x0000006229100000)]
  0x000001fdd7e2e3b0 JavaThread "Thread-703" [_thread_blocked, id=20196, stack(0x0000006228800000,0x0000006228900000)]
  0x000001fdd7e2b110 JavaThread "restartedMain" [_thread_blocked, id=15664, stack(0x0000006228900000,0x0000006228a00000)]
  0x000001fdd7e2f7f0 JavaThread "Catalina-utility-1" [_thread_blocked, id=19184, stack(0x0000006228a00000,0x0000006228b00000)]
  0x000001fdd7e2c040 JavaThread "Catalina-utility-2" [_thread_blocked, id=4972, stack(0x0000006228b00000,0x0000006228c00000)]
  0x000001fdd7e2d480 JavaThread "container-16" [_thread_blocked, id=21688, stack(0x0000006228c00000,0x0000006228d00000)]
  0x000001fdd7e2dea0 JavaThread "HikariPool-181 housekeeper" daemon [_thread_blocked, id=15264, stack(0x0000006228d00000,0x0000006228e00000)]

Other Threads:
=>0x000001fdd250dea0 VMThread "VM Thread" [stack: 0x0000006225600000,0x0000006225700000] [id=21160]
  0x000001fdc0d85d70 WatcherThread [stack: 0x0000006226700000,0x0000006226800000] [id=19928]
  0x000001fdc0d69810 GCTaskThread "GC Thread#0" [stack: 0x0000006225100000,0x0000006225200000] [id=19960]
  0x000001fdd7a35700 GCTaskThread "GC Thread#1" [stack: 0x0000006226800000,0x0000006226900000] [id=6628]
  0x000001fdd7a9d4a0 GCTaskThread "GC Thread#2" [stack: 0x0000006226900000,0x0000006226a00000] [id=6332]
  0x000001fdd7a9d760 GCTaskThread "GC Thread#3" [stack: 0x0000006226a00000,0x0000006226b00000] [id=5352]
  0x000001fdd7a9da20 GCTaskThread "GC Thread#4" [stack: 0x0000006226b00000,0x0000006226c00000] [id=20844]
  0x000001fdd7a3e7b0 GCTaskThread "GC Thread#5" [stack: 0x0000006226c00000,0x0000006226d00000] [id=21056]
  0x000001fdd7abaf70 GCTaskThread "GC Thread#6" [stack: 0x0000006226d00000,0x0000006226e00000] [id=20088]
  0x000001fdd7ac3a50 GCTaskThread "GC Thread#7" [stack: 0x0000006226e00000,0x0000006226f00000] [id=20064]
  0x000001fdd7c68410 GCTaskThread "GC Thread#8" [stack: 0x0000006227300000,0x0000006227400000] [id=20164]
  0x000001fdd7de8c60 GCTaskThread "GC Thread#9" [stack: 0x0000006227500000,0x0000006227600000] [id=12948]
  0x000001fdc0d78d30 ConcurrentGCThread "G1 Main Marker" [stack: 0x0000006225200000,0x0000006225300000] [id=188]
  0x000001fdc0d79740 ConcurrentGCThread "G1 Conc#0" [stack: 0x0000006225300000,0x0000006225400000] [id=18240]
  0x000001fdd7d95690 ConcurrentGCThread "G1 Conc#1" [stack: 0x0000006227600000,0x0000006227700000] [id=6680]
  0x000001fdd7d512a0 ConcurrentGCThread "G1 Conc#2" [stack: 0x0000006227800000,0x0000006227900000] [id=14988]
  0x000001fdd23a9130 ConcurrentGCThread "G1 Refine#0" [stack: 0x0000006225400000,0x0000006225500000] [id=19048]
  0x000001fdd7ac4b30 ConcurrentGCThread "G1 Refine#1" [stack: 0x0000006226f00000,0x0000006227000000] [id=20464]
  0x000001fdd7a3e080 ConcurrentGCThread "G1 Refine#2" [stack: 0x0000006227000000,0x0000006227100000] [id=8072]
  0x000001fdd23a9b60 ConcurrentGCThread "G1 Service" [stack: 0x0000006225500000,0x0000006225600000] [id=19012]

Threads with active compile tasks:

VM state: at safepoint (normal execution)

VM Mutex/Monitor currently owned by a thread:  ([mutex/lock_event])
[0x000001fdc0d039d0] Threads_lock - owner thread: 0x000001fdd250dea0
[0x000001fdc0d03a60] Heap_lock - owner thread: 0x000001fdd7e2b110

OutOfMemory and StackOverflow Exception counts:
StackOverflowErrors=89
LinkageErrors=1593

Heap address: 0x0000000722400000, size: 3548 MB, Compressed Oops mode: Zero based, Oop shift amount: 3

CDS archive(s) not mapped
Compressed class space mapped at: 0x0000000800000000-0x0000000840000000, reserved size: 1073741824
Narrow klass base: 0x0000000800000000, Narrow klass shift: 0, Narrow klass range: 0x40000000

GC Precious Log:
 CPUs: 12 total, 12 available
 Memory: 14188M
 Large Page Support: Disabled
 NUMA Support: Disabled
 Compressed Oops: Enabled (Zero based)
 Heap Region Size: 2M
 Heap Min Capacity: 8M
 Heap Initial Capacity: 222M
 Heap Max Capacity: 3548M
 Pre-touch: Disabled
 Parallel Workers: 10
 Concurrent Workers: 3
 Concurrent Refinement Workers: 10
 Periodic GC: Disabled

Heap:
 garbage-first heap   total 397312K, used 204642K [0x0000000722400000, 0x0000000800000000)
  region size 2048K, 4 young (8192K), 4 survivors (8192K)
 Metaspace       used 234816K, committed 237888K, reserved 1310720K
  class space    used 25801K, committed 27264K, reserved 1048576K

Heap Regions: E=young(eden), S=young(survivor), O=old, HS=humongous(starts), HC=humongous(continues), CS=collection set, F=free, OA=open archive, CA=closed archive, TAMS=top-at-mark-start (previous, next)
|   0|0x0000000722400000, 0x0000000722600000, 0x0000000722600000|100%| O|  |TAMS 0x0000000722600000, 0x0000000722600000| Untracked 
|   1|0x0000000722600000, 0x00000007227ffff0, 0x0000000722800000| 99%| O|  |TAMS 0x00000007227ffff0, 0x00000007227ffff0| Untracked 
|   2|0x0000000722800000, 0x00000007229fffb0, 0x0000000722a00000| 99%| O|  |TAMS 0x00000007229fffb0, 0x00000007229fffb0| Untracked 
|   3|0x0000000722a00000, 0x0000000722bfff90, 0x0000000722c00000| 99%| O|  |TAMS 0x0000000722bfff90, 0x0000000722bfff90| Untracked 
|   4|0x0000000722c00000, 0x0000000722dffc90, 0x0000000722e00000| 99%| O|  |TAMS 0x0000000722dffc90, 0x0000000722dffc90| Untracked 
|   5|0x0000000722e00000, 0x0000000722fffff8, 0x0000000723000000| 99%| O|  |TAMS 0x0000000722fffff8, 0x0000000722fffff8| Untracked 
|   6|0x0000000723000000, 0x00000007231fffc8, 0x0000000723200000| 99%| O|  |TAMS 0x00000007231fffc8, 0x00000007231fffc8| Untracked 
|   7|0x0000000723200000, 0x00000007233ffff8, 0x0000000723400000| 99%| O|  |TAMS 0x00000007233ffff8, 0x00000007233ffff8| Untracked 
|   8|0x0000000723400000, 0x00000007235fffe8, 0x0000000723600000| 99%| O|  |TAMS 0x00000007235fffe8, 0x00000007235fffe8| Untracked 
|   9|0x0000000723600000, 0x00000007237ffff0, 0x0000000723800000| 99%| O|  |TAMS 0x00000007237ffff0, 0x00000007237ffff0| Untracked 
|  10|0x0000000723800000, 0x00000007239ffff0, 0x0000000723a00000| 99%| O|  |TAMS 0x00000007239ffff0, 0x00000007239ffff0| Untracked 
|  11|0x0000000723a00000, 0x0000000723bffff0, 0x0000000723c00000| 99%| O|  |TAMS 0x0000000723bffff0, 0x0000000723bffff0| Untracked 
|  12|0x0000000723c00000, 0x0000000723dffff0, 0x0000000723e00000| 99%| O|  |TAMS 0x0000000723dffff0, 0x0000000723dffff0| Untracked 
|  13|0x0000000723e00000, 0x0000000723fffff8, 0x0000000724000000| 99%| O|  |TAMS 0x0000000723fffff8, 0x0000000723fffff8| Untracked 
|  14|0x0000000724000000, 0x0000000724200000, 0x0000000724200000|100%| O|  |TAMS 0x0000000724200000, 0x0000000724200000| Untracked 
|  15|0x0000000724200000, 0x00000007243fffd8, 0x0000000724400000| 99%| O|  |TAMS 0x00000007243fffd8, 0x00000007243fffd8| Untracked 
|  16|0x0000000724400000, 0x0000000724600000, 0x0000000724600000|100%| O|  |TAMS 0x0000000724600000, 0x0000000724600000| Untracked 
|  17|0x0000000724600000, 0x00000007247fffb8, 0x0000000724800000| 99%| O|  |TAMS 0x00000007247fffb8, 0x00000007247fffb8| Untracked 
|  18|0x0000000724800000, 0x00000007249fffc0, 0x0000000724a00000| 99%| O|  |TAMS 0x00000007249fffc0, 0x00000007249fffc0| Untracked 
|  19|0x0000000724a00000, 0x0000000724bfffa0, 0x0000000724c00000| 99%| O|  |TAMS 0x0000000724bfffa0, 0x0000000724bfffa0| Untracked 
|  20|0x0000000724c00000, 0x0000000724dfffe8, 0x0000000724e00000| 99%| O|  |TAMS 0x0000000724dfffe8, 0x0000000724dfffe8| Untracked 
|  21|0x0000000724e00000, 0x0000000724ffffd0, 0x0000000725000000| 99%| O|  |TAMS 0x0000000724ffffd0, 0x0000000724ffffd0| Untracked 
|  22|0x0000000725000000, 0x00000007251fffe8, 0x0000000725200000| 99%| O|  |TAMS 0x00000007251fffe8, 0x00000007251fffe8| Untracked 
|  23|0x0000000725200000, 0x00000007253ffff8, 0x0000000725400000| 99%| O|  |TAMS 0x00000007253ffff8, 0x00000007253ffff8| Untracked 
|  24|0x0000000725400000, 0x00000007255fffc8, 0x0000000725600000| 99%| O|  |TAMS 0x00000007255fffc8, 0x00000007255fffc8| Untracked 
|  25|0x0000000725600000, 0x00000007257fffb8, 0x0000000725800000| 99%| O|  |TAMS 0x00000007257fffb8, 0x00000007257fffb8| Untracked 
|  26|0x0000000725800000, 0x00000007259fffb8, 0x0000000725a00000| 99%| O|  |TAMS 0x00000007259fffb8, 0x00000007259fffb8| Untracked 
|  27|0x0000000725a00000, 0x0000000725c00000, 0x0000000725c00000|100%| O|  |TAMS 0x0000000725c00000, 0x0000000725c00000| Untracked 
|  28|0x0000000725c00000, 0x0000000725dfffd8, 0x0000000725e00000| 99%| O|  |TAMS 0x0000000725dfffd8, 0x0000000725dfffd8| Untracked 
|  29|0x0000000725e00000, 0x0000000725ffffc8, 0x0000000726000000| 99%| O|  |TAMS 0x0000000725ffffc8, 0x0000000725ffffc8| Untracked 
|  30|0x0000000726000000, 0x0000000726200000, 0x0000000726200000|100%| O|  |TAMS 0x0000000726200000, 0x0000000726200000| Untracked 
|  31|0x0000000726200000, 0x00000007263ffff8, 0x0000000726400000| 99%| O|  |TAMS 0x00000007263ffff8, 0x00000007263ffff8| Untracked 
|  32|0x0000000726400000, 0x0000000726600000, 0x0000000726600000|100%| O|  |TAMS 0x0000000726600000, 0x0000000726600000| Untracked 
|  33|0x0000000726600000, 0x00000007267fffe8, 0x0000000726800000| 99%| O|  |TAMS 0x00000007267fffe8, 0x00000007267fffe8| Untracked 
|  34|0x0000000726800000, 0x00000007269ffff0, 0x0000000726a00000| 99%| O|  |TAMS 0x00000007269ffff0, 0x00000007269ffff0| Untracked 
|  35|0x0000000726a00000, 0x0000000726bffff8, 0x0000000726c00000| 99%| O|  |TAMS 0x0000000726bffff8, 0x0000000726bffff8| Untracked 
|  36|0x0000000726c00000, 0x0000000726dffff8, 0x0000000726e00000| 99%| O|  |TAMS 0x0000000726dffff8, 0x0000000726dffff8| Untracked 
|  37|0x0000000726e00000, 0x0000000726ffffe8, 0x0000000727000000| 99%| O|  |TAMS 0x0000000726ffffe8, 0x0000000726ffffe8| Untracked 
|  38|0x0000000727000000, 0x00000007271ffff8, 0x0000000727200000| 99%| O|  |TAMS 0x00000007271ffff8, 0x00000007271ffff8| Untracked 
|  39|0x0000000727200000, 0x00000007273ffff0, 0x0000000727400000| 99%| O|  |TAMS 0x00000007273ffff0, 0x00000007273ffff0| Untracked 
|  40|0x0000000727400000, 0x00000007275fffe8, 0x0000000727600000| 99%| O|  |TAMS 0x00000007275fffe8, 0x00000007275fffe8| Untracked 
|  41|0x0000000727600000, 0x00000007277ffff0, 0x0000000727800000| 99%| O|  |TAMS 0x00000007277ffff0, 0x00000007277ffff0| Untracked 
|  42|0x0000000727800000, 0x00000007279fffe8, 0x0000000727a00000| 99%| O|  |TAMS 0x00000007279fffe8, 0x00000007279fffe8| Untracked 
|  43|0x0000000727a00000, 0x0000000727c00000, 0x0000000727c00000|100%| O|  |TAMS 0x0000000727c00000, 0x0000000727c00000| Untracked 
|  44|0x0000000727c00000, 0x0000000727df6030, 0x0000000727e00000| 98%| O|  |TAMS 0x0000000727df6030, 0x0000000727df6030| Untracked 
|  45|0x0000000727e00000, 0x0000000727ffff70, 0x0000000728000000| 99%| O|  |TAMS 0x0000000727ffff70, 0x0000000727ffff70| Untracked 
|  46|0x0000000728000000, 0x00000007281ffff0, 0x0000000728200000| 99%| O|  |TAMS 0x00000007281ffff0, 0x00000007281ffff0| Untracked 
|  47|0x0000000728200000, 0x0000000728400000, 0x0000000728400000|100%| O|  |TAMS 0x0000000728400000, 0x0000000728400000| Untracked 
|  48|0x0000000728400000, 0x00000007285ffff8, 0x0000000728600000| 99%| O|  |TAMS 0x00000007285ffff8, 0x00000007285ffff8| Untracked 
|  49|0x0000000728600000, 0x00000007287ffff8, 0x0000000728800000| 99%| O|  |TAMS 0x00000007287ffff8, 0x00000007287ffff8| Untracked 
|  50|0x0000000728800000, 0x00000007289fffb8, 0x0000000728a00000| 99%| O|  |TAMS 0x00000007289fffb8, 0x00000007289fffb8| Untracked 
|  51|0x0000000728a00000, 0x0000000728bfffe8, 0x0000000728c00000| 99%| O|  |TAMS 0x0000000728bfffe8, 0x0000000728bfffe8| Untracked 
|  52|0x0000000728c00000, 0x0000000728dfffe8, 0x0000000728e00000| 99%| O|  |TAMS 0x0000000728dfffe8, 0x0000000728dfffe8| Untracked 
|  53|0x0000000728e00000, 0x0000000728fffff0, 0x0000000729000000| 99%| O|  |TAMS 0x0000000728fffff0, 0x0000000728fffff0| Untracked 
|  54|0x0000000729000000, 0x00000007291fe970, 0x0000000729200000| 99%| O|  |TAMS 0x00000007291fe970, 0x00000007291fe970| Untracked 
|  55|0x0000000729200000, 0x00000007293fffe8, 0x0000000729400000| 99%| O|  |TAMS 0x00000007293fffe8, 0x00000007293fffe8| Untracked 
|  56|0x0000000729400000, 0x00000007295ffff0, 0x0000000729600000| 99%| O|  |TAMS 0x00000007295ffff0, 0x00000007295ffff0| Untracked 
|  57|0x0000000729600000, 0x0000000729800000, 0x0000000729800000|100%| O|  |TAMS 0x0000000729800000, 0x0000000729800000| Untracked 
|  58|0x0000000729800000, 0x00000007299fffd8, 0x0000000729a00000| 99%| O|  |TAMS 0x00000007299fffd8, 0x00000007299fffd8| Untracked 
|  59|0x0000000729a00000, 0x0000000729bfffb0, 0x0000000729c00000| 99%| O|  |TAMS 0x0000000729bfffb0, 0x0000000729bfffb0| Untracked 
|  60|0x0000000729c00000, 0x0000000729dffff8, 0x0000000729e00000| 99%| O|  |TAMS 0x0000000729dffff8, 0x0000000729dffff8| Untracked 
|  61|0x0000000729e00000, 0x0000000729ffffb0, 0x000000072a000000| 99%| O|  |TAMS 0x0000000729ffffb0, 0x0000000729ffffb0| Untracked 
|  62|0x000000072a000000, 0x000000072a200000, 0x000000072a200000|100%| O|  |TAMS 0x000000072a200000, 0x000000072a200000| Untracked 
|  63|0x000000072a200000, 0x000000072a3fffc0, 0x000000072a400000| 99%| O|  |TAMS 0x000000072a3fffc0, 0x000000072a3fffc0| Untracked 
|  64|0x000000072a400000, 0x000000072a5ffff0, 0x000000072a600000| 99%| O|  |TAMS 0x000000072a5ffff0, 0x000000072a5ffff0| Untracked 
|  65|0x000000072a600000, 0x000000072a7ffff0, 0x000000072a800000| 99%| O|  |TAMS 0x000000072a7ffff0, 0x000000072a7ffff0| Untracked 
|  66|0x000000072a800000, 0x000000072a9ffff8, 0x000000072aa00000| 99%| O|  |TAMS 0x000000072a9ffff8, 0x000000072a9ffff8| Untracked 
|  67|0x000000072aa00000, 0x000000072abfffe0, 0x000000072ac00000| 99%| O|  |TAMS 0x000000072abfffe0, 0x000000072abfffe0| Untracked 
|  68|0x000000072ac00000, 0x000000072adffff8, 0x000000072ae00000| 99%| O|  |TAMS 0x000000072adffff8, 0x000000072adffff8| Untracked 
|  69|0x000000072ae00000, 0x000000072afffff0, 0x000000072b000000| 99%| O|  |TAMS 0x000000072afffff0, 0x000000072afffff0| Untracked 
|  70|0x000000072b000000, 0x000000072b1fffe0, 0x000000072b200000| 99%| O|  |TAMS 0x000000072b1fffe0, 0x000000072b1fffe0| Untracked 
|  71|0x000000072b200000, 0x000000072b3ffff8, 0x000000072b400000| 99%| O|  |TAMS 0x000000072b3ffff8, 0x000000072b3ffff8| Untracked 
|  72|0x000000072b400000, 0x000000072b5fffe8, 0x000000072b600000| 99%| O|  |TAMS 0x000000072b5fffe8, 0x000000072b5fffe8| Untracked 
|  73|0x000000072b600000, 0x000000072b7ffff0, 0x000000072b800000| 99%| O|  |TAMS 0x000000072b7ffff0, 0x000000072b7ffff0| Untracked 
|  74|0x000000072b800000, 0x000000072b9fffd8, 0x000000072ba00000| 99%| O|  |TAMS 0x000000072b9fffd8, 0x000000072b9fffd8| Untracked 
|  75|0x000000072ba00000, 0x000000072bc00000, 0x000000072bc00000|100%| O|  |TAMS 0x000000072bc00000, 0x000000072bc00000| Untracked 
|  76|0x000000072bc00000, 0x000000072bdffff0, 0x000000072be00000| 99%| O|  |TAMS 0x000000072bdffff0, 0x000000072bdffff0| Untracked 
|  77|0x000000072be00000, 0x000000072bfffff8, 0x000000072c000000| 99%| O|  |TAMS 0x000000072be00000, 0x000000072bfffff8| Untracked 
|  78|0x000000072c000000, 0x000000072c200000, 0x000000072c200000|100%| O|  |TAMS 0x000000072c200000, 0x000000072c200000| Untracked 
|  79|0x000000072c200000, 0x000000072c3ffa18, 0x000000072c400000| 99%| O|  |TAMS 0x000000072c3ffa18, 0x000000072c3ffa18| Untracked 
|  80|0x000000072c400000, 0x000000072c5fffd0, 0x000000072c600000| 99%| O|  |TAMS 0x000000072c5fffd0, 0x000000072c5fffd0| Untracked 
|  81|0x000000072c600000, 0x000000072c7ffff8, 0x000000072c800000| 99%| O|  |TAMS 0x000000072c600000, 0x000000072c7ffff8| Untracked 
|  82|0x000000072c800000, 0x000000072c9ffff0, 0x000000072ca00000| 99%| O|  |TAMS 0x000000072c9ffff0, 0x000000072c9ffff0| Untracked 
|  83|0x000000072ca00000, 0x000000072cbfffc8, 0x000000072cc00000| 99%| O|  |TAMS 0x000000072ca00000, 0x000000072cbfffc8| Untracked 
|  84|0x000000072cc00000, 0x000000072cdfffc0, 0x000000072ce00000| 99%| O|  |TAMS 0x000000072cc00000, 0x000000072cdfffc0| Untracked 
|  85|0x000000072ce00000, 0x000000072cffffe8, 0x000000072d000000| 99%| O|  |TAMS 0x000000072ce00000, 0x000000072cffffe8| Untracked 
|  86|0x000000072d000000, 0x000000072d1ffff8, 0x000000072d200000| 99%| O|  |TAMS 0x000000072d000000, 0x000000072d1ffff8| Untracked 
|  87|0x000000072d200000, 0x000000072d3ffff8, 0x000000072d400000| 99%| O|  |TAMS 0x000000072d200000, 0x000000072d3ffff8| Untracked 
|  88|0x000000072d400000, 0x000000072d5ca068, 0x000000072d600000| 89%| O|  |TAMS 0x000000072d400000, 0x000000072d5ca068| Untracked 
|  89|0x000000072d600000, 0x000000072d7ffff8, 0x000000072d800000| 99%| O|  |TAMS 0x000000072d7ffff8, 0x000000072d7ffff8| Untracked 
|  90|0x000000072d800000, 0x000000072d9bdee8, 0x000000072da00000| 87%| O|  |TAMS 0x000000072d800000, 0x000000072d9bdee8| Untracked 
|  91|0x000000072da00000, 0x000000072da00000, 0x000000072dc00000|  0%| F|  |TAMS 0x000000072da00000, 0x000000072da00000| Untracked 
|  92|0x000000072dc00000, 0x000000072de00000, 0x000000072de00000|100%| O|  |TAMS 0x000000072de00000, 0x000000072de00000| Untracked 
|  93|0x000000072de00000, 0x000000072df193e0, 0x000000072e000000| 54%| O|  |TAMS 0x000000072de00000, 0x000000072df193e0| Untracked 
|  94|0x000000072e000000, 0x000000072e159f90, 0x000000072e200000| 67%| O|  |TAMS 0x000000072e000000, 0x000000072e159f90| Untracked 
|  95|0x000000072e200000, 0x000000072e200000, 0x000000072e400000|  0%| F|  |TAMS 0x000000072e200000, 0x000000072e200000| Untracked 
|  96|0x000000072e400000, 0x000000072e4b8f18, 0x000000072e600000| 36%| O|  |TAMS 0x000000072e400000, 0x000000072e4b8f18| Untracked 
|  97|0x000000072e600000, 0x000000072e748780, 0x000000072e800000| 64%| O|  |TAMS 0x000000072e600000, 0x000000072e748780| Untracked 
|  98|0x000000072e800000, 0x000000072e800000, 0x000000072ea00000|  0%| F|  |TAMS 0x000000072e800000, 0x000000072e800000| Untracked 
|  99|0x000000072ea00000, 0x000000072eb5f7b0, 0x000000072ec00000| 68%| O|  |TAMS 0x000000072ea00000, 0x000000072eb5f7b0| Untracked 
| 100|0x000000072ec00000, 0x000000072ec00000, 0x000000072ee00000|  0%| F|  |TAMS 0x000000072ec00000, 0x000000072ec00000| Untracked 
| 101|0x000000072ee00000, 0x000000072ee9a830, 0x000000072f000000| 30%| O|  |TAMS 0x000000072ee00000, 0x000000072ee9a830| Untracked 
| 102|0x000000072f000000, 0x000000072f000000, 0x000000072f200000|  0%| F|  |TAMS 0x000000072f000000, 0x000000072f000000| Untracked 
| 103|0x000000072f200000, 0x000000072f200000, 0x000000072f400000|  0%| F|  |TAMS 0x000000072f200000, 0x000000072f200000| Untracked 
| 104|0x000000072f400000, 0x000000072f400000, 0x000000072f600000|  0%| F|  |TAMS 0x000000072f400000, 0x000000072f400000| Untracked 
| 105|0x000000072f600000, 0x000000072f600000, 0x000000072f800000|  0%| F|  |TAMS 0x000000072f600000, 0x000000072f600000| Untracked 
| 106|0x000000072f800000, 0x000000072f800000, 0x000000072fa00000|  0%| F|  |TAMS 0x000000072f800000, 0x000000072f800000| Untracked 
| 107|0x000000072fa00000, 0x000000072fc00000, 0x000000072fc00000|100%| O|  |TAMS 0x000000072fc00000, 0x000000072fc00000| Untracked 
| 108|0x000000072fc00000, 0x000000072fc00000, 0x000000072fe00000|  0%| F|  |TAMS 0x000000072fc00000, 0x000000072fc00000| Untracked 
| 109|0x000000072fe00000, 0x000000072fe00000, 0x0000000730000000|  0%| F|  |TAMS 0x000000072fe00000, 0x000000072fe00000| Untracked 
| 110|0x0000000730000000, 0x0000000730000000, 0x0000000730200000|  0%| F|  |TAMS 0x0000000730000000, 0x0000000730000000| Untracked 
| 111|0x0000000730200000, 0x0000000730200000, 0x0000000730400000|  0%| F|  |TAMS 0x0000000730200000, 0x0000000730200000| Untracked 
| 112|0x0000000730400000, 0x0000000730400000, 0x0000000730600000|  0%| F|  |TAMS 0x0000000730400000, 0x0000000730400000| Untracked 
| 113|0x0000000730600000, 0x0000000730600000, 0x0000000730800000|  0%| F|  |TAMS 0x0000000730600000, 0x0000000730600000| Untracked 
| 114|0x0000000730800000, 0x0000000730800000, 0x0000000730a00000|  0%| F|  |TAMS 0x0000000730800000, 0x0000000730800000| Untracked 
| 115|0x0000000730a00000, 0x0000000730a00000, 0x0000000730c00000|  0%| F|  |TAMS 0x0000000730a00000, 0x0000000730a00000| Untracked 
| 116|0x0000000730c00000, 0x0000000730c00000, 0x0000000730e00000|  0%| F|  |TAMS 0x0000000730c00000, 0x0000000730c00000| Untracked 
| 117|0x0000000730e00000, 0x0000000730e00000, 0x0000000731000000|  0%| F|  |TAMS 0x0000000730e00000, 0x0000000730e00000| Untracked 
| 118|0x0000000731000000, 0x0000000731000000, 0x0000000731200000|  0%| F|  |TAMS 0x0000000731000000, 0x0000000731000000| Untracked 
| 119|0x0000000731200000, 0x0000000731200000, 0x0000000731400000|  0%| F|  |TAMS 0x0000000731200000, 0x0000000731200000| Untracked 
| 120|0x0000000731400000, 0x0000000731400000, 0x0000000731600000|  0%| F|  |TAMS 0x0000000731400000, 0x0000000731400000| Untracked 
| 121|0x0000000731600000, 0x0000000731600000, 0x0000000731800000|  0%| F|  |TAMS 0x0000000731600000, 0x0000000731600000| Untracked 
| 122|0x0000000731800000, 0x0000000731800000, 0x0000000731a00000|  0%| F|  |TAMS 0x0000000731800000, 0x0000000731800000| Untracked 
| 123|0x0000000731a00000, 0x0000000731bbcc28, 0x0000000731c00000| 86%| S|CS|TAMS 0x0000000731a00000, 0x0000000731a00000| Complete 
| 124|0x0000000731c00000, 0x0000000731e00000, 0x0000000731e00000|100%| S|CS|TAMS 0x0000000731c00000, 0x0000000731c00000| Complete 
| 125|0x0000000731e00000, 0x0000000732000000, 0x0000000732000000|100%| S|CS|TAMS 0x0000000731e00000, 0x0000000731e00000| Complete 
| 126|0x0000000732000000, 0x0000000732200000, 0x0000000732200000|100%| S|CS|TAMS 0x0000000732000000, 0x0000000732000000| Complete 
| 127|0x0000000732200000, 0x0000000732200000, 0x0000000732400000|  0%| F|  |TAMS 0x0000000732200000, 0x0000000732200000| Untracked 
| 128|0x0000000732400000, 0x0000000732400000, 0x0000000732600000|  0%| F|  |TAMS 0x0000000732400000, 0x0000000732400000| Untracked 
| 129|0x0000000732600000, 0x0000000732600000, 0x0000000732800000|  0%| F|  |TAMS 0x0000000732600000, 0x0000000732600000| Untracked 
| 130|0x0000000732800000, 0x0000000732800000, 0x0000000732a00000|  0%| F|  |TAMS 0x0000000732800000, 0x0000000732800000| Untracked 
| 131|0x0000000732a00000, 0x0000000732a00000, 0x0000000732c00000|  0%| F|  |TAMS 0x0000000732a00000, 0x0000000732a00000| Untracked 
| 132|0x0000000732c00000, 0x0000000732c00000, 0x0000000732e00000|  0%| F|  |TAMS 0x0000000732c00000, 0x0000000732c00000| Untracked 
| 133|0x0000000732e00000, 0x0000000732e00000, 0x0000000733000000|  0%| F|  |TAMS 0x0000000732e00000, 0x0000000732e00000| Untracked 
| 134|0x0000000733000000, 0x0000000733000000, 0x0000000733200000|  0%| F|  |TAMS 0x0000000733000000, 0x0000000733000000| Untracked 
| 135|0x0000000733200000, 0x0000000733200000, 0x0000000733400000|  0%| F|  |TAMS 0x0000000733200000, 0x0000000733200000| Untracked 
| 136|0x0000000733400000, 0x0000000733400000, 0x0000000733600000|  0%| F|  |TAMS 0x0000000733400000, 0x0000000733400000| Untracked 
| 137|0x0000000733600000, 0x0000000733600000, 0x0000000733800000|  0%| F|  |TAMS 0x0000000733600000, 0x0000000733600000| Untracked 
| 138|0x0000000733800000, 0x0000000733800000, 0x0000000733a00000|  0%| F|  |TAMS 0x0000000733800000, 0x0000000733800000| Untracked 
| 139|0x0000000733a00000, 0x0000000733a00000, 0x0000000733c00000|  0%| F|  |TAMS 0x0000000733a00000, 0x0000000733a00000| Untracked 
| 140|0x0000000733c00000, 0x0000000733c00000, 0x0000000733e00000|  0%| F|  |TAMS 0x0000000733c00000, 0x0000000733c00000| Untracked 
| 141|0x0000000733e00000, 0x0000000733e00000, 0x0000000734000000|  0%| F|  |TAMS 0x0000000733e00000, 0x0000000733e00000| Untracked 
| 142|0x0000000734000000, 0x0000000734000000, 0x0000000734200000|  0%| F|  |TAMS 0x0000000734000000, 0x0000000734000000| Untracked 
| 143|0x0000000734200000, 0x0000000734200000, 0x0000000734400000|  0%| F|  |TAMS 0x0000000734200000, 0x0000000734200000| Untracked 
| 144|0x0000000734400000, 0x0000000734400000, 0x0000000734600000|  0%| F|  |TAMS 0x0000000734400000, 0x0000000734400000| Untracked 
| 145|0x0000000734600000, 0x0000000734600000, 0x0000000734800000|  0%| F|  |TAMS 0x0000000734600000, 0x0000000734600000| Untracked 
| 146|0x0000000734800000, 0x0000000734800000, 0x0000000734a00000|  0%| F|  |TAMS 0x0000000734800000, 0x0000000734800000| Untracked 
| 147|0x0000000734a00000, 0x0000000734a00000, 0x0000000734c00000|  0%| F|  |TAMS 0x0000000734a00000, 0x0000000734a00000| Untracked 
| 148|0x0000000734c00000, 0x0000000734c00000, 0x0000000734e00000|  0%| F|  |TAMS 0x0000000734c00000, 0x0000000734c00000| Untracked 
| 149|0x0000000734e00000, 0x0000000734e00000, 0x0000000735000000|  0%| F|  |TAMS 0x0000000734e00000, 0x0000000734e00000| Untracked 
| 150|0x0000000735000000, 0x0000000735000000, 0x0000000735200000|  0%| F|  |TAMS 0x0000000735000000, 0x0000000735000000| Untracked 
| 151|0x0000000735200000, 0x0000000735200000, 0x0000000735400000|  0%| F|  |TAMS 0x0000000735200000, 0x0000000735200000| Untracked 
| 152|0x0000000735400000, 0x0000000735400000, 0x0000000735600000|  0%| F|  |TAMS 0x0000000735400000, 0x0000000735400000| Untracked 
| 153|0x0000000735600000, 0x0000000735600000, 0x0000000735800000|  0%| F|  |TAMS 0x0000000735600000, 0x0000000735600000| Untracked 
| 154|0x0000000735800000, 0x0000000735800000, 0x0000000735a00000|  0%| F|  |TAMS 0x0000000735800000, 0x0000000735800000| Untracked 
| 155|0x0000000735a00000, 0x0000000735a00000, 0x0000000735c00000|  0%| F|  |TAMS 0x0000000735a00000, 0x0000000735a00000| Untracked 
| 156|0x0000000735c00000, 0x0000000735c00000, 0x0000000735e00000|  0%| F|  |TAMS 0x0000000735c00000, 0x0000000735c00000| Untracked 
| 157|0x0000000735e00000, 0x0000000735e00000, 0x0000000736000000|  0%| F|  |TAMS 0x0000000735e00000, 0x0000000735e00000| Untracked 
| 158|0x0000000736000000, 0x0000000736000000, 0x0000000736200000|  0%| F|  |TAMS 0x0000000736000000, 0x0000000736000000| Untracked 
| 159|0x0000000736200000, 0x0000000736200000, 0x0000000736400000|  0%| F|  |TAMS 0x0000000736200000, 0x0000000736200000| Untracked 
| 160|0x0000000736400000, 0x0000000736400000, 0x0000000736600000|  0%| F|  |TAMS 0x0000000736400000, 0x0000000736400000| Untracked 
| 161|0x0000000736600000, 0x0000000736600000, 0x0000000736800000|  0%| F|  |TAMS 0x0000000736600000, 0x0000000736600000| Untracked 
| 162|0x0000000736800000, 0x0000000736831bb8, 0x0000000736a00000|  9%| O|  |TAMS 0x0000000736800000, 0x0000000736831bb8| Untracked 
| 163|0x0000000736a00000, 0x0000000736a00000, 0x0000000736c00000|  0%| F|  |TAMS 0x0000000736a00000, 0x0000000736a00000| Untracked 
| 164|0x0000000736c00000, 0x0000000736c00000, 0x0000000736e00000|  0%| F|  |TAMS 0x0000000736c00000, 0x0000000736c00000| Untracked 
| 165|0x0000000736e00000, 0x0000000736e00000, 0x0000000737000000|  0%| F|  |TAMS 0x0000000736e00000, 0x0000000736e00000| Untracked 
| 166|0x0000000737000000, 0x0000000737000000, 0x0000000737200000|  0%| F|  |TAMS 0x0000000737000000, 0x0000000737000000| Untracked 
| 167|0x0000000737200000, 0x0000000737200000, 0x0000000737400000|  0%| F|  |TAMS 0x0000000737200000, 0x0000000737200000| Untracked 
| 168|0x0000000737400000, 0x0000000737400000, 0x0000000737600000|  0%| F|  |TAMS 0x0000000737400000, 0x0000000737400000| Untracked 
| 169|0x0000000737600000, 0x0000000737600000, 0x0000000737800000|  0%| F|  |TAMS 0x0000000737600000, 0x0000000737600000| Untracked 
| 170|0x0000000737800000, 0x0000000737800000, 0x0000000737a00000|  0%| F|  |TAMS 0x0000000737800000, 0x0000000737800000| Untracked 
| 171|0x0000000737a00000, 0x0000000737a00000, 0x0000000737c00000|  0%| F|  |TAMS 0x0000000737a00000, 0x0000000737a00000| Untracked 
| 172|0x0000000737c00000, 0x0000000737c00000, 0x0000000737e00000|  0%| F|  |TAMS 0x0000000737c00000, 0x0000000737c00000| Untracked 
| 173|0x0000000737e00000, 0x0000000737e00000, 0x0000000738000000|  0%| F|  |TAMS 0x0000000737e00000, 0x0000000737e00000| Untracked 
| 174|0x0000000738000000, 0x0000000738000000, 0x0000000738200000|  0%| F|  |TAMS 0x0000000738000000, 0x0000000738000000| Untracked 
| 175|0x0000000738200000, 0x0000000738200000, 0x0000000738400000|  0%| F|  |TAMS 0x0000000738200000, 0x0000000738200000| Untracked 
| 176|0x0000000738400000, 0x0000000738400000, 0x0000000738600000|  0%| F|  |TAMS 0x0000000738400000, 0x0000000738400000| Untracked 
| 177|0x0000000738600000, 0x0000000738600000, 0x0000000738800000|  0%| F|  |TAMS 0x0000000738600000, 0x0000000738600000| Untracked 
| 178|0x0000000738800000, 0x0000000738800000, 0x0000000738a00000|  0%| F|  |TAMS 0x0000000738800000, 0x0000000738800000| Untracked 
| 179|0x0000000738a00000, 0x0000000738a00000, 0x0000000738c00000|  0%| F|  |TAMS 0x0000000738a00000, 0x0000000738a00000| Untracked 
| 180|0x0000000738c00000, 0x0000000738c00000, 0x0000000738e00000|  0%| F|  |TAMS 0x0000000738c00000, 0x0000000738c00000| Untracked 
| 181|0x0000000738e00000, 0x0000000738e00000, 0x0000000739000000|  0%| F|  |TAMS 0x0000000738e00000, 0x0000000738e00000| Untracked 
| 182|0x0000000739000000, 0x0000000739000000, 0x0000000739200000|  0%| F|  |TAMS 0x0000000739000000, 0x0000000739000000| Untracked 
| 183|0x0000000739200000, 0x0000000739200000, 0x0000000739400000|  0%| F|  |TAMS 0x0000000739200000, 0x0000000739200000| Untracked 
| 184|0x0000000739400000, 0x0000000739400000, 0x0000000739600000|  0%| F|  |TAMS 0x0000000739400000, 0x0000000739400000| Untracked 
| 185|0x0000000739600000, 0x0000000739600000, 0x0000000739800000|  0%| F|  |TAMS 0x0000000739600000, 0x0000000739600000| Untracked 
| 186|0x0000000739800000, 0x0000000739800000, 0x0000000739a00000|  0%| F|  |TAMS 0x0000000739800000, 0x0000000739800000| Untracked 
| 187|0x0000000739a00000, 0x0000000739a00000, 0x0000000739c00000|  0%| F|  |TAMS 0x0000000739a00000, 0x0000000739a00000| Untracked 
| 188|0x0000000739c00000, 0x0000000739c00000, 0x0000000739e00000|  0%| F|  |TAMS 0x0000000739c00000, 0x0000000739c00000| Untracked 
| 189|0x0000000739e00000, 0x0000000739e00000, 0x000000073a000000|  0%| F|  |TAMS 0x0000000739e00000, 0x0000000739e00000| Untracked 
| 190|0x000000073a000000, 0x000000073a000000, 0x000000073a200000|  0%| F|  |TAMS 0x000000073a000000, 0x000000073a000000| Untracked 
| 191|0x000000073a200000, 0x000000073a200000, 0x000000073a400000|  0%| F|  |TAMS 0x000000073a200000, 0x000000073a200000| Untracked 
| 192|0x000000073a400000, 0x000000073a400000, 0x000000073a600000|  0%| F|  |TAMS 0x000000073a400000, 0x000000073a400000| Untracked 
| 193|0x000000073a600000, 0x000000073a600000, 0x000000073a800000|  0%| F|  |TAMS 0x000000073a600000, 0x000000073a600000| Untracked 

Card table byte_map: [0x000001fdc7dc0000,0x000001fdc84b0000] _byte_map_base: 0x000001fdc44ae000

Marking Bits (Prev, Next): (CMBitMap*) 0x000001fdc0d69e70, (CMBitMap*) 0x000001fdc0d69e30
 Prev Bits: [0x000001fdcc310000, 0x000001fdcfa80000)
 Next Bits: [0x000001fdc8ba0000, 0x000001fdcc310000)

Polling page: 0x000001fdbec60000

Metaspace:

Usage:
  Non-class:    204.12 MB used.
      Class:     25.20 MB used.
       Both:    229.31 MB used.

Virtual space:
  Non-class space:      256.00 MB reserved,     205.69 MB ( 80%) committed,  4 nodes.
      Class space:        1.00 GB reserved,      26.62 MB (  3%) committed,  1 nodes.
             Both:        1.25 GB reserved,     232.31 MB ( 18%) committed. 

Chunk freelists:
   Non-Class:  1.89 MB
       Class:  5.30 MB
        Both:  7.19 MB

MaxMetaspaceSize: unlimited
CompressedClassSpaceSize: 1.00 GB
Initial GC threshold: 21.00 MB
Current GC threshold: 386.25 MB
CDS: off
MetaspaceReclaimPolicy: balanced
 - commit_granule_bytes: 65536.
 - commit_granule_words: 8192.
 - virtual_space_node_default_size: 8388608.
 - enlarge_chunks_in_place: 1.
 - new_chunks_are_fully_committed: 0.
 - uncommit_free_chunks: 1.
 - use_allocation_guard: 0.
 - handle_deallocations: 1.


Internal statistics:

num_allocs_failed_limit: 9.
num_arena_births: 20072.
num_arena_deaths: 15978.
num_vsnodes_births: 5.
num_vsnodes_deaths: 0.
num_space_committed: 5248.
num_space_uncommitted: 1531.
num_chunks_returned_to_freelist: 33454.
num_chunks_taken_from_freelist: 51486.
num_chunk_merges: 7749.
num_chunk_splits: 20470.
num_chunks_enlarged: 10024.
num_inconsistent_stats: 0.

CodeCache: size=49152Kb used=43241Kb max_used=48609Kb free=5911Kb
 bounds [0x000001fdc43a0000, 0x000001fdc7320000, 0x000001fdc73a0000]
 total_blobs=19464 nmethods=18638 adapters=749
 compilation: enabled
              stopped_count=0, restarted_count=0
 full_count=0

Compilation events (20 events):
Event: 61670.162 Thread 0x000001fde02ed060 nmethod 117363 0x000001fdc66a8290 code [0x000001fdc66a8480, 0x000001fdc66a87a8]
Event: 61670.162 Thread 0x000001fde02ee5a0 nmethod 117362 0x000001fdc49e6390 code [0x000001fdc49e65a0, 0x000001fdc49e6ba8]
Event: 61670.165 Thread 0x000001fde02ee5a0 117364       1       org.springframework.core.annotation.TypeMappedAnnotations::spliterator (14 bytes)
Event: 61670.165 Thread 0x000001fde02ed060 117365       1       org.springframework.core.annotation.TypeMappedAnnotations$AggregatesSpliterator::<init> (25 bytes)
Event: 61670.165 Thread 0x000001fde02ed060 nmethod 117365 0x000001fdc6744a90 code [0x000001fdc6744c20, 0x000001fdc6744e38]
Event: 61670.165 Thread 0x000001fde02ee5a0 nmethod 117364 0x000001fdc6750610 code [0x000001fdc67507c0, 0x000001fdc6750a88]
Event: 61670.167 Thread 0x000001fde02ee5a0 117366       1       java.io.File::getPrefixLength (5 bytes)
Event: 61670.167 Thread 0x000001fde02ee5a0 nmethod 117366 0x000001fdc6306e10 code [0x000001fdc6306fa0, 0x000001fdc6307098]
Event: 61670.176 Thread 0x000001fde02ee5a0 117367       1       org.springframework.core.annotation.TypeMappedAnnotations::stream (24 bytes)
Event: 61670.177 Thread 0x000001fde02ee5a0 nmethod 117367 0x000001fdc7282310 code [0x000001fdc7282500, 0x000001fdc7282988]
Event: 61670.389 Thread 0x000001fde02ee5a0 117368       1       org.hibernate.annotations.common.reflection.java.JavaXMember::isArray (8 bytes)
Event: 61670.389 Thread 0x000001fde02ee5a0 nmethod 117368 0x000001fdc5fb7710 code [0x000001fdc5fb78a0, 0x000001fdc5fb79c8]
Event: 61670.393 Thread 0x000001fde02ee5a0 117369       1       java.lang.reflect.Field::getDeclaredAnnotations (8 bytes)
Event: 61670.393 Thread 0x000001fde02ee5a0 nmethod 117369 0x000001fdc5bc8990 code [0x000001fdc5bc8b40, 0x000001fdc5bc8cc8]
Event: 61670.393 Thread 0x000001fdd28089d0 117370       1       sun.security.provider.MD5::implCompress (13 bytes)
Event: 61670.393 Thread 0x000001fde02ee5a0 117371       1       sun.security.provider.MD5::implCompressCheck (27 bytes)
Event: 61670.393 Thread 0x000001fde02ee5a0 nmethod 117371 0x000001fdc5eb2190 code [0x000001fdc5eb2340, 0x000001fdc5eb2578]
Event: 61670.393 Thread 0x000001fdd28089d0 nmethod 117370 0x000001fdc68e2510 code [0x000001fdc68e26c0, 0x000001fdc68e2928]
Event: 61670.399 Thread 0x000001fdd28089d0 117372       1       org.hibernate.LockOptions::<init> (22 bytes)
Event: 61670.400 Thread 0x000001fdd28089d0 nmethod 117372 0x000001fdc6126610 code [0x000001fdc61267a0, 0x000001fdc61268f8]

GC Heap History (20 events):
Event: 61660.211 GC heap after
{Heap after GC invocations=1923 (full 162):
 garbage-first heap   total 368640K, used 187943K [0x0000000722400000, 0x0000000800000000)
  region size 2048K, 3 young (6144K), 3 survivors (6144K)
 Metaspace       used 232621K, committed 235648K, reserved 1310720K
  class space    used 25611K, committed 27008K, reserved 1048576K
}
Event: 61660.786 GC heap before
{Heap before GC invocations=1924 (full 162):
 garbage-first heap   total 368640K, used 308775K [0x0000000722400000, 0x0000000800000000)
  region size 2048K, 62 young (126976K), 3 survivors (6144K)
 Metaspace       used 232629K, committed 235648K, reserved 1310720K
  class space    used 25611K, committed 27008K, reserved 1048576K
}
Event: 61660.790 GC heap after
{Heap after GC invocations=1925 (full 162):
 garbage-first heap   total 368640K, used 192063K [0x0000000722400000, 0x0000000800000000)
  region size 2048K, 5 young (10240K), 5 survivors (10240K)
 Metaspace       used 232629K, committed 235648K, reserved 1310720K
  class space    used 25611K, committed 27008K, reserved 1048576K
}
Event: 61663.620 GC heap before
{Heap before GC invocations=1925 (full 162):
 garbage-first heap   total 368640K, used 233023K [0x0000000722400000, 0x0000000800000000)
  region size 2048K, 26 young (53248K), 5 survivors (10240K)
 Metaspace       used 232641K, committed 235648K, reserved 1310720K
  class space    used 25614K, committed 27008K, reserved 1048576K
}
Event: 61663.709 GC heap after
{Heap after GC invocations=1926 (full 163):
 garbage-first heap   total 368640K, used 184286K [0x0000000722400000, 0x0000000800000000)
  region size 2048K, 0 young (0K), 0 survivors (0K)
 Metaspace       used 232621K, committed 235648K, reserved 1310720K
  class space    used 25610K, committed 27008K, reserved 1048576K
}
Event: 61664.392 GC heap before
{Heap before GC invocations=1926 (full 163):
 garbage-first heap   total 368640K, used 303070K [0x0000000722400000, 0x0000000800000000)
  region size 2048K, 58 young (118784K), 0 survivors (0K)
 Metaspace       used 233171K, committed 236224K, reserved 1310720K
  class space    used 25663K, committed 27072K, reserved 1048576K
}
Event: 61664.395 GC heap after
{Heap after GC invocations=1927 (full 163):
 garbage-first heap   total 368640K, used 191693K [0x0000000722400000, 0x0000000800000000)
  region size 2048K, 4 young (8192K), 4 survivors (8192K)
 Metaspace       used 233171K, committed 236224K, reserved 1310720K
  class space    used 25663K, committed 27072K, reserved 1048576K
}
Event: 61665.574 GC heap before
{Heap before GC invocations=1928 (full 163):
 garbage-first heap   total 368640K, used 302285K [0x0000000722400000, 0x0000000800000000)
  region size 2048K, 58 young (118784K), 4 survivors (8192K)
 Metaspace       used 233523K, committed 236608K, reserved 1310720K
  class space    used 25696K, committed 27136K, reserved 1048576K
}
Event: 61665.578 GC heap after
{Heap after GC invocations=1929 (full 163):
 garbage-first heap   total 368640K, used 195068K [0x0000000722400000, 0x0000000800000000)
  region size 2048K, 6 young (12288K), 6 survivors (12288K)
 Metaspace       used 233523K, committed 236608K, reserved 1310720K
  class space    used 25696K, committed 27136K, reserved 1048576K
}
Event: 61665.591 GC heap before
{Heap before GC invocations=1929 (full 163):
 garbage-first heap   total 368640K, used 201212K [0x0000000722400000, 0x0000000800000000)
  region size 2048K, 9 young (18432K), 6 survivors (12288K)
 Metaspace       used 233559K, committed 236608K, reserved 1310720K
  class space    used 25699K, committed 27136K, reserved 1048576K
}
Event: 61665.594 GC heap after
{Heap after GC invocations=1930 (full 163):
 garbage-first heap   total 368640K, used 196481K [0x0000000722400000, 0x0000000800000000)
  region size 2048K, 1 young (2048K), 1 survivors (2048K)
 Metaspace       used 233559K, committed 236608K, reserved 1310720K
  class space    used 25699K, committed 27136K, reserved 1048576K
}
Event: 61665.849 GC heap before
{Heap before GC invocations=1930 (full 163):
 garbage-first heap   total 368640K, used 302977K [0x0000000722400000, 0x0000000800000000)
  region size 2048K, 53 young (108544K), 1 survivors (2048K)
 Metaspace       used 234055K, committed 237056K, reserved 1310720K
  class space    used 25730K, committed 27136K, reserved 1048576K
}
Event: 61665.852 GC heap after
{Heap after GC invocations=1931 (full 163):
 garbage-first heap   total 368640K, used 197566K [0x0000000722400000, 0x0000000800000000)
  region size 2048K, 2 young (4096K), 2 survivors (4096K)
 Metaspace       used 234055K, committed 237056K, reserved 1310720K
  class space    used 25730K, committed 27136K, reserved 1048576K
}
Event: 61666.312 GC heap before
{Heap before GC invocations=1932 (full 163):
 garbage-first heap   total 397312K, used 299966K [0x0000000722400000, 0x0000000800000000)
  region size 2048K, 52 young (106496K), 2 survivors (4096K)
 Metaspace       used 234218K, committed 237312K, reserved 1310720K
  class space    used 25740K, committed 27200K, reserved 1048576K
}
Event: 61666.316 GC heap after
{Heap after GC invocations=1933 (full 163):
 garbage-first heap   total 397312K, used 201452K [0x0000000722400000, 0x0000000800000000)
  region size 2048K, 4 young (8192K), 4 survivors (8192K)
 Metaspace       used 234218K, committed 237312K, reserved 1310720K
  class space    used 25740K, committed 27200K, reserved 1048576K
}
Event: 61666.360 GC heap before
{Heap before GC invocations=1933 (full 163):
 garbage-first heap   total 397312K, used 211692K [0x0000000722400000, 0x0000000800000000)
  region size 2048K, 9 young (18432K), 4 survivors (8192K)
 Metaspace       used 234230K, committed 237312K, reserved 1310720K
  class space    used 25741K, committed 27200K, reserved 1048576K
}
Event: 61666.363 GC heap after
{Heap after GC invocations=1934 (full 163):
 garbage-first heap   total 397312K, used 201808K [0x0000000722400000, 0x0000000800000000)
  region size 2048K, 1 young (2048K), 1 survivors (2048K)
 Metaspace       used 234230K, committed 237312K, reserved 1310720K
  class space    used 25741K, committed 27200K, reserved 1048576K
}
Event: 61669.421 GC heap before
{Heap before GC invocations=1934 (full 163):
 garbage-first heap   total 397312K, used 298064K [0x0000000722400000, 0x0000000800000000)
  region size 2048K, 50 young (102400K), 1 survivors (2048K)
 Metaspace       used 234233K, committed 237312K, reserved 1310720K
  class space    used 25742K, committed 27200K, reserved 1048576K
}
Event: 61669.512 GC heap after
{Heap after GC invocations=1935 (full 164):
 garbage-first heap   total 397312K, used 196719K [0x0000000722400000, 0x0000000800000000)
  region size 2048K, 0 young (0K), 0 survivors (0K)
 Metaspace       used 234204K, committed 237312K, reserved 1310720K
  class space    used 25737K, committed 27200K, reserved 1048576K
}
Event: 61670.417 GC heap before
{Heap before GC invocations=1935 (full 164):
 garbage-first heap   total 397312K, used 331887K [0x0000000722400000, 0x0000000800000000)
  region size 2048K, 66 young (135168K), 0 survivors (0K)
 Metaspace       used 234816K, committed 237888K, reserved 1310720K
  class space    used 25801K, committed 27264K, reserved 1048576K
}

Dll operation events (9 events):
Event: 0.014 Loaded shared library C:\sts-4.20.1.RELEASE\plugins\org.eclipse.justj.openjdk.hotspot.jre.full.win32.x86_64_17.0.8.v20230831-1047\jre\bin\java.dll
Event: 0.192 Loaded shared library C:\sts-4.20.1.RELEASE\plugins\org.eclipse.justj.openjdk.hotspot.jre.full.win32.x86_64_17.0.8.v20230831-1047\jre\bin\jimage.dll
Event: 0.203 Loaded shared library C:\sts-4.20.1.RELEASE\plugins\org.eclipse.justj.openjdk.hotspot.jre.full.win32.x86_64_17.0.8.v20230831-1047\jre\bin\net.dll
Event: 0.205 Loaded shared library C:\sts-4.20.1.RELEASE\plugins\org.eclipse.justj.openjdk.hotspot.jre.full.win32.x86_64_17.0.8.v20230831-1047\jre\bin\nio.dll
Event: 0.210 Loaded shared library C:\sts-4.20.1.RELEASE\plugins\org.eclipse.justj.openjdk.hotspot.jre.full.win32.x86_64_17.0.8.v20230831-1047\jre\bin\zip.dll
Event: 0.280 Loaded shared library C:\sts-4.20.1.RELEASE\plugins\org.eclipse.justj.openjdk.hotspot.jre.full.win32.x86_64_17.0.8.v20230831-1047\jre\bin\management.dll
Event: 0.289 Loaded shared library C:\sts-4.20.1.RELEASE\plugins\org.eclipse.justj.openjdk.hotspot.jre.full.win32.x86_64_17.0.8.v20230831-1047\jre\bin\management_ext.dll
Event: 1.305 Loaded shared library C:\sts-4.20.1.RELEASE\plugins\org.eclipse.justj.openjdk.hotspot.jre.full.win32.x86_64_17.0.8.v20230831-1047\jre\bin\sunmscapi.dll
Event: 3.072 Loaded shared library C:\sts-4.20.1.RELEASE\plugins\org.eclipse.justj.openjdk.hotspot.jre.full.win32.x86_64_17.0.8.v20230831-1047\jre\bin\verify.dll

Deoptimization events (20 events):
Event: 61669.784 Thread 0x000001fdd7e2b110 DEOPT PACKING pc=0x000001fdc5f8e391 sp=0x00000062289fd930
Event: 61669.784 Thread 0x000001fdd7e2b110 DEOPT UNPACKING pc=0x000001fdc43f7143 sp=0x00000062289fcdd0 mode 3
Event: 61669.794 Thread 0x000001fdd7e2b110 DEOPT PACKING pc=0x000001fdc55fd0f6 sp=0x00000062289fcf50
Event: 61669.794 Thread 0x000001fdd7e2b110 DEOPT UNPACKING pc=0x000001fdc43f7143 sp=0x00000062289fc440 mode 3
Event: 61669.842 Thread 0x000001fdd7e2b110 DEOPT PACKING pc=0x000001fdc4ed5296 sp=0x00000062289fcba0
Event: 61669.842 Thread 0x000001fdd7e2b110 DEOPT UNPACKING pc=0x000001fdc43f7143 sp=0x00000062289fc0c8 mode 3
Event: 61669.952 Thread 0x000001fdd7e2b110 DEOPT PACKING pc=0x000001fdc72f1f6e sp=0x00000062289fb900
Event: 61669.952 Thread 0x000001fdd7e2b110 DEOPT UNPACKING pc=0x000001fdc43f7143 sp=0x00000062289fae58 mode 3
Event: 61670.123 Thread 0x000001fdd7e2b110 DEOPT PACKING pc=0x000001fdc5e9a0a2 sp=0x00000062289f9dc0
Event: 61670.123 Thread 0x000001fdd7e2b110 DEOPT UNPACKING pc=0x000001fdc43f7143 sp=0x00000062289f9268 mode 3
Event: 61670.132 Thread 0x000001fdd7e2b110 DEOPT PACKING pc=0x000001fdc487b558 sp=0x00000062289fad20
Event: 61670.132 Thread 0x000001fdd7e2b110 DEOPT UNPACKING pc=0x000001fdc43f7143 sp=0x00000062289fa248 mode 3
Event: 61670.132 Thread 0x000001fdd7e2b110 DEOPT PACKING pc=0x000001fdc4815f3e sp=0x00000062289fab10
Event: 61670.132 Thread 0x000001fdd7e2b110 DEOPT UNPACKING pc=0x000001fdc43f7143 sp=0x00000062289fa080 mode 3
Event: 61670.162 Thread 0x000001fdd7e2b110 DEOPT PACKING pc=0x000001fdc508ec07 sp=0x00000062289fbcf0
Event: 61670.162 Thread 0x000001fdd7e2b110 DEOPT UNPACKING pc=0x000001fdc43f7143 sp=0x00000062289fb248 mode 3
Event: 61670.391 Thread 0x000001fdd7e2b110 DEOPT PACKING pc=0x000001fdc49ca40c sp=0x00000062289fc280
Event: 61670.391 Thread 0x000001fdd7e2b110 DEOPT UNPACKING pc=0x000001fdc43f7143 sp=0x00000062289fb720 mode 3
Event: 61670.392 Thread 0x000001fdd7e2b110 DEOPT PACKING pc=0x000001fdc5a62ab2 sp=0x00000062289fd280
Event: 61670.392 Thread 0x000001fdd7e2b110 DEOPT UNPACKING pc=0x000001fdc43f7143 sp=0x00000062289fc720 mode 3

Classes unloaded (20 events):
Event: 61657.855 Thread 0x000001fdd250dea0 Unloading class 0x0000000801a14800 'jdk/internal/reflect/GeneratedSerializationConstructorAccessor2225'
Event: 61657.855 Thread 0x000001fdd250dea0 Unloading class 0x0000000801a14400 'jdk/internal/reflect/GeneratedSerializationConstructorAccessor2224'
Event: 61660.312 Thread 0x000001fdd250dea0 Unloading class 0x0000000801a72000 'jdk/internal/reflect/GeneratedSerializationConstructorAccessor2235'
Event: 61660.312 Thread 0x000001fdd250dea0 Unloading class 0x0000000801a71c00 'jdk/internal/reflect/GeneratedSerializationConstructorAccessor2234'
Event: 61660.312 Thread 0x000001fdd250dea0 Unloading class 0x0000000801a71800 'jdk/internal/reflect/GeneratedSerializationConstructorAccessor2233'
Event: 61663.656 Thread 0x000001fdd250dea0 Unloading class 0x0000000801a7d400 'jdk/internal/reflect/GeneratedSerializationConstructorAccessor2241'
Event: 61663.656 Thread 0x000001fdd250dea0 Unloading class 0x0000000801a7d000 'jdk/internal/reflect/GeneratedSerializationConstructorAccessor2240'
Event: 61663.656 Thread 0x000001fdd250dea0 Unloading class 0x0000000801a7cc00 'jdk/internal/reflect/GeneratedSerializationConstructorAccessor2239'
Event: 61663.656 Thread 0x000001fdd250dea0 Unloading class 0x0000000801a7c800 'jdk/internal/reflect/GeneratedSerializationConstructorAccessor2238'
Event: 61663.656 Thread 0x000001fdd250dea0 Unloading class 0x0000000801a7c400 'jdk/internal/reflect/GeneratedSerializationConstructorAccessor2237'
Event: 61663.656 Thread 0x000001fdd250dea0 Unloading class 0x0000000801a7c000 'jdk/internal/reflect/GeneratedSerializationConstructorAccessor2236'
Event: 61669.459 Thread 0x000001fdd250dea0 Unloading class 0x0000000801aa0000 'jdk/internal/reflect/GeneratedSerializationConstructorAccessor2250'
Event: 61669.459 Thread 0x000001fdd250dea0 Unloading class 0x0000000801a9d400 'jdk/internal/reflect/GeneratedSerializationConstructorAccessor2249'
Event: 61669.459 Thread 0x000001fdd250dea0 Unloading class 0x0000000801a9d000 'jdk/internal/reflect/GeneratedSerializationConstructorAccessor2248'
Event: 61669.459 Thread 0x000001fdd250dea0 Unloading class 0x0000000801a9cc00 'jdk/internal/reflect/GeneratedSerializationConstructorAccessor2247'
Event: 61669.459 Thread 0x000001fdd250dea0 Unloading class 0x0000000801a9c800 'jdk/internal/reflect/GeneratedSerializationConstructorAccessor2246'
Event: 61669.459 Thread 0x000001fdd250dea0 Unloading class 0x0000000801a9c400 'jdk/internal/reflect/GeneratedSerializationConstructorAccessor2245'
Event: 61669.459 Thread 0x000001fdd250dea0 Unloading class 0x0000000801a94c00 'jdk/internal/reflect/GeneratedSerializationConstructorAccessor2244'
Event: 61669.459 Thread 0x000001fdd250dea0 Unloading class 0x0000000801a94800 'jdk/internal/reflect/GeneratedSerializationConstructorAccessor2243'
Event: 61669.459 Thread 0x000001fdd250dea0 Unloading class 0x0000000801a94400 'jdk/internal/reflect/GeneratedSerializationConstructorAccessor2242'

Classes redefined (0 events):
No events

Internal exceptions (20 events):
Event: 61669.933 Thread 0x000001fdd7e2b110 Exception <a 'java/lang/NoClassDefFoundError'{0x0000000736a73ba0}: org/springframework/batch/core/repository/JobRepository> (0x0000000736a73ba0) 
thrown [s\src\hotspot\share\oops\constantPool.cpp, line 835]
Event: 61669.933 Thread 0x000001fdd7e2b110 Exception <a 'java/lang/NoClassDefFoundError'{0x0000000736a741e8}: org/quartz/Scheduler> (0x0000000736a741e8) 
thrown [s\src\hotspot\share\oops\constantPool.cpp, line 835]
Event: 61669.933 Thread 0x000001fdd7e2b110 Exception <a 'java/lang/NoClassDefFoundError'{0x0000000736a74858}: org/springframework/session/jdbc/JdbcIndexedSessionRepository> (0x0000000736a74858) 
thrown [s\src\hotspot\share\oops\constantPool.cpp, line 835]
Event: 61669.938 Thread 0x000001fdd7e2b110 Exception <a 'java/lang/NoClassDefFoundError'{0x0000000736b24ad0}: org/jooq/DSLContext> (0x0000000736b24ad0) 
thrown [s\src\hotspot\share\oops\constantPool.cpp, line 835]
Event: 61669.950 Thread 0x000001fdd7e2b110 Exception <a 'java/lang/ArrayIndexOutOfBoundsException'{0x0000000736746318}> (0x0000000736746318) 
thrown [s\src\hotspot\share\runtime\sharedRuntime.cpp, line 628]
Event: 61669.950 Thread 0x000001fdd7e2b110 Exception <a 'java/lang/ArrayIndexOutOfBoundsException'{0x00000007367468e0}> (0x00000007367468e0) 
thrown [s\src\hotspot\share\runtime\sharedRuntime.cpp, line 628]
Event: 61669.952 Thread 0x000001fdd7e2b110 Exception <a 'java/lang/ArrayIndexOutOfBoundsException'{0x0000000736777600}> (0x0000000736777600) 
thrown [s\src\hotspot\share\runtime\sharedRuntime.cpp, line 628]
Event: 61669.952 Thread 0x000001fdd7e2b110 Exception <a 'java/lang/ArrayIndexOutOfBoundsException'{0x0000000736777bc8}> (0x0000000736777bc8) 
thrown [s\src\hotspot\share\runtime\sharedRuntime.cpp, line 628]
Event: 61669.953 Thread 0x000001fdd7e2b110 Exception <a 'java/lang/ArrayIndexOutOfBoundsException'{0x00000007367b3060}> (0x00000007367b3060) 
thrown [s\src\hotspot\share\runtime\sharedRuntime.cpp, line 628]
Event: 61669.953 Thread 0x000001fdd7e2b110 Exception <a 'java/lang/ArrayIndexOutOfBoundsException'{0x00000007367b3628}> (0x00000007367b3628) 
thrown [s\src\hotspot\share\runtime\sharedRuntime.cpp, line 628]
Event: 61669.953 Thread 0x000001fdd7e2b110 Exception <a 'java/lang/ArrayIndexOutOfBoundsException'{0x00000007367d5270}> (0x00000007367d5270) 
thrown [s\src\hotspot\share\runtime\sharedRuntime.cpp, line 628]
Event: 61669.953 Thread 0x000001fdd7e2b110 Exception <a 'java/lang/ArrayIndexOutOfBoundsException'{0x00000007367d5838}> (0x00000007367d5838) 
thrown [s\src\hotspot\share\runtime\sharedRuntime.cpp, line 628]
Event: 61669.954 Thread 0x000001fdd7e2b110 Exception <a 'java/lang/ArrayIndexOutOfBoundsException'{0x0000000736410a18}> (0x0000000736410a18) 
thrown [s\src\hotspot\share\runtime\sharedRuntime.cpp, line 628]
Event: 61669.954 Thread 0x000001fdd7e2b110 Exception <a 'java/lang/ArrayIndexOutOfBoundsException'{0x0000000736410fe0}> (0x0000000736410fe0) 
thrown [s\src\hotspot\share\runtime\sharedRuntime.cpp, line 628]
Event: 61670.046 Thread 0x000001fdd7e2b110 Exception <a 'sun/nio/fs/WindowsException'{0x0000000734e88fc0}> (0x0000000734e88fc0) 
thrown [s\src\hotspot\share\prims\jni.cpp, line 516]
Event: 61670.046 Thread 0x000001fdd7e2b110 Exception <a 'sun/nio/fs/WindowsException'{0x0000000734e89628}> (0x0000000734e89628) 
thrown [s\src\hotspot\share\prims\jni.cpp, line 516]
Event: 61670.046 Thread 0x000001fdd7e2b110 Exception <a 'sun/nio/fs/WindowsException'{0x0000000734e89d00}> (0x0000000734e89d00) 
thrown [s\src\hotspot\share\prims\jni.cpp, line 516]
Event: 61670.058 Thread 0x000001fdd7e2b110 Exception <a 'java/io/FileNotFoundException'{0x0000000734ee73b8}> (0x0000000734ee73b8) 
thrown [s\src\hotspot\share\prims\jni.cpp, line 516]
Event: 61670.167 Thread 0x000001fdd7e2b110 Exception <a 'java/io/FileNotFoundException'{0x0000000733a24d38}> (0x0000000733a24d38) 
thrown [s\src\hotspot\share\prims\jni.cpp, line 516]
Event: 61670.215 Thread 0x000001fdd7e2b110 Exception <a 'sun/nio/fs/WindowsException'{0x0000000732e01798}> (0x0000000732e01798) 
thrown [s\src\hotspot\share\prims\jni.cpp, line 516]

VM Operations (20 events):
Event: 61665.578 Executing VM operation: G1CollectForAllocation done
Event: 61665.591 Executing VM operation: G1CollectForAllocation
Event: 61665.594 Executing VM operation: G1CollectForAllocation done
Event: 61665.849 Executing VM operation: G1CollectForAllocation
Event: 61665.852 Executing VM operation: G1CollectForAllocation done
Event: 61665.971 Executing VM operation: G1PauseRemark
Event: 61665.977 Executing VM operation: G1PauseRemark done
Event: 61666.022 Executing VM operation: G1PauseCleanup
Event: 61666.022 Executing VM operation: G1PauseCleanup done
Event: 61666.312 Executing VM operation: G1CollectForAllocation
Event: 61666.316 Executing VM operation: G1CollectForAllocation done
Event: 61666.360 Executing VM operation: G1CollectForAllocation
Event: 61666.363 Executing VM operation: G1CollectForAllocation done
Event: 61666.904 Executing VM operation: HandshakeAllThreads
Event: 61666.904 Executing VM operation: HandshakeAllThreads done
Event: 61667.911 Executing VM operation: Cleanup
Event: 61667.911 Executing VM operation: Cleanup done
Event: 61669.420 Executing VM operation: G1CollectFull
Event: 61669.512 Executing VM operation: G1CollectFull done
Event: 61670.417 Executing VM operation: G1CollectForAllocation

Events (20 events):
Event: 61669.277 Thread 0x000001fddfa8c670 Thread exited: 0x000001fddfa8c670
Event: 61669.277 Thread 0x000001fddfa87f90 Thread exited: 0x000001fddfa87f90
Event: 61669.277 Thread 0x000001fddfa8d5a0 Thread exited: 0x000001fddfa8d5a0
Event: 61669.277 Thread 0x000001fddfa87a80 Thread exited: 0x000001fddfa87a80
Event: 61669.279 Thread 0x000001fdd7e2b110 Thread added: 0x000001fdd7e2b110
Event: 61669.279 Thread 0x000001fdda22b090 Thread exited: 0x000001fdda22b090
Event: 61669.279 Thread 0x000001fdda229230 Thread exited: 0x000001fdda229230
Event: 61669.418 Thread 0x000001fdd7e2b110 Thread exited: 0x000001fdd7e2b110
Event: 61669.420 Thread 0x000001fdda228300 Thread exited: 0x000001fdda228300
Event: 61669.420 Thread 0x000001fdd27fc200 Thread exited: 0x000001fdd27fc200
Event: 61669.420 Thread 0x000001fdda228d20 Thread exited: 0x000001fdda228d20
Event: 61669.512 Thread 0x000001fdd7e2b110 Thread added: 0x000001fdd7e2b110
Event: 61669.512 Thread 0x000001fdd7e2b110 Thread exited: 0x000001fdd7e2b110
Event: 61669.513 Thread 0x000001fdd7e2b110 Thread added: 0x000001fdd7e2b110
Event: 61669.606 Thread 0x000001fdd7e2c040 Thread added: 0x000001fdd7e2c040
Event: 61669.633 Thread 0x000001fdd7e2c040 Thread exited: 0x000001fdd7e2c040
Event: 61670.167 Thread 0x000001fdd7e2f7f0 Thread added: 0x000001fdd7e2f7f0
Event: 61670.168 Thread 0x000001fdd7e2c040 Thread added: 0x000001fdd7e2c040
Event: 61670.168 Thread 0x000001fdd7e2d480 Thread added: 0x000001fdd7e2d480
Event: 61670.368 Thread 0x000001fdd7e2dea0 Thread added: 0x000001fdd7e2dea0


Dynamic libraries:
0x00007ff62f470000 - 0x00007ff62f47e000 	C:\sts-4.20.1.RELEASE\plugins\org.eclipse.justj.openjdk.hotspot.jre.full.win32.x86_64_17.0.8.v20230831-1047\jre\bin\javaw.exe
0x00007ffc2c770000 - 0x00007ffc2c987000 	C:\Windows\SYSTEM32\ntdll.dll
0x00007ffc2bd40000 - 0x00007ffc2be04000 	C:\Windows\System32\KERNEL32.DLL
0x00007ffc29c70000 - 0x00007ffc2a016000 	C:\Windows\System32\KERNELBASE.dll
0x00007ffc29ae0000 - 0x00007ffc29bf1000 	C:\Windows\System32\ucrtbase.dll
0x00007ffc06860000 - 0x00007ffc06877000 	C:\sts-4.20.1.RELEASE\plugins\org.eclipse.justj.openjdk.hotspot.jre.full.win32.x86_64_17.0.8.v20230831-1047\jre\bin\jli.dll
0x00007ffc24840000 - 0x00007ffc24859000 	C:\sts-4.20.1.RELEASE\plugins\org.eclipse.justj.openjdk.hotspot.jre.full.win32.x86_64_17.0.8.v20230831-1047\jre\bin\VCRUNTIME140.dll
0x00007ffc2a570000 - 0x00007ffc2a71e000 	C:\Windows\System32\USER32.dll
0x00007ffc2a1e0000 - 0x00007ffc2a206000 	C:\Windows\System32\win32u.dll
0x00007ffc2aad0000 - 0x00007ffc2aaf9000 	C:\Windows\System32\GDI32.dll
0x00007ffc2a020000 - 0x00007ffc2a138000 	C:\Windows\System32\gdi32full.dll
0x00007ffc2a140000 - 0x00007ffc2a1da000 	C:\Windows\System32\msvcp_win.dll
0x00007ffc08e50000 - 0x00007ffc090e3000 	C:\Windows\WinSxS\amd64_microsoft.windows.common-controls_6595b64144ccf1df_6.0.22621.2506_none_270c5ae97388e100\COMCTL32.dll
0x00007ffc2a4c0000 - 0x00007ffc2a567000 	C:\Windows\System32\msvcrt.dll
0x00007ffc2c240000 - 0x00007ffc2c271000 	C:\Windows\System32\IMM32.DLL
0x00007ffc24830000 - 0x00007ffc2483c000 	C:\sts-4.20.1.RELEASE\plugins\org.eclipse.justj.openjdk.hotspot.jre.full.win32.x86_64_17.0.8.v20230831-1047\jre\bin\vcruntime140_1.dll
0x00007ffc068f0000 - 0x00007ffc06981000 	C:\sts-4.20.1.RELEASE\plugins\org.eclipse.justj.openjdk.hotspot.jre.full.win32.x86_64_17.0.8.v20230831-1047\jre\bin\msvcp140.dll
0x00007ffbddf40000 - 0x00007ffbdeb8c000 	C:\sts-4.20.1.RELEASE\plugins\org.eclipse.justj.openjdk.hotspot.jre.full.win32.x86_64_17.0.8.v20230831-1047\jre\bin\server\jvm.dll
0x00007ffc2c280000 - 0x00007ffc2c331000 	C:\Windows\System32\ADVAPI32.dll
0x00007ffc2b090000 - 0x00007ffc2b135000 	C:\Windows\System32\sechost.dll
0x00007ffc2b220000 - 0x00007ffc2b337000 	C:\Windows\System32\RPCRT4.dll
0x00007ffc13af0000 - 0x00007ffc13af9000 	C:\Windows\SYSTEM32\WSOCK32.dll
0x00007ffc299b0000 - 0x00007ffc299fd000 	C:\Windows\SYSTEM32\POWRPROF.dll
0x00007ffc22760000 - 0x00007ffc2276a000 	C:\Windows\SYSTEM32\VERSION.dll
0x00007ffc22ac0000 - 0x00007ffc22af4000 	C:\Windows\SYSTEM32\WINMM.dll
0x00007ffc2bfb0000 - 0x00007ffc2c021000 	C:\Windows\System32\WS2_32.dll
0x00007ffc29990000 - 0x00007ffc299a3000 	C:\Windows\SYSTEM32\UMPDC.dll
0x00007ffc28ae0000 - 0x00007ffc28af8000 	C:\Windows\SYSTEM32\kernel.appcore.dll
0x00007ffc12860000 - 0x00007ffc1286a000 	C:\sts-4.20.1.RELEASE\plugins\org.eclipse.justj.openjdk.hotspot.jre.full.win32.x86_64_17.0.8.v20230831-1047\jre\bin\jimage.dll
0x00007ffc27470000 - 0x00007ffc276a3000 	C:\Windows\SYSTEM32\DBGHELP.DLL
0x00007ffc2c340000 - 0x00007ffc2c6c9000 	C:\Windows\System32\combase.dll
0x00007ffc2b140000 - 0x00007ffc2b217000 	C:\Windows\System32\OLEAUT32.dll
0x00007ffc16aa0000 - 0x00007ffc16ad2000 	C:\Windows\SYSTEM32\dbgcore.DLL
0x00007ffc2a380000 - 0x00007ffc2a3fa000 	C:\Windows\System32\bcryptPrimitives.dll
0x00007ffc06830000 - 0x00007ffc06855000 	C:\sts-4.20.1.RELEASE\plugins\org.eclipse.justj.openjdk.hotspot.jre.full.win32.x86_64_17.0.8.v20230831-1047\jre\bin\java.dll
0x00007ffc06810000 - 0x00007ffc06828000 	C:\sts-4.20.1.RELEASE\plugins\org.eclipse.justj.openjdk.hotspot.jre.full.win32.x86_64_17.0.8.v20230831-1047\jre\bin\zip.dll
0x00007ffc2b340000 - 0x00007ffc2bb9a000 	C:\Windows\System32\SHELL32.dll
0x00007ffc27a00000 - 0x00007ffc282f6000 	C:\Windows\SYSTEM32\windows.storage.dll
0x00007ffc278c0000 - 0x00007ffc279fe000 	C:\Windows\SYSTEM32\wintypes.dll
0x00007ffc2bc20000 - 0x00007ffc2bd13000 	C:\Windows\System32\SHCORE.dll
0x00007ffc2b030000 - 0x00007ffc2b08e000 	C:\Windows\System32\shlwapi.dll
0x00007ffc29a10000 - 0x00007ffc29a36000 	C:\Windows\SYSTEM32\profapi.dll
0x00007ffc067f0000 - 0x00007ffc06809000 	C:\sts-4.20.1.RELEASE\plugins\org.eclipse.justj.openjdk.hotspot.jre.full.win32.x86_64_17.0.8.v20230831-1047\jre\bin\net.dll
0x00007ffc23780000 - 0x00007ffc238b7000 	C:\Windows\SYSTEM32\WINHTTP.dll
0x00007ffc28f60000 - 0x00007ffc28fc9000 	C:\Windows\system32\mswsock.dll
0x00007ffc067d0000 - 0x00007ffc067e5000 	C:\sts-4.20.1.RELEASE\plugins\org.eclipse.justj.openjdk.hotspot.jre.full.win32.x86_64_17.0.8.v20230831-1047\jre\bin\nio.dll
0x00007ffc267d0000 - 0x00007ffc267d9000 	C:\sts-4.20.1.RELEASE\plugins\org.eclipse.justj.openjdk.hotspot.jre.full.win32.x86_64_17.0.8.v20230831-1047\jre\bin\management.dll
0x00007ffc267c0000 - 0x00007ffc267cb000 	C:\sts-4.20.1.RELEASE\plugins\org.eclipse.justj.openjdk.hotspot.jre.full.win32.x86_64_17.0.8.v20230831-1047\jre\bin\management_ext.dll
0x00007ffc2c0e0000 - 0x00007ffc2c0e8000 	C:\Windows\System32\PSAPI.DLL
0x00007ffc0ebf0000 - 0x00007ffc0ec07000 	C:\Windows\system32\napinsp.dll
0x00007ffc0d5b0000 - 0x00007ffc0d5cb000 	C:\Windows\system32\pnrpnsp.dll
0x00007ffc285d0000 - 0x00007ffc286c9000 	C:\Windows\SYSTEM32\DNSAPI.dll
0x00007ffc285a0000 - 0x00007ffc285cd000 	C:\Windows\SYSTEM32\IPHLPAPI.DLL
0x00007ffc2c6d0000 - 0x00007ffc2c6d9000 	C:\Windows\System32\NSI.dll
0x00007ffc0d470000 - 0x00007ffc0d481000 	C:\Windows\System32\winrnr.dll
0x00007ffc0d450000 - 0x00007ffc0d465000 	C:\Windows\system32\wshbth.dll
0x00007ffc0d420000 - 0x00007ffc0d441000 	C:\Windows\system32\nlansp_c.dll
0x00007ffc20940000 - 0x00007ffc2094a000 	C:\Windows\System32\rasadhlp.dll
0x00007ffc22890000 - 0x00007ffc22913000 	C:\Windows\System32\fwpuclnt.dll
0x00007ffc291b0000 - 0x00007ffc291cb000 	C:\Windows\SYSTEM32\CRYPTSP.dll
0x00007ffc28a40000 - 0x00007ffc28a75000 	C:\Windows\system32\rsaenh.dll
0x00007ffc29050000 - 0x00007ffc2907c000 	C:\Windows\SYSTEM32\USERENV.dll
0x00007ffc293a0000 - 0x00007ffc293c8000 	C:\Windows\SYSTEM32\bcrypt.dll
0x00007ffc291d0000 - 0x00007ffc291dc000 	C:\Windows\SYSTEM32\CRYPTBASE.dll
0x00007ffc23b10000 - 0x00007ffc23b29000 	C:\Windows\SYSTEM32\dhcpcsvc6.DLL
0x00007ffc23950000 - 0x00007ffc2396f000 	C:\Windows\SYSTEM32\dhcpcsvc.DLL
0x00007ffc17a40000 - 0x00007ffc17a4e000 	C:\sts-4.20.1.RELEASE\plugins\org.eclipse.justj.openjdk.hotspot.jre.full.win32.x86_64_17.0.8.v20230831-1047\jre\bin\sunmscapi.dll
0x00007ffc2a210000 - 0x00007ffc2a376000 	C:\Windows\System32\CRYPT32.dll
0x00007ffc29370000 - 0x00007ffc2939d000 	C:\Windows\SYSTEM32\ncrypt.dll
0x00007ffc29330000 - 0x00007ffc29367000 	C:\Windows\SYSTEM32\NTASN1.dll
0x00007ffc067c0000 - 0x00007ffc067d0000 	C:\sts-4.20.1.RELEASE\plugins\org.eclipse.justj.openjdk.hotspot.jre.full.win32.x86_64_17.0.8.v20230831-1047\jre\bin\verify.dll
0x00007ffc26080000 - 0x00007ffc26088000 	C:\Windows\system32\wshunix.dll

dbghelp: loaded successfully - version: 4.0.5 - missing functions: none
symbol engine: initialized successfully - sym options: 0x614 - pdb path: .;C:\sts-4.20.1.RELEASE\plugins\org.eclipse.justj.openjdk.hotspot.jre.full.win32.x86_64_17.0.8.v20230831-1047\jre\bin;C:\Windows\SYSTEM32;C:\Windows\WinSxS\amd64_microsoft.windows.common-controls_6595b64144ccf1df_6.0.22621.2506_none_270c5ae97388e100;C:\sts-4.20.1.RELEASE\plugins\org.eclipse.justj.openjdk.hotspot.jre.full.win32.x86_64_17.0.8.v20230831-1047\jre\bin\server

VM Arguments:
jvm_args: -Dcom.sun.management.jmxremote -Dcom.sun.management.jmxremote.port=60389 -Dcom.sun.management.jmxremote.authenticate=false -Dcom.sun.management.jmxremote.ssl=false -Djava.rmi.server.hostname=localhost -Dspring.jmx.enabled=true -Dmanagement.endpoints.jmx.exposure.include=* -Dspring.application.admin.enabled=true -XX:TieredStopAtLevel=1 -Dspring.boot.project.name=noninoni -Dfile.encoding=UTF-8 -Dstdout.encoding=UTF-8 -Dstderr.encoding=UTF-8 -XX:+ShowCodeDetailsInExceptionMessages 
java_command: noninoni.NoninoniApplication --spring.output.ansi.enabled=always
java_class_path (initial): C:\Users\82106\Documents\workspace-spring-tool-suite-4-4.20.1.RELEASE\noninoni\bin\main;C:\Users\82106\.gradle\caches\modules-2\files-2.1\org.springframework.boot\spring-boot-configuration-processor\3.2.0\c118a8d5f464983d7298b0f849cb9278f08d1f1e\spring-boot-configuration-processor-3.2.0.jar;C:\Users\82106\.gradle\caches\modules-2\files-2.1\org.projectlombok\lombok\1.18.30\f195ee86e6c896ea47a1d39defbe20eb59cd149d\lombok-1.18.30.jar;C:\Users\82106\.gradle\caches\modules-2\files-2.1\org.springframework.boot\spring-boot-starter-actuator\3.2.0\d5fbcd592486db01da12ae57dfd505d863ef639f\spring-boot-starter-actuator-3.2.0.jar;C:\Users\82106\.gradle\caches\modules-2\files-2.1\org.springframework.boot\spring-boot-starter-data-jpa\3.2.0\6a8ad077a37f8a0cef6949dcfd91a9b2115cade\spring-boot-starter-data-jpa-3.2.0.jar;C:\Users\82106\.gradle\caches\modules-2\files-2.1\org.springframework.boot\spring-boot-starter-security\3.2.0\c692cc94ac3b5bfa9eb47fa04afa5b570a5b24b2\spring-boot-starter-security-3.2.0.jar;C:\Users\82106\.gradle\caches\modules-2\files-2.1\org.springframework.boot\spring-boot-starter-thymeleaf\3.2.0\aafdb22a1cb8f8f7f38786417a39d56de51213ba\spring-boot-starter-thymeleaf-3.2.0.jar;C:\Users\82106\.gradle\caches\modules-2\files-2.1\org.springframework.boot\spring-boot-starter-validation\3.2.0\eef38598ccf9bbcd541c644e934939144cf9fa85\spring-boot-starter-validation-3.2.0.jar;C:\Users\82106\.gradle\caches\modules-2\files-2.1\org.springframework.boot\spring-boot-starter-web\3.2.0\e609f839e7c2ff9c90bc75d7c05dbcbb19315319\spring-boot-starter-web-3.2.0.jar;C:\Users\82106\.gradle\caches\modules-2\files-2.1\org.thymeleaf.extras\thymeleaf-extras-springsecurity6\3.1.2.RELEASE\574c188eb147191e2f162419e9fc780fcf3256d7\thymeleaf-extras-springsecurity6-3.1.2.RELEASE.jar;C:\Users\82106\.gradle\caches\modules-2\files-2.1\org.springframework.boot\spring-boot-starter-oauth2-client\3.2.0\6277b15ff6d3fb1e45587941167f9f4d42a7e77e\spring-boot-starter-oauth2-client-3
Launcher Type: SUN_STANDARD

[Global flags]
     intx CICompilerCount                          = 4                                         {product} {ergonomic}
     uint ConcGCThreads                            = 3                                         {product} {ergonomic}
     uint G1ConcRefinementThreads                  = 10                                        {product} {ergonomic}
   size_t G1HeapRegionSize                         = 2097152                                   {product} {ergonomic}
    uintx GCDrainStackTargetSize                   = 64                                        {product} {ergonomic}
   size_t InitialHeapSize                          = 232783872                                 {product} {ergonomic}
     bool ManagementServer                         = true                                      {product} {command line}
   size_t MarkStackSize                            = 4194304                                   {product} {ergonomic}
   size_t MaxHeapSize                              = 3720347648                                {product} {ergonomic}
   size_t MaxNewSize                               = 2231369728                                {product} {ergonomic}
   size_t MinHeapDeltaBytes                        = 2097152                                   {product} {ergonomic}
   size_t MinHeapSize                              = 8388608                                   {product} {ergonomic}
    uintx NonProfiledCodeHeapSize                  = 0                                      {pd product} {ergonomic}
     bool ProfileInterpreter                       = false                                  {pd product} {command line}
    uintx ProfiledCodeHeapSize                     = 0                                      {pd product} {ergonomic}
     bool ShowCodeDetailsInExceptionMessages       = true                                   {manageable} {command line}
   size_t SoftMaxHeapSize                          = 3720347648                             {manageable} {ergonomic}
     intx TieredStopAtLevel                        = 1                                         {product} {command line}
     bool UseCompressedClassPointers               = true                           {product lp64_product} {ergonomic}
     bool UseCompressedOops                        = true                           {product lp64_product} {ergonomic}
     bool UseG1GC                                  = true                                      {product} {ergonomic}
     bool UseLargePagesIndividualAllocation        = false                                  {pd product} {ergonomic}

Logging:
Log output configuration:
 #0: stdout all=warning uptime,level,tags
 #1: stderr all=off uptime,level,tags

Environment Variables:
JAVA_HOME=C:\java\jdk-17
PATH=C:/sts-4.20.1.RELEASE//plugins/org.eclipse.justj.openjdk.hotspot.jre.full.win32.x86_64_17.0.8.v20230831-1047/jre/bin/server;C:/sts-4.20.1.RELEASE//plugins/org.eclipse.justj.openjdk.hotspot.jre.full.win32.x86_64_17.0.8.v20230831-1047/jre/bin;C:\java\jdk-17\bin;C:\Windows\system32;C:\Windows;C:\Windows\System32\Wbem;C:\Windows\System32\WindowsPowerShell\v1.0\;C:\Windows\System32\OpenSSH\;C:\Program Files\Bandizip\;C:\Program Files\Git\cmd;C:\Users\82106\AppData\Local\Microsoft\WindowsApps;C:\java\jdk-17\bin;;C:\sts-4.20.1.RELEASE;
USERNAME=82106
OS=Windows_NT
PROCESSOR_IDENTIFIER=AMD64 Family 25 Model 80 Stepping 0, AuthenticAMD
TMP=C:\Users\82106\AppData\Local\Temp
TEMP=C:\Users\82106\AppData\Local\Temp



---------------  S Y S T E M  ---------------

OS:
 Windows 11 , 64 bit Build 22621 (10.0.22621.2506)
OS uptime: 1 days 3:25 hours

CPU: total 12 (initial active 12) (12 cores per cpu, 2 threads per core) family 25 model 80 stepping 0 microcode 0x0, cx8, cmov, fxsr, ht, mmx, 3dnowpref, sse, sse2, sse3, ssse3, sse4a, sse4.1, sse4.2, popcnt, lzcnt, tsc, tscinvbit, avx, avx2, aes, erms, clmul, bmi1, bmi2, adx, sha, fma, vzeroupper, clflush, clflushopt
Processor Information for all 12 processors :
  Max Mhz: 2301, Current Mhz: 2301, Mhz Limit: 2301

Memory: 4k page, system-wide physical 14188M (5299M free)
TotalPageFile size 14188M (AvailPageFile size 370M)
current process WorkingSet (physical memory assigned to process): 777M, peak: 791M
current process commit charge ("private bytes"): 843M, peak: 1261M

vm_info: OpenJDK 64-Bit Server VM (17.0.8.1+1) for windows-amd64 JRE (17.0.8.1+1), built on Aug 23 2023 15:29:17 by "admin" with MS VC++ 16.7 (VS2019)

END.
